[NanoDet][06-20 15:59:29]INFO:Setting up data...
loading annotations into memory...
Done (t=0.16s)
creating index...
index created!
loading annotations into memory...
Done (t=0.02s)
creating index...
index created!
[NanoDet][06-20 15:59:29]INFO:Creating model...
model size is  1.0x
init weights...
=> loading pretrained model https://download.pytorch.org/models/shufflenetv2_x1-5666bf0f80.pth
Finish initialize NanoDet-Plus Head.
[NanoDet][06-20 15:59:35]INFO:Skip loading parameter head.gfl_cls.0.weight, required shapetorch.Size([43, 96, 1, 1]), loaded shapetorch.Size([112, 96, 1, 1]).
[NanoDet][06-20 15:59:35]INFO:Skip loading parameter head.gfl_cls.0.bias, required shapetorch.Size([43]), loaded shapetorch.Size([112]).
[NanoDet][06-20 15:59:35]INFO:Skip loading parameter head.gfl_cls.1.weight, required shapetorch.Size([43, 96, 1, 1]), loaded shapetorch.Size([112, 96, 1, 1]).
[NanoDet][06-20 15:59:35]INFO:Skip loading parameter head.gfl_cls.1.bias, required shapetorch.Size([43]), loaded shapetorch.Size([112]).
[NanoDet][06-20 15:59:35]INFO:Skip loading parameter head.gfl_cls.2.weight, required shapetorch.Size([43, 96, 1, 1]), loaded shapetorch.Size([112, 96, 1, 1]).
[NanoDet][06-20 15:59:35]INFO:Skip loading parameter head.gfl_cls.2.bias, required shapetorch.Size([43]), loaded shapetorch.Size([112]).
[NanoDet][06-20 15:59:35]INFO:Skip loading parameter head.gfl_cls.3.weight, required shapetorch.Size([43, 96, 1, 1]), loaded shapetorch.Size([112, 96, 1, 1]).
[NanoDet][06-20 15:59:35]INFO:Skip loading parameter head.gfl_cls.3.bias, required shapetorch.Size([43]), loaded shapetorch.Size([112]).
[NanoDet][06-20 15:59:35]INFO:Skip loading parameter aux_head.gfl_cls.weight, required shapetorch.Size([11, 192, 3, 3]), loaded shapetorch.Size([80, 192, 3, 3]).
[NanoDet][06-20 15:59:35]INFO:Skip loading parameter aux_head.gfl_cls.bias, required shapetorch.Size([11]), loaded shapetorch.Size([80]).
[NanoDet][06-20 15:59:35]INFO:Loaded model weight from weights/nanodet/nanodet-plus-m_416_checkpoint.ckpt
GPU available: True (cuda), used: True
TPU available: False, using: 0 TPU cores
IPU available: False, using: 0 IPUs
HPU available: False, using: 0 HPUs
Restoring states from the checkpoint path at outputs/detect/nanodet-plus-m/model_last.ckpt
[NanoDet][06-20 15:59:35]INFO:Loaded average state from checkpoint.
/root/miniconda3/lib/python3.8/site-packages/pytorch_lightning/callbacks/model_checkpoint.py:338: UserWarning: The dirpath has changed from 'outputs/detect/nanodet-plus-m/NanoDet/2026-06-20-04-08-21/checkpoints' to 'outputs/detect/nanodet-plus-m/NanoDet/2026-06-20-15-59-29/checkpoints', therefore `best_model_score`, `kth_best_model_path`, `kth_value`, `last_model_path` and `best_k_models` won't be reloaded. Only `best_model_path` will be reloaded.
  warnings.warn(
LOCAL_RANK: 0 - CUDA_VISIBLE_DEVICES: [0]

  | Name      | Type        | Params
------------------------------------------
0 | model     | NanoDetPlus | 4.2 M 
1 | avg_model | NanoDetPlus | 4.2 M 
------------------------------------------
8.4 M     Trainable params
0         Non-trainable params
8.4 M     Total params
33.479    Total estimated model params size (MB)
[NanoDet][06-20 15:59:36]INFO:Weight Averaging is enabled
Restored all states from the checkpoint file at outputs/detect/nanodet-plus-m/model_last.ckpt
/root/miniconda3/lib/python3.8/site-packages/torch/functional.py:568: UserWarning: torch.meshgrid: in an upcoming release, it will be required to pass the indexing argument. (Triggered internally at  ../aten/src/ATen/native/TensorShape.cpp:2228.)
  return _VF.meshgrid(tensors, **kwargs)  # type: ignore[attr-defined]
[NanoDet][06-20 15:59:40]INFO:Train|Epoch51/100|Iter23400(1/468)| mem:5.95G| lr:5.09e-05| loss_qfl:0.1905| loss_bbox:0.1671| loss_dfl:0.1579| aux_loss_qfl:0.1381| aux_loss_bbox:0.1561| aux_loss_dfl:0.1543| 
[NanoDet][06-20 16:00:01]INFO:Train|Epoch51/100|Iter23450(51/468)| mem:6.53G| lr:5.09e-05| loss_qfl:0.1801| loss_bbox:0.1983| loss_dfl:0.1553| aux_loss_qfl:0.1534| aux_loss_bbox:0.1651| aux_loss_dfl:0.1456| 
[NanoDet][06-20 16:00:21]INFO:Train|Epoch51/100|Iter23500(101/468)| mem:6.53G| lr:5.09e-05| loss_qfl:0.1937| loss_bbox:0.1883| loss_dfl:0.1609| aux_loss_qfl:0.1520| aux_loss_bbox:0.1549| aux_loss_dfl:0.1498| 
[NanoDet][06-20 16:00:41]INFO:Train|Epoch51/100|Iter23550(151/468)| mem:6.53G| lr:5.09e-05| loss_qfl:0.2665| loss_bbox:0.3336| loss_dfl:0.1910| aux_loss_qfl:0.1938| aux_loss_bbox:0.2914| aux_loss_dfl:0.1794| 
Premature end of JPEG file
[NanoDet][06-20 16:01:01]INFO:Train|Epoch51/100|Iter23600(201/468)| mem:6.53G| lr:5.09e-05| loss_qfl:0.2015| loss_bbox:0.1971| loss_dfl:0.1676| aux_loss_qfl:0.1450| aux_loss_bbox:0.1800| aux_loss_dfl:0.1608| 
[NanoDet][06-20 16:01:21]INFO:Train|Epoch51/100|Iter23650(251/468)| mem:6.53G| lr:5.09e-05| loss_qfl:0.2185| loss_bbox:0.2502| loss_dfl:0.1744| aux_loss_qfl:0.1733| aux_loss_bbox:0.2163| aux_loss_dfl:0.1637| 
[NanoDet][06-20 16:01:41]INFO:Train|Epoch51/100|Iter23700(301/468)| mem:6.53G| lr:5.09e-05| loss_qfl:0.2255| loss_bbox:0.1755| loss_dfl:0.1474| aux_loss_qfl:0.1620| aux_loss_bbox:0.1652| aux_loss_dfl:0.1450| 
[NanoDet][06-20 16:02:01]INFO:Train|Epoch51/100|Iter23750(351/468)| mem:6.54G| lr:5.09e-05| loss_qfl:0.2739| loss_bbox:0.2319| loss_dfl:0.1790| aux_loss_qfl:0.2193| aux_loss_bbox:0.2252| aux_loss_dfl:0.1728| 
Premature end of JPEG file
[NanoDet][06-20 16:02:21]INFO:Train|Epoch51/100|Iter23800(401/468)| mem:6.54G| lr:5.09e-05| loss_qfl:0.2218| loss_bbox:0.2072| loss_dfl:0.1616| aux_loss_qfl:0.1664| aux_loss_bbox:0.1939| aux_loss_dfl:0.1535| 
[NanoDet][06-20 16:02:41]INFO:Train|Epoch51/100|Iter23850(451/468)| mem:6.54G| lr:5.09e-05| loss_qfl:0.2729| loss_bbox:0.2552| loss_dfl:0.1784| aux_loss_qfl:0.2450| aux_loss_bbox:0.2374| aux_loss_dfl:0.1741| 
[NanoDet][06-20 16:03:03]INFO:Train|Epoch52/100|Iter23900(33/468)| mem:6.54G| lr:5.37e-05| loss_qfl:0.1764| loss_bbox:0.2008| loss_dfl:0.1701| aux_loss_qfl:0.1325| aux_loss_bbox:0.1848| aux_loss_dfl:0.1636| 
Premature end of JPEG file
[NanoDet][06-20 16:03:23]INFO:Train|Epoch52/100|Iter23950(83/468)| mem:6.54G| lr:5.37e-05| loss_qfl:0.2489| loss_bbox:0.1743| loss_dfl:0.1583| aux_loss_qfl:0.1976| aux_loss_bbox:0.1617| aux_loss_dfl:0.1556| 
[NanoDet][06-20 16:03:43]INFO:Train|Epoch52/100|Iter24000(133/468)| mem:6.54G| lr:5.37e-05| loss_qfl:0.2321| loss_bbox:0.2301| loss_dfl:0.1603| aux_loss_qfl:0.1868| aux_loss_bbox:0.2038| aux_loss_dfl:0.1518| 
[NanoDet][06-20 16:04:03]INFO:Train|Epoch52/100|Iter24050(183/468)| mem:6.54G| lr:5.37e-05| loss_qfl:0.2560| loss_bbox:0.2450| loss_dfl:0.1954| aux_loss_qfl:0.1848| aux_loss_bbox:0.2312| aux_loss_dfl:0.1858| 
[NanoDet][06-20 16:04:23]INFO:Train|Epoch52/100|Iter24100(233/468)| mem:6.54G| lr:5.37e-05| loss_qfl:0.2366| loss_bbox:0.2269| loss_dfl:0.1709| aux_loss_qfl:0.1908| aux_loss_bbox:0.2030| aux_loss_dfl:0.1625| 
[NanoDet][06-20 16:04:43]INFO:Train|Epoch52/100|Iter24150(283/468)| mem:6.54G| lr:5.37e-05| loss_qfl:0.1843| loss_bbox:0.2172| loss_dfl:0.1691| aux_loss_qfl:0.1313| aux_loss_bbox:0.2002| aux_loss_dfl:0.1631| 
[NanoDet][06-20 16:05:03]INFO:Train|Epoch52/100|Iter24200(333/468)| mem:6.54G| lr:5.37e-05| loss_qfl:0.1711| loss_bbox:0.2549| loss_dfl:0.1864| aux_loss_qfl:0.1322| aux_loss_bbox:0.2241| aux_loss_dfl:0.1729| 
[NanoDet][06-20 16:05:23]INFO:Train|Epoch52/100|Iter24250(383/468)| mem:6.54G| lr:5.37e-05| loss_qfl:0.1771| loss_bbox:0.1965| loss_dfl:0.1529| aux_loss_qfl:0.1532| aux_loss_bbox:0.1813| aux_loss_dfl:0.1464| 
Premature end of JPEG file
[NanoDet][06-20 16:05:43]INFO:Train|Epoch52/100|Iter24300(433/468)| mem:6.54G| lr:5.37e-05| loss_qfl:0.1659| loss_bbox:0.2105| loss_dfl:0.1682| aux_loss_qfl:0.1042| aux_loss_bbox:0.1917| aux_loss_dfl:0.1621| 
[NanoDet][06-20 16:06:04]INFO:Train|Epoch53/100|Iter24350(15/468)| mem:6.54G| lr:5.84e-05| loss_qfl:0.3294| loss_bbox:0.2360| loss_dfl:0.1747| aux_loss_qfl:0.2543| aux_loss_bbox:0.2147| aux_loss_dfl:0.1677| 
Premature end of JPEG file
Premature end of JPEG file
[NanoDet][06-20 16:06:24]INFO:Train|Epoch53/100|Iter24400(65/468)| mem:6.54G| lr:5.84e-05| loss_qfl:0.1991| loss_bbox:0.2251| loss_dfl:0.1653| aux_loss_qfl:0.1504| aux_loss_bbox:0.1923| aux_loss_dfl:0.1538| 
[NanoDet][06-20 16:06:45]INFO:Train|Epoch53/100|Iter24450(115/468)| mem:6.54G| lr:5.84e-05| loss_qfl:0.2177| loss_bbox:0.2134| loss_dfl:0.1604| aux_loss_qfl:0.1656| aux_loss_bbox:0.2017| aux_loss_dfl:0.1535| 
[NanoDet][06-20 16:07:05]INFO:Train|Epoch53/100|Iter24500(165/468)| mem:6.54G| lr:5.84e-05| loss_qfl:0.1893| loss_bbox:0.2249| loss_dfl:0.1647| aux_loss_qfl:0.1511| aux_loss_bbox:0.1957| aux_loss_dfl:0.1537| 
[NanoDet][06-20 16:07:25]INFO:Train|Epoch53/100|Iter24550(215/468)| mem:6.54G| lr:5.84e-05| loss_qfl:0.1861| loss_bbox:0.1703| loss_dfl:0.1549| aux_loss_qfl:0.1306| aux_loss_bbox:0.1412| aux_loss_dfl:0.1456| 
[NanoDet][06-20 16:07:45]INFO:Train|Epoch53/100|Iter24600(265/468)| mem:6.54G| lr:5.84e-05| loss_qfl:0.1559| loss_bbox:0.1800| loss_dfl:0.1460| aux_loss_qfl:0.1228| aux_loss_bbox:0.1672| aux_loss_dfl:0.1403| 
[NanoDet][06-20 16:08:05]INFO:Train|Epoch53/100|Iter24650(315/468)| mem:6.54G| lr:5.84e-05| loss_qfl:0.1779| loss_bbox:0.1806| loss_dfl:0.1512| aux_loss_qfl:0.1347| aux_loss_bbox:0.1752| aux_loss_dfl:0.1474| 
[NanoDet][06-20 16:08:25]INFO:Train|Epoch53/100|Iter24700(365/468)| mem:6.54G| lr:5.84e-05| loss_qfl:0.2128| loss_bbox:0.2145| loss_dfl:0.1600| aux_loss_qfl:0.1556| aux_loss_bbox:0.2017| aux_loss_dfl:0.1578| 
[NanoDet][06-20 16:08:45]INFO:Train|Epoch53/100|Iter24750(415/468)| mem:6.54G| lr:5.84e-05| loss_qfl:0.2032| loss_bbox:0.2133| loss_dfl:0.1572| aux_loss_qfl:0.1411| aux_loss_bbox:0.1953| aux_loss_dfl:0.1503| 
[NanoDet][06-20 16:09:04]INFO:Train|Epoch53/100|Iter24800(465/468)| mem:6.54G| lr:5.84e-05| loss_qfl:0.2483| loss_bbox:0.2112| loss_dfl:0.1617| aux_loss_qfl:0.1827| aux_loss_bbox:0.1876| aux_loss_dfl:0.1518| 
Premature end of JPEG file
[NanoDet][06-20 16:09:26]INFO:Train|Epoch54/100|Iter24850(47/468)| mem:6.54G| lr:6.49e-05| loss_qfl:0.2189| loss_bbox:0.2833| loss_dfl:0.1830| aux_loss_qfl:0.1743| aux_loss_bbox:0.2641| aux_loss_dfl:0.1785| 
[NanoDet][06-20 16:09:46]INFO:Train|Epoch54/100|Iter24900(97/468)| mem:6.54G| lr:6.49e-05| loss_qfl:0.2235| loss_bbox:0.2417| loss_dfl:0.1701| aux_loss_qfl:0.1787| aux_loss_bbox:0.2118| aux_loss_dfl:0.1628| 
[NanoDet][06-20 16:10:06]INFO:Train|Epoch54/100|Iter24950(147/468)| mem:6.54G| lr:6.49e-05| loss_qfl:0.2125| loss_bbox:0.2155| loss_dfl:0.1667| aux_loss_qfl:0.1530| aux_loss_bbox:0.2186| aux_loss_dfl:0.1645| 
[NanoDet][06-20 16:10:26]INFO:Train|Epoch54/100|Iter25000(197/468)| mem:6.54G| lr:6.49e-05| loss_qfl:0.2107| loss_bbox:0.2001| loss_dfl:0.1692| aux_loss_qfl:0.1614| aux_loss_bbox:0.1764| aux_loss_dfl:0.1590| 
[NanoDet][06-20 16:10:46]INFO:Train|Epoch54/100|Iter25050(247/468)| mem:6.54G| lr:6.49e-05| loss_qfl:0.1789| loss_bbox:0.2522| loss_dfl:0.1754| aux_loss_qfl:0.1393| aux_loss_bbox:0.2183| aux_loss_dfl:0.1649| 
Premature end of JPEG file
[NanoDet][06-20 16:11:06]INFO:Train|Epoch54/100|Iter25100(297/468)| mem:6.54G| lr:6.49e-05| loss_qfl:0.2000| loss_bbox:0.2220| loss_dfl:0.1641| aux_loss_qfl:0.1353| aux_loss_bbox:0.1991| aux_loss_dfl:0.1584| 
[NanoDet][06-20 16:11:26]INFO:Train|Epoch54/100|Iter25150(347/468)| mem:6.54G| lr:6.49e-05| loss_qfl:0.2172| loss_bbox:0.2172| loss_dfl:0.1606| aux_loss_qfl:0.1565| aux_loss_bbox:0.2035| aux_loss_dfl:0.1531| 
[NanoDet][06-20 16:11:46]INFO:Train|Epoch54/100|Iter25200(397/468)| mem:6.54G| lr:6.49e-05| loss_qfl:0.2243| loss_bbox:0.2086| loss_dfl:0.1717| aux_loss_qfl:0.1673| aux_loss_bbox:0.1892| aux_loss_dfl:0.1676| 
[NanoDet][06-20 16:12:06]INFO:Train|Epoch54/100|Iter25250(447/468)| mem:6.54G| lr:6.49e-05| loss_qfl:0.2187| loss_bbox:0.2296| loss_dfl:0.1720| aux_loss_qfl:0.1538| aux_loss_bbox:0.2011| aux_loss_dfl:0.1640| 
[NanoDet][06-20 16:12:27]INFO:Train|Epoch55/100|Iter25300(29/468)| mem:6.54G| lr:7.32e-05| loss_qfl:0.1931| loss_bbox:0.2060| loss_dfl:0.1683| aux_loss_qfl:0.1626| aux_loss_bbox:0.1893| aux_loss_dfl:0.1638| 
Premature end of JPEG file
[NanoDet][06-20 16:12:47]INFO:Train|Epoch55/100|Iter25350(79/468)| mem:6.54G| lr:7.32e-05| loss_qfl:0.1997| loss_bbox:0.1908| loss_dfl:0.1622| aux_loss_qfl:0.1510| aux_loss_bbox:0.1817| aux_loss_dfl:0.1631| 
[NanoDet][06-20 16:13:07]INFO:Train|Epoch55/100|Iter25400(129/468)| mem:6.54G| lr:7.32e-05| loss_qfl:0.1553| loss_bbox:0.2436| loss_dfl:0.1677| aux_loss_qfl:0.1333| aux_loss_bbox:0.2328| aux_loss_dfl:0.1651| 
[NanoDet][06-20 16:13:27]INFO:Train|Epoch55/100|Iter25450(179/468)| mem:6.54G| lr:7.32e-05| loss_qfl:0.2295| loss_bbox:0.2023| loss_dfl:0.1624| aux_loss_qfl:0.1886| aux_loss_bbox:0.1885| aux_loss_dfl:0.1529| 
[NanoDet][06-20 16:13:47]INFO:Train|Epoch55/100|Iter25500(229/468)| mem:6.54G| lr:7.32e-05| loss_qfl:0.1662| loss_bbox:0.2017| loss_dfl:0.1705| aux_loss_qfl:0.1144| aux_loss_bbox:0.1856| aux_loss_dfl:0.1618| 
[NanoDet][06-20 16:14:07]INFO:Train|Epoch55/100|Iter25550(279/468)| mem:6.54G| lr:7.32e-05| loss_qfl:0.2201| loss_bbox:0.2250| loss_dfl:0.1496| aux_loss_qfl:0.1655| aux_loss_bbox:0.2009| aux_loss_dfl:0.1432| 
Premature end of JPEG file
[NanoDet][06-20 16:14:27]INFO:Train|Epoch55/100|Iter25600(329/468)| mem:6.54G| lr:7.32e-05| loss_qfl:0.2018| loss_bbox:0.1419| loss_dfl:0.1438| aux_loss_qfl:0.1536| aux_loss_bbox:0.1327| aux_loss_dfl:0.1425| 
[NanoDet][06-20 16:14:47]INFO:Train|Epoch55/100|Iter25650(379/468)| mem:6.54G| lr:7.32e-05| loss_qfl:0.1849| loss_bbox:0.1863| loss_dfl:0.1562| aux_loss_qfl:0.1360| aux_loss_bbox:0.1690| aux_loss_dfl:0.1498| 
[NanoDet][06-20 16:15:07]INFO:Train|Epoch55/100|Iter25700(429/468)| mem:6.54G| lr:7.32e-05| loss_qfl:0.1753| loss_bbox:0.2156| loss_dfl:0.1732| aux_loss_qfl:0.1592| aux_loss_bbox:0.2041| aux_loss_dfl:0.1698| 
[NanoDet][06-20 16:15:28]INFO:Train|Epoch56/100|Iter25750(11/468)| mem:6.54G| lr:8.34e-05| loss_qfl:0.1090| loss_bbox:0.1621| loss_dfl:0.1446| aux_loss_qfl:0.0796| aux_loss_bbox:0.1582| aux_loss_dfl:0.1391| 
[NanoDet][06-20 16:15:48]INFO:Train|Epoch56/100|Iter25800(61/468)| mem:6.54G| lr:8.34e-05| loss_qfl:0.2336| loss_bbox:0.1895| loss_dfl:0.1560| aux_loss_qfl:0.1583| aux_loss_bbox:0.1760| aux_loss_dfl:0.1444| 
[NanoDet][06-20 16:16:08]INFO:Train|Epoch56/100|Iter25850(111/468)| mem:6.54G| lr:8.34e-05| loss_qfl:0.1995| loss_bbox:0.2446| loss_dfl:0.1649| aux_loss_qfl:0.1463| aux_loss_bbox:0.2211| aux_loss_dfl:0.1572| 
[NanoDet][06-20 16:16:28]INFO:Train|Epoch56/100|Iter25900(161/468)| mem:6.54G| lr:8.34e-05| loss_qfl:0.2303| loss_bbox:0.2122| loss_dfl:0.1619| aux_loss_qfl:0.1848| aux_loss_bbox:0.2059| aux_loss_dfl:0.1608| 
[NanoDet][06-20 16:16:48]INFO:Train|Epoch56/100|Iter25950(211/468)| mem:6.54G| lr:8.34e-05| loss_qfl:0.2095| loss_bbox:0.2008| loss_dfl:0.1521| aux_loss_qfl:0.1550| aux_loss_bbox:0.1818| aux_loss_dfl:0.1468| 
Premature end of JPEG file
[NanoDet][06-20 16:18:50]INFO:Train|Epoch56/100|Iter26000(261/468)| mem:6.54G| lr:8.34e-05| loss_qfl:0.2501| loss_bbox:0.1450| loss_dfl:0.1371| aux_loss_qfl:0.2005| aux_loss_bbox:0.1214| aux_loss_dfl:0.1320| 
[NanoDet][06-20 16:20:56]INFO:Train|Epoch56/100|Iter26050(311/468)| mem:6.54G| lr:8.34e-05| loss_qfl:0.2254| loss_bbox:0.2161| loss_dfl:0.1638| aux_loss_qfl:0.1746| aux_loss_bbox:0.2004| aux_loss_dfl:0.1565| 
Premature end of JPEG file
[NanoDet][06-20 16:23:09]INFO:Train|Epoch56/100|Iter26100(361/468)| mem:6.54G| lr:8.34e-05| loss_qfl:0.2172| loss_bbox:0.1678| loss_dfl:0.1424| aux_loss_qfl:0.1402| aux_loss_bbox:0.1549| aux_loss_dfl:0.1373| 
[NanoDet][06-20 16:25:22]INFO:Train|Epoch56/100|Iter26150(411/468)| mem:6.54G| lr:8.34e-05| loss_qfl:0.2376| loss_bbox:0.2672| loss_dfl:0.1890| aux_loss_qfl:0.2036| aux_loss_bbox:0.2496| aux_loss_dfl:0.1768| 
[NanoDet][06-20 16:27:21]INFO:Train|Epoch56/100|Iter26200(461/468)| mem:6.54G| lr:8.34e-05| loss_qfl:0.2482| loss_bbox:0.3256| loss_dfl:0.1769| aux_loss_qfl:0.2051| aux_loss_bbox:0.3037| aux_loss_dfl:0.1686| 
[NanoDet][06-20 16:29:36]INFO:Train|Epoch57/100|Iter26250(43/468)| mem:6.54G| lr:9.52e-05| loss_qfl:0.1860| loss_bbox:0.2424| loss_dfl:0.1747| aux_loss_qfl:0.1568| aux_loss_bbox:0.2185| aux_loss_dfl:0.1668| 
[NanoDet][06-20 16:32:12]INFO:Train|Epoch57/100|Iter26300(93/468)| mem:6.54G| lr:9.52e-05| loss_qfl:0.1799| loss_bbox:0.2196| loss_dfl:0.1544| aux_loss_qfl:0.1378| aux_loss_bbox:0.1911| aux_loss_dfl:0.1461| 
[NanoDet][06-20 16:34:43]INFO:Train|Epoch57/100|Iter26350(143/468)| mem:6.54G| lr:9.52e-05| loss_qfl:0.2462| loss_bbox:0.2411| loss_dfl:0.1622| aux_loss_qfl:0.1839| aux_loss_bbox:0.2109| aux_loss_dfl:0.1533| 
[NanoDet][06-20 16:35:03]INFO:Train|Epoch57/100|Iter26400(193/468)| mem:6.54G| lr:9.52e-05| loss_qfl:0.2581| loss_bbox:0.3214| loss_dfl:0.2032| aux_loss_qfl:0.2104| aux_loss_bbox:0.2840| aux_loss_dfl:0.1890| 
[NanoDet][06-20 16:35:23]INFO:Train|Epoch57/100|Iter26450(243/468)| mem:6.54G| lr:9.52e-05| loss_qfl:0.1852| loss_bbox:0.2041| loss_dfl:0.1583| aux_loss_qfl:0.1268| aux_loss_bbox:0.1914| aux_loss_dfl:0.1545| 
Premature end of JPEG file
[NanoDet][06-20 16:35:43]INFO:Train|Epoch57/100|Iter26500(293/468)| mem:6.54G| lr:9.52e-05| loss_qfl:0.2501| loss_bbox:0.1841| loss_dfl:0.1634| aux_loss_qfl:0.1744| aux_loss_bbox:0.1685| aux_loss_dfl:0.1563| 
Premature end of JPEG file
[NanoDet][06-20 16:36:03]INFO:Train|Epoch57/100|Iter26550(343/468)| mem:6.54G| lr:9.52e-05| loss_qfl:0.2214| loss_bbox:0.1847| loss_dfl:0.1600| aux_loss_qfl:0.1467| aux_loss_bbox:0.1653| aux_loss_dfl:0.1510| 
[NanoDet][06-20 16:36:23]INFO:Train|Epoch57/100|Iter26600(393/468)| mem:6.54G| lr:9.52e-05| loss_qfl:0.2073| loss_bbox:0.2563| loss_dfl:0.1864| aux_loss_qfl:0.1646| aux_loss_bbox:0.2382| aux_loss_dfl:0.1810| 
[NanoDet][06-20 16:36:43]INFO:Train|Epoch57/100|Iter26650(443/468)| mem:6.54G| lr:9.52e-05| loss_qfl:0.2123| loss_bbox:0.1644| loss_dfl:0.1430| aux_loss_qfl:0.1550| aux_loss_bbox:0.1536| aux_loss_dfl:0.1381| 
[NanoDet][06-20 16:37:05]INFO:Train|Epoch58/100|Iter26700(25/468)| mem:6.54G| lr:1.09e-04| loss_qfl:0.2141| loss_bbox:0.2372| loss_dfl:0.1767| aux_loss_qfl:0.1599| aux_loss_bbox:0.2255| aux_loss_dfl:0.1687| 
[NanoDet][06-20 16:37:25]INFO:Train|Epoch58/100|Iter26750(75/468)| mem:6.54G| lr:1.09e-04| loss_qfl:0.1804| loss_bbox:0.2199| loss_dfl:0.1651| aux_loss_qfl:0.1360| aux_loss_bbox:0.2006| aux_loss_dfl:0.1611| 
[NanoDet][06-20 16:37:45]INFO:Train|Epoch58/100|Iter26800(125/468)| mem:6.54G| lr:1.09e-04| loss_qfl:0.1736| loss_bbox:0.1914| loss_dfl:0.1529| aux_loss_qfl:0.1179| aux_loss_bbox:0.1794| aux_loss_dfl:0.1477| 
[NanoDet][06-20 16:38:05]INFO:Train|Epoch58/100|Iter26850(175/468)| mem:6.54G| lr:1.09e-04| loss_qfl:0.2207| loss_bbox:0.2105| loss_dfl:0.1555| aux_loss_qfl:0.1735| aux_loss_bbox:0.1963| aux_loss_dfl:0.1514| 
[NanoDet][06-20 16:38:25]INFO:Train|Epoch58/100|Iter26900(225/468)| mem:6.54G| lr:1.09e-04| loss_qfl:0.2117| loss_bbox:0.2093| loss_dfl:0.1687| aux_loss_qfl:0.1679| aux_loss_bbox:0.1975| aux_loss_dfl:0.1623| 
Premature end of JPEG file
Premature end of JPEG file
[NanoDet][06-20 16:38:45]INFO:Train|Epoch58/100|Iter26950(275/468)| mem:6.54G| lr:1.09e-04| loss_qfl:0.2077| loss_bbox:0.2158| loss_dfl:0.1614| aux_loss_qfl:0.1601| aux_loss_bbox:0.1936| aux_loss_dfl:0.1613| 
[NanoDet][06-20 16:39:05]INFO:Train|Epoch58/100|Iter27000(325/468)| mem:6.54G| lr:1.09e-04| loss_qfl:0.2945| loss_bbox:0.2248| loss_dfl:0.1597| aux_loss_qfl:0.2496| aux_loss_bbox:0.2046| aux_loss_dfl:0.1552| 
[NanoDet][06-20 16:39:26]INFO:Train|Epoch58/100|Iter27050(375/468)| mem:6.54G| lr:1.09e-04| loss_qfl:0.2924| loss_bbox:0.2139| loss_dfl:0.1724| aux_loss_qfl:0.2202| aux_loss_bbox:0.1940| aux_loss_dfl:0.1586| 
[NanoDet][06-20 16:39:46]INFO:Train|Epoch58/100|Iter27100(425/468)| mem:6.54G| lr:1.09e-04| loss_qfl:0.1901| loss_bbox:0.2432| loss_dfl:0.1706| aux_loss_qfl:0.1474| aux_loss_bbox:0.2413| aux_loss_dfl:0.1712| 
[NanoDet][06-20 16:40:07]INFO:Train|Epoch59/100|Iter27150(7/468)| mem:6.54G| lr:1.24e-04| loss_qfl:0.2563| loss_bbox:0.2350| loss_dfl:0.1729| aux_loss_qfl:0.2188| aux_loss_bbox:0.2035| aux_loss_dfl:0.1587| 
[NanoDet][06-20 16:40:27]INFO:Train|Epoch59/100|Iter27200(57/468)| mem:6.54G| lr:1.24e-04| loss_qfl:0.1430| loss_bbox:0.1680| loss_dfl:0.1440| aux_loss_qfl:0.1099| aux_loss_bbox:0.1452| aux_loss_dfl:0.1355| 
Premature end of JPEG file
[NanoDet][06-20 16:40:47]INFO:Train|Epoch59/100|Iter27250(107/468)| mem:6.54G| lr:1.24e-04| loss_qfl:0.1753| loss_bbox:0.2012| loss_dfl:0.1618| aux_loss_qfl:0.1254| aux_loss_bbox:0.1876| aux_loss_dfl:0.1558| 
[NanoDet][06-20 16:41:07]INFO:Train|Epoch59/100|Iter27300(157/468)| mem:6.54G| lr:1.24e-04| loss_qfl:0.1996| loss_bbox:0.1659| loss_dfl:0.1519| aux_loss_qfl:0.1632| aux_loss_bbox:0.1419| aux_loss_dfl:0.1464| 
[NanoDet][06-20 16:41:28]INFO:Train|Epoch59/100|Iter27350(207/468)| mem:6.54G| lr:1.24e-04| loss_qfl:0.1569| loss_bbox:0.1667| loss_dfl:0.1426| aux_loss_qfl:0.1405| aux_loss_bbox:0.1524| aux_loss_dfl:0.1388| 
Premature end of JPEG file
[NanoDet][06-20 16:41:48]INFO:Train|Epoch59/100|Iter27400(257/468)| mem:6.54G| lr:1.24e-04| loss_qfl:0.2390| loss_bbox:0.2333| loss_dfl:0.1709| aux_loss_qfl:0.2118| aux_loss_bbox:0.2208| aux_loss_dfl:0.1655| 
[NanoDet][06-20 16:42:08]INFO:Train|Epoch59/100|Iter27450(307/468)| mem:6.54G| lr:1.24e-04| loss_qfl:0.2546| loss_bbox:0.2204| loss_dfl:0.1670| aux_loss_qfl:0.1756| aux_loss_bbox:0.1990| aux_loss_dfl:0.1582| 
[NanoDet][06-20 16:42:28]INFO:Train|Epoch59/100|Iter27500(357/468)| mem:6.54G| lr:1.24e-04| loss_qfl:0.2902| loss_bbox:0.2519| loss_dfl:0.1770| aux_loss_qfl:0.2546| aux_loss_bbox:0.2281| aux_loss_dfl:0.1662| 
[NanoDet][06-20 16:42:48]INFO:Train|Epoch59/100|Iter27550(407/468)| mem:6.54G| lr:1.24e-04| loss_qfl:0.2420| loss_bbox:0.1986| loss_dfl:0.1557| aux_loss_qfl:0.2096| aux_loss_bbox:0.1919| aux_loss_dfl:0.1496| 
[NanoDet][06-20 16:43:08]INFO:Train|Epoch59/100|Iter27600(457/468)| mem:6.54G| lr:1.24e-04| loss_qfl:0.2502| loss_bbox:0.1939| loss_dfl:0.1544| aux_loss_qfl:0.1905| aux_loss_bbox:0.1916| aux_loss_dfl:0.1523| 
[NanoDet][06-20 16:43:30]INFO:Train|Epoch60/100|Iter27650(39/468)| mem:6.54G| lr:1.41e-04| loss_qfl:0.2407| loss_bbox:0.1925| loss_dfl:0.1613| aux_loss_qfl:0.1911| aux_loss_bbox:0.1817| aux_loss_dfl:0.1561| 
Premature end of JPEG file
[NanoDet][06-20 16:43:50]INFO:Train|Epoch60/100|Iter27700(89/468)| mem:6.54G| lr:1.41e-04| loss_qfl:0.2162| loss_bbox:0.2298| loss_dfl:0.1695| aux_loss_qfl:0.1840| aux_loss_bbox:0.2116| aux_loss_dfl:0.1637| 
Premature end of JPEG file
[NanoDet][06-20 16:44:10]INFO:Train|Epoch60/100|Iter27750(139/468)| mem:6.54G| lr:1.41e-04| loss_qfl:0.2269| loss_bbox:0.2297| loss_dfl:0.1649| aux_loss_qfl:0.1708| aux_loss_bbox:0.2092| aux_loss_dfl:0.1563| 
[NanoDet][06-20 16:44:30]INFO:Train|Epoch60/100|Iter27800(189/468)| mem:6.54G| lr:1.41e-04| loss_qfl:0.2156| loss_bbox:0.1754| loss_dfl:0.1418| aux_loss_qfl:0.1618| aux_loss_bbox:0.1652| aux_loss_dfl:0.1345| 
[NanoDet][06-20 16:44:50]INFO:Train|Epoch60/100|Iter27850(239/468)| mem:6.54G| lr:1.41e-04| loss_qfl:0.2686| loss_bbox:0.1986| loss_dfl:0.1643| aux_loss_qfl:0.1991| aux_loss_bbox:0.1755| aux_loss_dfl:0.1557| 
[NanoDet][06-20 16:45:10]INFO:Train|Epoch60/100|Iter27900(289/468)| mem:6.54G| lr:1.41e-04| loss_qfl:0.2518| loss_bbox:0.2338| loss_dfl:0.1767| aux_loss_qfl:0.2193| aux_loss_bbox:0.2019| aux_loss_dfl:0.1665| 
[NanoDet][06-20 16:45:30]INFO:Train|Epoch60/100|Iter27950(339/468)| mem:6.54G| lr:1.41e-04| loss_qfl:0.2155| loss_bbox:0.2367| loss_dfl:0.1869| aux_loss_qfl:0.1762| aux_loss_bbox:0.2269| aux_loss_dfl:0.1769| 
[NanoDet][06-20 16:45:50]INFO:Train|Epoch60/100|Iter28000(389/468)| mem:6.54G| lr:1.41e-04| loss_qfl:0.2385| loss_bbox:0.1850| loss_dfl:0.1541| aux_loss_qfl:0.1976| aux_loss_bbox:0.1716| aux_loss_dfl:0.1511| 
[NanoDet][06-20 16:46:10]INFO:Train|Epoch60/100|Iter28050(439/468)| mem:6.54G| lr:1.41e-04| loss_qfl:0.1738| loss_bbox:0.2156| loss_dfl:0.1719| aux_loss_qfl:0.1328| aux_loss_bbox:0.2018| aux_loss_dfl:0.1669| 
[NanoDet][06-20 16:46:22]INFO:Val|Epoch60/100|Iter28080(1/105)| mem:6.54G| lr:1.59e-04| loss_qfl:0.3465| loss_bbox:0.2806| loss_dfl:0.1897| aux_loss_qfl:0.3054| aux_loss_bbox:0.2530| aux_loss_dfl:0.1787| 
[NanoDet][06-20 16:46:32]INFO:Val|Epoch60/100|Iter28080(51/105)| mem:6.54G| lr:1.59e-04| loss_qfl:0.2316| loss_bbox:0.1697| loss_dfl:0.1688| aux_loss_qfl:0.2190| aux_loss_bbox:0.1540| aux_loss_dfl:0.1605| 
[NanoDet][06-20 16:46:41]INFO:Val|Epoch60/100|Iter28080(101/105)| mem:6.54G| lr:1.59e-04| loss_qfl:0.3307| loss_bbox:0.1962| loss_dfl:0.1710| aux_loss_qfl:0.2622| aux_loss_bbox:0.1761| aux_loss_dfl:0.1617| 
Loading and preparing results...
DONE (t=0.57s)
creating index...
index created!
Running per image evaluation...
Evaluate annotation type *bbox*
DONE (t=5.13s).
Accumulating evaluation results...
DONE (t=1.25s).
[NanoDet][06-20 16:46:51]INFO:
 Average Precision  (AP) @[ IoU=0.50:0.95 | area=   all | maxDets=100 ] = 0.593
 Average Precision  (AP) @[ IoU=0.50      | area=   all | maxDets=100 ] = 0.722
 Average Precision  (AP) @[ IoU=0.75      | area=   all | maxDets=100 ] = 0.651
 Average Precision  (AP) @[ IoU=0.50:0.95 | area= small | maxDets=100 ] = 0.164
 Average Precision  (AP) @[ IoU=0.50:0.95 | area=medium | maxDets=100 ] = 0.289
 Average Precision  (AP) @[ IoU=0.50:0.95 | area= large | maxDets=100 ] = 0.620
 Average Recall     (AR) @[ IoU=0.50:0.95 | area=   all | maxDets=  1 ] = 0.669
 Average Recall     (AR) @[ IoU=0.50:0.95 | area=   all | maxDets= 10 ] = 0.771
 Average Recall     (AR) @[ IoU=0.50:0.95 | area=   all | maxDets=100 ] = 0.780
 Average Recall     (AR) @[ IoU=0.50:0.95 | area= small | maxDets=100 ] = 0.367
 Average Recall     (AR) @[ IoU=0.50:0.95 | area=medium | maxDets=100 ] = 0.525
 Average Recall     (AR) @[ IoU=0.50:0.95 | area= large | maxDets=100 ] = 0.802

[NanoDet][06-20 16:46:51]INFO:
| class   | AP50   | mAP   | class    | AP50   | mAP   |
|:--------|:-------|:------|:---------|:-------|:------|
| bird    | 61.5   | 45.3  | squirrel | 82.9   | 70.1  |
| cat     | 91.2   | 76.5  | dog      | 93.0   | 80.0  |
| raccoon | 54.5   | 41.6  | rabbit   | 86.7   | 70.6  |
| deer    | 79.7   | 61.3  | fox      | 81.2   | 74.3  |
| skunk   | 1.3    | 0.9   | hedgehog | 90.6   | 73.9  |
| bear    | 71.6   | 57.4  |          |        |       |
[NanoDet][06-20 16:46:52]INFO:Saving model to outputs/detect/nanodet-plus-m/model_best/nanodet_model_best.pth
[NanoDet][06-20 16:46:52]INFO:Val_metrics: {'mAP': 0.5925905471989538, 'AP_50': 0.7221173946163071, 'AP_75': 0.6511295746648574, 'AP_small': 0.16362047641736238, 'AP_m': 0.28947715995419915, 'AP_l': 0.6203772938050588}
[NanoDet][06-20 16:47:03]INFO:Train|Epoch61/100|Iter28100(21/468)| mem:6.53G| lr:1.59e-04| loss_qfl:0.2113| loss_bbox:0.2372| loss_dfl:0.1698| aux_loss_qfl:0.1766| aux_loss_bbox:0.2146| aux_loss_dfl:0.1644| 
[NanoDet][06-20 16:47:23]INFO:Train|Epoch61/100|Iter28150(71/468)| mem:6.53G| lr:1.59e-04| loss_qfl:0.2484| loss_bbox:0.2030| loss_dfl:0.1553| aux_loss_qfl:0.2264| aux_loss_bbox:0.1740| aux_loss_dfl:0.1452| 
[NanoDet][06-20 16:47:43]INFO:Train|Epoch61/100|Iter28200(121/468)| mem:6.54G| lr:1.59e-04| loss_qfl:0.2204| loss_bbox:0.1735| loss_dfl:0.1472| aux_loss_qfl:0.1310| aux_loss_bbox:0.1639| aux_loss_dfl:0.1431| 
[NanoDet][06-20 16:48:03]INFO:Train|Epoch61/100|Iter28250(171/468)| mem:6.54G| lr:1.59e-04| loss_qfl:0.2003| loss_bbox:0.2370| loss_dfl:0.1608| aux_loss_qfl:0.1716| aux_loss_bbox:0.2223| aux_loss_dfl:0.1577| 
Premature end of JPEG file
Premature end of JPEG file
[NanoDet][06-20 16:48:23]INFO:Train|Epoch61/100|Iter28300(221/468)| mem:6.54G| lr:1.59e-04| loss_qfl:0.2676| loss_bbox:0.2550| loss_dfl:0.1797| aux_loss_qfl:0.2176| aux_loss_bbox:0.2516| aux_loss_dfl:0.1780| 
[NanoDet][06-20 16:48:43]INFO:Train|Epoch61/100|Iter28350(271/468)| mem:6.54G| lr:1.59e-04| loss_qfl:0.2229| loss_bbox:0.2184| loss_dfl:0.1640| aux_loss_qfl:0.1727| aux_loss_bbox:0.1972| aux_loss_dfl:0.1588| 
[NanoDet][06-20 16:49:03]INFO:Train|Epoch61/100|Iter28400(321/468)| mem:6.54G| lr:1.59e-04| loss_qfl:0.1348| loss_bbox:0.1715| loss_dfl:0.1525| aux_loss_qfl:0.0986| aux_loss_bbox:0.1608| aux_loss_dfl:0.1488| 
[NanoDet][06-20 16:49:23]INFO:Train|Epoch61/100|Iter28450(371/468)| mem:6.54G| lr:1.59e-04| loss_qfl:0.1912| loss_bbox:0.1974| loss_dfl:0.1643| aux_loss_qfl:0.1406| aux_loss_bbox:0.1736| aux_loss_dfl:0.1579| 
[NanoDet][06-20 16:49:43]INFO:Train|Epoch61/100|Iter28500(421/468)| mem:6.54G| lr:1.59e-04| loss_qfl:0.2339| loss_bbox:0.2639| loss_dfl:0.1835| aux_loss_qfl:0.1867| aux_loss_bbox:0.2662| aux_loss_dfl:0.1839| 
[NanoDet][06-20 16:50:05]INFO:Train|Epoch62/100|Iter28550(3/468)| mem:6.54G| lr:1.79e-04| loss_qfl:0.2361| loss_bbox:0.2851| loss_dfl:0.1995| aux_loss_qfl:0.1781| aux_loss_bbox:0.2593| aux_loss_dfl:0.1905| 
[NanoDet][06-20 16:50:25]INFO:Train|Epoch62/100|Iter28600(53/468)| mem:6.54G| lr:1.79e-04| loss_qfl:0.2504| loss_bbox:0.2041| loss_dfl:0.1537| aux_loss_qfl:0.2003| aux_loss_bbox:0.1867| aux_loss_dfl:0.1459| 
[NanoDet][06-20 16:50:45]INFO:Train|Epoch62/100|Iter28650(103/468)| mem:6.54G| lr:1.79e-04| loss_qfl:0.2143| loss_bbox:0.2529| loss_dfl:0.1730| aux_loss_qfl:0.1506| aux_loss_bbox:0.2276| aux_loss_dfl:0.1655| 
[NanoDet][06-20 16:51:05]INFO:Train|Epoch62/100|Iter28700(153/468)| mem:6.54G| lr:1.79e-04| loss_qfl:0.2417| loss_bbox:0.2508| loss_dfl:0.1747| aux_loss_qfl:0.1907| aux_loss_bbox:0.2446| aux_loss_dfl:0.1708| 
[NanoDet][06-20 16:51:25]INFO:Train|Epoch62/100|Iter28750(203/468)| mem:6.54G| lr:1.79e-04| loss_qfl:0.2045| loss_bbox:0.2091| loss_dfl:0.1531| aux_loss_qfl:0.1672| aux_loss_bbox:0.2020| aux_loss_dfl:0.1508| 
[NanoDet][06-20 16:51:45]INFO:Train|Epoch62/100|Iter28800(253/468)| mem:6.54G| lr:1.79e-04| loss_qfl:0.2245| loss_bbox:0.2954| loss_dfl:0.1940| aux_loss_qfl:0.1830| aux_loss_bbox:0.2604| aux_loss_dfl:0.1805| 
[NanoDet][06-20 16:52:05]INFO:Train|Epoch62/100|Iter28850(303/468)| mem:6.54G| lr:1.79e-04| loss_qfl:0.2344| loss_bbox:0.2463| loss_dfl:0.1724| aux_loss_qfl:0.2050| aux_loss_bbox:0.2104| aux_loss_dfl:0.1589| 
Premature end of JPEG file
Premature end of JPEG file
[NanoDet][06-20 16:52:25]INFO:Train|Epoch62/100|Iter28900(353/468)| mem:6.54G| lr:1.79e-04| loss_qfl:0.2187| loss_bbox:0.2142| loss_dfl:0.1616| aux_loss_qfl:0.2092| aux_loss_bbox:0.1918| aux_loss_dfl:0.1510| 
[NanoDet][06-20 16:52:45]INFO:Train|Epoch62/100|Iter28950(403/468)| mem:6.54G| lr:1.79e-04| loss_qfl:0.2250| loss_bbox:0.1907| loss_dfl:0.1578| aux_loss_qfl:0.1815| aux_loss_bbox:0.1692| aux_loss_dfl:0.1471| 
[NanoDet][06-20 16:53:05]INFO:Train|Epoch62/100|Iter29000(453/468)| mem:6.54G| lr:1.79e-04| loss_qfl:0.2337| loss_bbox:0.2079| loss_dfl:0.1656| aux_loss_qfl:0.1936| aux_loss_bbox:0.1873| aux_loss_dfl:0.1568| 
[NanoDet][06-20 16:53:26]INFO:Train|Epoch63/100|Iter29050(35/468)| mem:6.54G| lr:2.00e-04| loss_qfl:0.1775| loss_bbox:0.1602| loss_dfl:0.1546| aux_loss_qfl:0.1356| aux_loss_bbox:0.1521| aux_loss_dfl:0.1526| 
Premature end of JPEG file
[NanoDet][06-20 16:53:46]INFO:Train|Epoch63/100|Iter29100(85/468)| mem:6.54G| lr:2.00e-04| loss_qfl:0.2891| loss_bbox:0.2034| loss_dfl:0.1588| aux_loss_qfl:0.2411| aux_loss_bbox:0.1877| aux_loss_dfl:0.1559| 
[NanoDet][06-20 16:54:06]INFO:Train|Epoch63/100|Iter29150(135/468)| mem:6.54G| lr:2.00e-04| loss_qfl:0.2128| loss_bbox:0.2215| loss_dfl:0.1600| aux_loss_qfl:0.1539| aux_loss_bbox:0.1837| aux_loss_dfl:0.1514| 
[NanoDet][06-20 16:54:26]INFO:Train|Epoch63/100|Iter29200(185/468)| mem:6.54G| lr:2.00e-04| loss_qfl:0.1736| loss_bbox:0.2193| loss_dfl:0.1624| aux_loss_qfl:0.1518| aux_loss_bbox:0.1881| aux_loss_dfl:0.1514| 
[NanoDet][06-20 16:54:46]INFO:Train|Epoch63/100|Iter29250(235/468)| mem:6.54G| lr:2.00e-04| loss_qfl:0.2201| loss_bbox:0.2110| loss_dfl:0.1641| aux_loss_qfl:0.1730| aux_loss_bbox:0.1866| aux_loss_dfl:0.1545| 
Premature end of JPEG file
[NanoDet][06-20 16:55:06]INFO:Train|Epoch63/100|Iter29300(285/468)| mem:6.54G| lr:2.00e-04| loss_qfl:0.2370| loss_bbox:0.2347| loss_dfl:0.1920| aux_loss_qfl:0.2017| aux_loss_bbox:0.2259| aux_loss_dfl:0.1895| 
[NanoDet][06-20 16:55:26]INFO:Train|Epoch63/100|Iter29350(335/468)| mem:6.54G| lr:2.00e-04| loss_qfl:0.2263| loss_bbox:0.1919| loss_dfl:0.1563| aux_loss_qfl:0.1835| aux_loss_bbox:0.1870| aux_loss_dfl:0.1554| 
[NanoDet][06-20 16:55:46]INFO:Train|Epoch63/100|Iter29400(385/468)| mem:6.54G| lr:2.00e-04| loss_qfl:0.1936| loss_bbox:0.2417| loss_dfl:0.1582| aux_loss_qfl:0.1571| aux_loss_bbox:0.2139| aux_loss_dfl:0.1499| 
[NanoDet][06-20 16:56:06]INFO:Train|Epoch63/100|Iter29450(435/468)| mem:6.54G| lr:2.00e-04| loss_qfl:0.2484| loss_bbox:0.2263| loss_dfl:0.1630| aux_loss_qfl:0.2003| aux_loss_bbox:0.2058| aux_loss_dfl:0.1545| 
[NanoDet][06-20 16:56:28]INFO:Train|Epoch64/100|Iter29500(17/468)| mem:6.54G| lr:2.22e-04| loss_qfl:0.2201| loss_bbox:0.2551| loss_dfl:0.1770| aux_loss_qfl:0.1651| aux_loss_bbox:0.2339| aux_loss_dfl:0.1702| 
[NanoDet][06-20 16:56:48]INFO:Train|Epoch64/100|Iter29550(67/468)| mem:6.54G| lr:2.22e-04| loss_qfl:0.2914| loss_bbox:0.2574| loss_dfl:0.1864| aux_loss_qfl:0.2905| aux_loss_bbox:0.2460| aux_loss_dfl:0.1783| 
Premature end of JPEG file
[NanoDet][06-20 16:57:08]INFO:Train|Epoch64/100|Iter29600(117/468)| mem:6.54G| lr:2.22e-04| loss_qfl:0.3034| loss_bbox:0.2587| loss_dfl:0.1760| aux_loss_qfl:0.2359| aux_loss_bbox:0.2356| aux_loss_dfl:0.1645| 
Premature end of JPEG file
[NanoDet][06-20 16:57:28]INFO:Train|Epoch64/100|Iter29650(167/468)| mem:6.54G| lr:2.22e-04| loss_qfl:0.2085| loss_bbox:0.2080| loss_dfl:0.1526| aux_loss_qfl:0.1413| aux_loss_bbox:0.2051| aux_loss_dfl:0.1511| 
[NanoDet][06-20 16:57:48]INFO:Train|Epoch64/100|Iter29700(217/468)| mem:6.54G| lr:2.22e-04| loss_qfl:0.1968| loss_bbox:0.1916| loss_dfl:0.1592| aux_loss_qfl:0.1467| aux_loss_bbox:0.1710| aux_loss_dfl:0.1543| 
[NanoDet][06-20 16:58:08]INFO:Train|Epoch64/100|Iter29750(267/468)| mem:6.54G| lr:2.22e-04| loss_qfl:0.2031| loss_bbox:0.2081| loss_dfl:0.1680| aux_loss_qfl:0.1520| aux_loss_bbox:0.1851| aux_loss_dfl:0.1580| 
[NanoDet][06-20 16:58:28]INFO:Train|Epoch64/100|Iter29800(317/468)| mem:6.54G| lr:2.22e-04| loss_qfl:0.2480| loss_bbox:0.2481| loss_dfl:0.1765| aux_loss_qfl:0.1691| aux_loss_bbox:0.2266| aux_loss_dfl:0.1705| 
[NanoDet][06-20 16:58:48]INFO:Train|Epoch64/100|Iter29850(367/468)| mem:6.54G| lr:2.22e-04| loss_qfl:0.2496| loss_bbox:0.2344| loss_dfl:0.1782| aux_loss_qfl:0.2017| aux_loss_bbox:0.2156| aux_loss_dfl:0.1725| 
[NanoDet][06-20 16:59:08]INFO:Train|Epoch64/100|Iter29900(417/468)| mem:6.54G| lr:2.22e-04| loss_qfl:0.3203| loss_bbox:0.2246| loss_dfl:0.1850| aux_loss_qfl:0.2652| aux_loss_bbox:0.2036| aux_loss_dfl:0.1774| 
[NanoDet][06-20 16:59:28]INFO:Train|Epoch64/100|Iter29950(467/468)| mem:6.54G| lr:2.22e-04| loss_qfl:0.2164| loss_bbox:0.2123| loss_dfl:0.1585| aux_loss_qfl:0.1654| aux_loss_bbox:0.1932| aux_loss_dfl:0.1552| 
Premature end of JPEG file
[NanoDet][06-20 16:59:49]INFO:Train|Epoch65/100|Iter30000(49/468)| mem:6.54G| lr:2.46e-04| loss_qfl:0.2556| loss_bbox:0.2523| loss_dfl:0.1714| aux_loss_qfl:0.1945| aux_loss_bbox:0.2332| aux_loss_dfl:0.1603| 
[NanoDet][06-20 17:00:09]INFO:Train|Epoch65/100|Iter30050(99/468)| mem:6.54G| lr:2.46e-04| loss_qfl:0.2898| loss_bbox:0.3297| loss_dfl:0.1897| aux_loss_qfl:0.2671| aux_loss_bbox:0.2800| aux_loss_dfl:0.1823| 
[NanoDet][06-20 17:00:30]INFO:Train|Epoch65/100|Iter30100(149/468)| mem:6.54G| lr:2.46e-04| loss_qfl:0.3638| loss_bbox:0.2793| loss_dfl:0.1981| aux_loss_qfl:0.3016| aux_loss_bbox:0.2435| aux_loss_dfl:0.1782| 
[NanoDet][06-20 17:00:50]INFO:Train|Epoch65/100|Iter30150(199/468)| mem:6.54G| lr:2.46e-04| loss_qfl:0.3322| loss_bbox:0.2522| loss_dfl:0.1796| aux_loss_qfl:0.2556| aux_loss_bbox:0.2395| aux_loss_dfl:0.1700| 
[NanoDet][06-20 17:01:10]INFO:Train|Epoch65/100|Iter30200(249/468)| mem:6.54G| lr:2.46e-04| loss_qfl:0.2780| loss_bbox:0.2996| loss_dfl:0.1882| aux_loss_qfl:0.2337| aux_loss_bbox:0.2809| aux_loss_dfl:0.1782| 
[NanoDet][06-20 17:01:30]INFO:Train|Epoch65/100|Iter30250(299/468)| mem:6.54G| lr:2.46e-04| loss_qfl:0.2484| loss_bbox:0.2052| loss_dfl:0.1539| aux_loss_qfl:0.2045| aux_loss_bbox:0.1882| aux_loss_dfl:0.1461| 
Premature end of JPEG file
[NanoDet][06-20 17:01:50]INFO:Train|Epoch65/100|Iter30300(349/468)| mem:6.54G| lr:2.46e-04| loss_qfl:0.3586| loss_bbox:0.2745| loss_dfl:0.1697| aux_loss_qfl:0.3031| aux_loss_bbox:0.2436| aux_loss_dfl:0.1574| 
[NanoDet][06-20 17:02:10]INFO:Train|Epoch65/100|Iter30350(399/468)| mem:6.54G| lr:2.46e-04| loss_qfl:0.2507| loss_bbox:0.2066| loss_dfl:0.1676| aux_loss_qfl:0.2066| aux_loss_bbox:0.1853| aux_loss_dfl:0.1637| 
[NanoDet][06-20 17:02:30]INFO:Train|Epoch65/100|Iter30400(449/468)| mem:6.54G| lr:2.46e-04| loss_qfl:0.1898| loss_bbox:0.2290| loss_dfl:0.1682| aux_loss_qfl:0.1527| aux_loss_bbox:0.2088| aux_loss_dfl:0.1632| 
[NanoDet][06-20 17:03:26]INFO:Train|Epoch66/100|Iter30450(31/468)| mem:6.54G| lr:2.70e-04| loss_qfl:0.3386| loss_bbox:0.2654| loss_dfl:0.1744| aux_loss_qfl:0.2674| aux_loss_bbox:0.2497| aux_loss_dfl:0.1697| 
[NanoDet][06-20 17:05:26]INFO:Train|Epoch66/100|Iter30500(81/468)| mem:6.54G| lr:2.70e-04| loss_qfl:0.2342| loss_bbox:0.2266| loss_dfl:0.1634| aux_loss_qfl:0.1780| aux_loss_bbox:0.2137| aux_loss_dfl:0.1566| 
Premature end of JPEG file
[NanoDet][06-20 17:07:28]INFO:Train|Epoch66/100|Iter30550(131/468)| mem:6.54G| lr:2.70e-04| loss_qfl:0.2625| loss_bbox:0.2113| loss_dfl:0.1677| aux_loss_qfl:0.2080| aux_loss_bbox:0.1929| aux_loss_dfl:0.1614| 
[NanoDet][06-20 17:09:29]INFO:Train|Epoch66/100|Iter30600(181/468)| mem:6.54G| lr:2.70e-04| loss_qfl:0.2397| loss_bbox:0.1695| loss_dfl:0.1421| aux_loss_qfl:0.2027| aux_loss_bbox:0.1718| aux_loss_dfl:0.1401| 
[NanoDet][06-20 17:11:41]INFO:Train|Epoch66/100|Iter30650(231/468)| mem:6.54G| lr:2.70e-04| loss_qfl:0.1980| loss_bbox:0.1855| loss_dfl:0.1534| aux_loss_qfl:0.1504| aux_loss_bbox:0.1776| aux_loss_dfl:0.1478| 
[NanoDet][06-20 17:13:47]INFO:Train|Epoch66/100|Iter30700(281/468)| mem:6.54G| lr:2.70e-04| loss_qfl:0.2334| loss_bbox:0.2144| loss_dfl:0.1629| aux_loss_qfl:0.1811| aux_loss_bbox:0.2027| aux_loss_dfl:0.1571| 
Premature end of JPEG file
[NanoDet][06-20 17:15:52]INFO:Train|Epoch66/100|Iter30750(331/468)| mem:6.54G| lr:2.70e-04| loss_qfl:0.2648| loss_bbox:0.2556| loss_dfl:0.1721| aux_loss_qfl:0.2336| aux_loss_bbox:0.2341| aux_loss_dfl:0.1630| 
[NanoDet][06-20 17:18:01]INFO:Train|Epoch66/100|Iter30800(381/468)| mem:6.54G| lr:2.70e-04| loss_qfl:0.2261| loss_bbox:0.1852| loss_dfl:0.1530| aux_loss_qfl:0.1777| aux_loss_bbox:0.1752| aux_loss_dfl:0.1489| 
[NanoDet][06-20 17:20:01]INFO:Train|Epoch66/100|Iter30850(431/468)| mem:6.54G| lr:2.70e-04| loss_qfl:0.1937| loss_bbox:0.2244| loss_dfl:0.1737| aux_loss_qfl:0.1532| aux_loss_bbox:0.2131| aux_loss_dfl:0.1673| 
[NanoDet][06-20 17:21:04]INFO:Train|Epoch67/100|Iter30900(13/468)| mem:6.54G| lr:2.96e-04| loss_qfl:0.2077| loss_bbox:0.2400| loss_dfl:0.1610| aux_loss_qfl:0.1792| aux_loss_bbox:0.2132| aux_loss_dfl:0.1475| 
[NanoDet][06-20 17:21:24]INFO:Train|Epoch67/100|Iter30950(63/468)| mem:6.54G| lr:2.96e-04| loss_qfl:0.2846| loss_bbox:0.2482| loss_dfl:0.1741| aux_loss_qfl:0.2285| aux_loss_bbox:0.2259| aux_loss_dfl:0.1648| 
[NanoDet][06-20 17:21:44]INFO:Train|Epoch67/100|Iter31000(113/468)| mem:6.54G| lr:2.96e-04| loss_qfl:0.1969| loss_bbox:0.2299| loss_dfl:0.1536| aux_loss_qfl:0.1581| aux_loss_bbox:0.1999| aux_loss_dfl:0.1439| 
[NanoDet][06-20 17:22:04]INFO:Train|Epoch67/100|Iter31050(163/468)| mem:6.54G| lr:2.96e-04| loss_qfl:0.2903| loss_bbox:0.2945| loss_dfl:0.1794| aux_loss_qfl:0.2863| aux_loss_bbox:0.2550| aux_loss_dfl:0.1654| 
Premature end of JPEG file
[NanoDet][06-20 17:22:24]INFO:Train|Epoch67/100|Iter31100(213/468)| mem:6.54G| lr:2.96e-04| loss_qfl:0.3161| loss_bbox:0.2532| loss_dfl:0.1946| aux_loss_qfl:0.2602| aux_loss_bbox:0.2150| aux_loss_dfl:0.1771| 
[NanoDet][06-20 17:22:44]INFO:Train|Epoch67/100|Iter31150(263/468)| mem:6.54G| lr:2.96e-04| loss_qfl:0.2074| loss_bbox:0.2461| loss_dfl:0.1550| aux_loss_qfl:0.1571| aux_loss_bbox:0.2276| aux_loss_dfl:0.1508| 
[NanoDet][06-20 17:23:04]INFO:Train|Epoch67/100|Iter31200(313/468)| mem:6.54G| lr:2.96e-04| loss_qfl:0.2386| loss_bbox:0.1934| loss_dfl:0.1633| aux_loss_qfl:0.2096| aux_loss_bbox:0.1899| aux_loss_dfl:0.1624| 
Premature end of JPEG file
[NanoDet][06-20 17:23:25]INFO:Train|Epoch67/100|Iter31250(363/468)| mem:6.54G| lr:2.96e-04| loss_qfl:0.2645| loss_bbox:0.2213| loss_dfl:0.1638| aux_loss_qfl:0.2283| aux_loss_bbox:0.2162| aux_loss_dfl:0.1634| 
[NanoDet][06-20 17:23:45]INFO:Train|Epoch67/100|Iter31300(413/468)| mem:6.54G| lr:2.96e-04| loss_qfl:0.2082| loss_bbox:0.2009| loss_dfl:0.1545| aux_loss_qfl:0.1817| aux_loss_bbox:0.1771| aux_loss_dfl:0.1457| 
[NanoDet][06-20 17:24:04]INFO:Train|Epoch67/100|Iter31350(463/468)| mem:6.54G| lr:2.96e-04| loss_qfl:0.2364| loss_bbox:0.1700| loss_dfl:0.1475| aux_loss_qfl:0.1822| aux_loss_bbox:0.1522| aux_loss_dfl:0.1414| 
Premature end of JPEG file
[NanoDet][06-20 17:24:26]INFO:Train|Epoch68/100|Iter31400(45/468)| mem:6.54G| lr:3.23e-04| loss_qfl:0.2915| loss_bbox:0.1941| loss_dfl:0.1579| aux_loss_qfl:0.2027| aux_loss_bbox:0.1873| aux_loss_dfl:0.1515| 
Premature end of JPEG file
[NanoDet][06-20 17:24:46]INFO:Train|Epoch68/100|Iter31450(95/468)| mem:6.54G| lr:3.23e-04| loss_qfl:0.3399| loss_bbox:0.2412| loss_dfl:0.1690| aux_loss_qfl:0.2889| aux_loss_bbox:0.2223| aux_loss_dfl:0.1626| 
[NanoDet][06-20 17:25:06]INFO:Train|Epoch68/100|Iter31500(145/468)| mem:6.54G| lr:3.23e-04| loss_qfl:0.3297| loss_bbox:0.2108| loss_dfl:0.1717| aux_loss_qfl:0.2793| aux_loss_bbox:0.1828| aux_loss_dfl:0.1586| 
[NanoDet][06-20 17:25:27]INFO:Train|Epoch68/100|Iter31550(195/468)| mem:6.54G| lr:3.23e-04| loss_qfl:0.2116| loss_bbox:0.3320| loss_dfl:0.1958| aux_loss_qfl:0.1674| aux_loss_bbox:0.2613| aux_loss_dfl:0.1749| 
[NanoDet][06-20 17:25:47]INFO:Train|Epoch68/100|Iter31600(245/468)| mem:6.54G| lr:3.23e-04| loss_qfl:0.2653| loss_bbox:0.2328| loss_dfl:0.1586| aux_loss_qfl:0.2346| aux_loss_bbox:0.2058| aux_loss_dfl:0.1501| 
[NanoDet][06-20 17:26:07]INFO:Train|Epoch68/100|Iter31650(295/468)| mem:6.54G| lr:3.23e-04| loss_qfl:0.1985| loss_bbox:0.2388| loss_dfl:0.1851| aux_loss_qfl:0.1533| aux_loss_bbox:0.2312| aux_loss_dfl:0.1818| 
[NanoDet][06-20 17:26:27]INFO:Train|Epoch68/100|Iter31700(345/468)| mem:6.54G| lr:3.23e-04| loss_qfl:0.2413| loss_bbox:0.2510| loss_dfl:0.1717| aux_loss_qfl:0.2177| aux_loss_bbox:0.2358| aux_loss_dfl:0.1645| 
[NanoDet][06-20 17:26:47]INFO:Train|Epoch68/100|Iter31750(395/468)| mem:6.54G| lr:3.23e-04| loss_qfl:0.2022| loss_bbox:0.1928| loss_dfl:0.1636| aux_loss_qfl:0.1710| aux_loss_bbox:0.1911| aux_loss_dfl:0.1597| 
[NanoDet][06-20 17:27:07]INFO:Train|Epoch68/100|Iter31800(445/468)| mem:6.54G| lr:3.23e-04| loss_qfl:0.2588| loss_bbox:0.2402| loss_dfl:0.1698| aux_loss_qfl:0.2069| aux_loss_bbox:0.2243| aux_loss_dfl:0.1636| 
[NanoDet][06-20 17:27:29]INFO:Train|Epoch69/100|Iter31850(27/468)| mem:6.54G| lr:3.50e-04| loss_qfl:0.2514| loss_bbox:0.2013| loss_dfl:0.1762| aux_loss_qfl:0.2191| aux_loss_bbox:0.1827| aux_loss_dfl:0.1684| 
[NanoDet][06-20 17:27:49]INFO:Train|Epoch69/100|Iter31900(77/468)| mem:6.54G| lr:3.50e-04| loss_qfl:0.3183| loss_bbox:0.2050| loss_dfl:0.1532| aux_loss_qfl:0.2598| aux_loss_bbox:0.1651| aux_loss_dfl:0.1415| 
[NanoDet][06-20 17:28:09]INFO:Train|Epoch69/100|Iter31950(127/468)| mem:6.54G| lr:3.50e-04| loss_qfl:0.3040| loss_bbox:0.2470| loss_dfl:0.1749| aux_loss_qfl:0.2498| aux_loss_bbox:0.2309| aux_loss_dfl:0.1643| 
[NanoDet][06-20 17:28:29]INFO:Train|Epoch69/100|Iter32000(177/468)| mem:6.54G| lr:3.50e-04| loss_qfl:0.2390| loss_bbox:0.2271| loss_dfl:0.1685| aux_loss_qfl:0.1998| aux_loss_bbox:0.2145| aux_loss_dfl:0.1619| 
[NanoDet][06-20 17:28:50]INFO:Train|Epoch69/100|Iter32050(227/468)| mem:6.54G| lr:3.50e-04| loss_qfl:0.2247| loss_bbox:0.2436| loss_dfl:0.1800| aux_loss_qfl:0.2047| aux_loss_bbox:0.2317| aux_loss_dfl:0.1781| 
[NanoDet][06-20 17:29:10]INFO:Train|Epoch69/100|Iter32100(277/468)| mem:6.54G| lr:3.50e-04| loss_qfl:0.2199| loss_bbox:0.2317| loss_dfl:0.1716| aux_loss_qfl:0.1827| aux_loss_bbox:0.2097| aux_loss_dfl:0.1633| 
[NanoDet][06-20 17:29:31]INFO:Train|Epoch69/100|Iter32150(327/468)| mem:6.54G| lr:3.50e-04| loss_qfl:0.1654| loss_bbox:0.2056| loss_dfl:0.1780| aux_loss_qfl:0.1140| aux_loss_bbox:0.1951| aux_loss_dfl:0.1726| 
Premature end of JPEG file
[NanoDet][06-20 17:29:51]INFO:Train|Epoch69/100|Iter32200(377/468)| mem:6.54G| lr:3.50e-04| loss_qfl:0.3390| loss_bbox:0.2951| loss_dfl:0.1930| aux_loss_qfl:0.2635| aux_loss_bbox:0.2780| aux_loss_dfl:0.1861| 
[NanoDet][06-20 17:30:11]INFO:Train|Epoch69/100|Iter32250(427/468)| mem:6.54G| lr:3.50e-04| loss_qfl:0.2649| loss_bbox:0.2353| loss_dfl:0.1660| aux_loss_qfl:0.2145| aux_loss_bbox:0.2213| aux_loss_dfl:0.1563| 
Premature end of JPEG file
[NanoDet][06-20 17:30:33]INFO:Train|Epoch70/100|Iter32300(9/468)| mem:6.54G| lr:3.78e-04| loss_qfl:0.2852| loss_bbox:0.2713| loss_dfl:0.1732| aux_loss_qfl:0.2258| aux_loss_bbox:0.2446| aux_loss_dfl:0.1661| 
[NanoDet][06-20 17:32:02]INFO:Train|Epoch70/100|Iter32350(59/468)| mem:6.54G| lr:3.78e-04| loss_qfl:0.3365| loss_bbox:0.2298| loss_dfl:0.1662| aux_loss_qfl:0.3043| aux_loss_bbox:0.2187| aux_loss_dfl:0.1594| 
[NanoDet][06-20 17:33:47]INFO:Train|Epoch70/100|Iter32400(109/468)| mem:6.54G| lr:3.78e-04| loss_qfl:0.3833| loss_bbox:0.2706| loss_dfl:0.1749| aux_loss_qfl:0.2956| aux_loss_bbox:0.2370| aux_loss_dfl:0.1641| 
[NanoDet][06-20 17:35:31]INFO:Train|Epoch70/100|Iter32450(159/468)| mem:6.54G| lr:3.78e-04| loss_qfl:0.3127| loss_bbox:0.2797| loss_dfl:0.1761| aux_loss_qfl:0.2801| aux_loss_bbox:0.2425| aux_loss_dfl:0.1613| 
[NanoDet][06-20 17:37:18]INFO:Train|Epoch70/100|Iter32500(209/468)| mem:6.54G| lr:3.78e-04| loss_qfl:0.2528| loss_bbox:0.2626| loss_dfl:0.1663| aux_loss_qfl:0.1942| aux_loss_bbox:0.2297| aux_loss_dfl:0.1556| 
[NanoDet][06-20 17:39:10]INFO:Train|Epoch70/100|Iter32550(259/468)| mem:6.54G| lr:3.78e-04| loss_qfl:0.3123| loss_bbox:0.2207| loss_dfl:0.1823| aux_loss_qfl:0.2652| aux_loss_bbox:0.2077| aux_loss_dfl:0.1803| 
Premature end of JPEG file
[NanoDet][06-20 17:41:04]INFO:Train|Epoch70/100|Iter32600(309/468)| mem:6.54G| lr:3.78e-04| loss_qfl:0.2897| loss_bbox:0.2034| loss_dfl:0.1713| aux_loss_qfl:0.2458| aux_loss_bbox:0.1871| aux_loss_dfl:0.1662| 
Premature end of JPEG file
[NanoDet][06-20 17:42:58]INFO:Train|Epoch70/100|Iter32650(359/468)| mem:6.54G| lr:3.78e-04| loss_qfl:0.2601| loss_bbox:0.2573| loss_dfl:0.1698| aux_loss_qfl:0.2168| aux_loss_bbox:0.2328| aux_loss_dfl:0.1615| 
[NanoDet][06-20 17:44:53]INFO:Train|Epoch70/100|Iter32700(409/468)| mem:6.54G| lr:3.78e-04| loss_qfl:0.2968| loss_bbox:0.2234| loss_dfl:0.1640| aux_loss_qfl:0.2404| aux_loss_bbox:0.2075| aux_loss_dfl:0.1612| 
[NanoDet][06-20 17:45:37]INFO:Train|Epoch70/100|Iter32750(459/468)| mem:6.54G| lr:3.78e-04| loss_qfl:0.2540| loss_bbox:0.2451| loss_dfl:0.1708| aux_loss_qfl:0.1900| aux_loss_bbox:0.2095| aux_loss_dfl:0.1610| 
[NanoDet][06-20 17:45:42]INFO:Val|Epoch70/100|Iter32760(1/105)| mem:6.54G| lr:4.07e-04| loss_qfl:0.3434| loss_bbox:0.2729| loss_dfl:0.1839| aux_loss_qfl:0.3036| aux_loss_bbox:0.2528| aux_loss_dfl:0.1751| 
[NanoDet][06-20 17:45:52]INFO:Val|Epoch70/100|Iter32760(51/105)| mem:6.54G| lr:4.07e-04| loss_qfl:0.2252| loss_bbox:0.1748| loss_dfl:0.1725| aux_loss_qfl:0.2234| aux_loss_bbox:0.1588| aux_loss_dfl:0.1641| 
[NanoDet][06-20 17:46:01]INFO:Val|Epoch70/100|Iter32760(101/105)| mem:6.54G| lr:4.07e-04| loss_qfl:0.3228| loss_bbox:0.1855| loss_dfl:0.1651| aux_loss_qfl:0.2659| aux_loss_bbox:0.1683| aux_loss_dfl:0.1574| 
Loading and preparing results...
DONE (t=0.57s)
creating index...
index created!
Running per image evaluation...
Evaluate annotation type *bbox*
DONE (t=5.06s).
Accumulating evaluation results...
DONE (t=1.18s).
[NanoDet][06-20 17:46:12]INFO:
 Average Precision  (AP) @[ IoU=0.50:0.95 | area=   all | maxDets=100 ] = 0.594
 Average Precision  (AP) @[ IoU=0.50      | area=   all | maxDets=100 ] = 0.724
 Average Precision  (AP) @[ IoU=0.75      | area=   all | maxDets=100 ] = 0.646
 Average Precision  (AP) @[ IoU=0.50:0.95 | area= small | maxDets=100 ] = 0.180
 Average Precision  (AP) @[ IoU=0.50:0.95 | area=medium | maxDets=100 ] = 0.304
 Average Precision  (AP) @[ IoU=0.50:0.95 | area= large | maxDets=100 ] = 0.622
 Average Recall     (AR) @[ IoU=0.50:0.95 | area=   all | maxDets=  1 ] = 0.669
 Average Recall     (AR) @[ IoU=0.50:0.95 | area=   all | maxDets= 10 ] = 0.777
 Average Recall     (AR) @[ IoU=0.50:0.95 | area=   all | maxDets=100 ] = 0.784
 Average Recall     (AR) @[ IoU=0.50:0.95 | area= small | maxDets=100 ] = 0.400
 Average Recall     (AR) @[ IoU=0.50:0.95 | area=medium | maxDets=100 ] = 0.534
 Average Recall     (AR) @[ IoU=0.50:0.95 | area= large | maxDets=100 ] = 0.806

[NanoDet][06-20 17:46:12]INFO:
| class   | AP50   | mAP   | class    | AP50   | mAP   |
|:--------|:-------|:------|:---------|:-------|:------|
| bird    | 61.6   | 45.4  | squirrel | 82.0   | 69.1  |
| cat     | 91.1   | 76.8  | dog      | 93.2   | 80.1  |
| raccoon | 55.8   | 40.7  | rabbit   | 87.0   | 70.5  |
| deer    | 79.9   | 62.3  | fox      | 81.6   | 74.4  |
| skunk   | 1.5    | 1.0   | hedgehog | 90.8   | 76.3  |
| bear    | 71.4   | 57.4  |          |        |       |
[NanoDet][06-20 17:46:12]INFO:Saving model to outputs/detect/nanodet-plus-m/model_best/nanodet_model_best.pth
[NanoDet][06-20 17:46:12]INFO:Val_metrics: {'mAP': 0.5944573099866117, 'AP_50': 0.7237206573854491, 'AP_75': 0.6459228176647325, 'AP_small': 0.1799317761964756, 'AP_m': 0.30356064797417837, 'AP_l': 0.6218387513005983}
[NanoDet][06-20 17:46:31]INFO:Train|Epoch71/100|Iter32800(41/468)| mem:6.54G| lr:4.07e-04| loss_qfl:0.2911| loss_bbox:0.2020| loss_dfl:0.1612| aux_loss_qfl:0.2145| aux_loss_bbox:0.1738| aux_loss_dfl:0.1514| 
[NanoDet][06-20 17:46:51]INFO:Train|Epoch71/100|Iter32850(91/468)| mem:6.54G| lr:4.07e-04| loss_qfl:0.2603| loss_bbox:0.2593| loss_dfl:0.1693| aux_loss_qfl:0.1980| aux_loss_bbox:0.2266| aux_loss_dfl:0.1615| 
[NanoDet][06-20 17:47:11]INFO:Train|Epoch71/100|Iter32900(141/468)| mem:6.54G| lr:4.07e-04| loss_qfl:0.2570| loss_bbox:0.1919| loss_dfl:0.1596| aux_loss_qfl:0.2008| aux_loss_bbox:0.1847| aux_loss_dfl:0.1564| 
Premature end of JPEG file
[NanoDet][06-20 17:47:31]INFO:Train|Epoch71/100|Iter32950(191/468)| mem:6.54G| lr:4.07e-04| loss_qfl:0.2851| loss_bbox:0.2439| loss_dfl:0.1736| aux_loss_qfl:0.2797| aux_loss_bbox:0.2127| aux_loss_dfl:0.1621| 
[NanoDet][06-20 17:47:51]INFO:Train|Epoch71/100|Iter33000(241/468)| mem:6.54G| lr:4.07e-04| loss_qfl:0.2597| loss_bbox:0.2670| loss_dfl:0.1835| aux_loss_qfl:0.1977| aux_loss_bbox:0.2434| aux_loss_dfl:0.1737| 
[NanoDet][06-20 17:48:11]INFO:Train|Epoch71/100|Iter33050(291/468)| mem:6.54G| lr:4.07e-04| loss_qfl:0.2794| loss_bbox:0.2569| loss_dfl:0.1787| aux_loss_qfl:0.2105| aux_loss_bbox:0.2381| aux_loss_dfl:0.1696| 
Premature end of JPEG file
[NanoDet][06-20 17:48:31]INFO:Train|Epoch71/100|Iter33100(341/468)| mem:6.54G| lr:4.07e-04| loss_qfl:0.2612| loss_bbox:0.2338| loss_dfl:0.1750| aux_loss_qfl:0.2001| aux_loss_bbox:0.2024| aux_loss_dfl:0.1631| 
[NanoDet][06-20 17:48:51]INFO:Train|Epoch71/100|Iter33150(391/468)| mem:6.54G| lr:4.07e-04| loss_qfl:0.2882| loss_bbox:0.2606| loss_dfl:0.1809| aux_loss_qfl:0.2461| aux_loss_bbox:0.2513| aux_loss_dfl:0.1816| 
[NanoDet][06-20 17:49:11]INFO:Train|Epoch71/100|Iter33200(441/468)| mem:6.54G| lr:4.07e-04| loss_qfl:0.2751| loss_bbox:0.2914| loss_dfl:0.1874| aux_loss_qfl:0.2348| aux_loss_bbox:0.2575| aux_loss_dfl:0.1720| 
[NanoDet][06-20 17:49:33]INFO:Train|Epoch72/100|Iter33250(23/468)| mem:6.54G| lr:4.36e-04| loss_qfl:0.2926| loss_bbox:0.2551| loss_dfl:0.1904| aux_loss_qfl:0.2335| aux_loss_bbox:0.2403| aux_loss_dfl:0.1810| 
[NanoDet][06-20 17:49:53]INFO:Train|Epoch72/100|Iter33300(73/468)| mem:6.54G| lr:4.36e-04| loss_qfl:0.2830| loss_bbox:0.2747| loss_dfl:0.1737| aux_loss_qfl:0.2497| aux_loss_bbox:0.2399| aux_loss_dfl:0.1615| 
[NanoDet][06-20 17:50:13]INFO:Train|Epoch72/100|Iter33350(123/468)| mem:6.54G| lr:4.36e-04| loss_qfl:0.3190| loss_bbox:0.3203| loss_dfl:0.2056| aux_loss_qfl:0.2880| aux_loss_bbox:0.2874| aux_loss_dfl:0.1881| 
[NanoDet][06-20 17:50:33]INFO:Train|Epoch72/100|Iter33400(173/468)| mem:6.54G| lr:4.36e-04| loss_qfl:0.3086| loss_bbox:0.1972| loss_dfl:0.1579| aux_loss_qfl:0.1999| aux_loss_bbox:0.1796| aux_loss_dfl:0.1527| 
[NanoDet][06-20 17:50:53]INFO:Train|Epoch72/100|Iter33450(223/468)| mem:6.54G| lr:4.36e-04| loss_qfl:0.3433| loss_bbox:0.2530| loss_dfl:0.1738| aux_loss_qfl:0.3186| aux_loss_bbox:0.2197| aux_loss_dfl:0.1620| 
Premature end of JPEG file
[NanoDet][06-20 17:51:14]INFO:Train|Epoch72/100|Iter33500(273/468)| mem:6.54G| lr:4.36e-04| loss_qfl:0.2862| loss_bbox:0.2311| loss_dfl:0.1727| aux_loss_qfl:0.2404| aux_loss_bbox:0.2207| aux_loss_dfl:0.1669| 
Premature end of JPEG file
[NanoDet][06-20 17:51:34]INFO:Train|Epoch72/100|Iter33550(323/468)| mem:6.54G| lr:4.36e-04| loss_qfl:0.2681| loss_bbox:0.2329| loss_dfl:0.1797| aux_loss_qfl:0.2286| aux_loss_bbox:0.2120| aux_loss_dfl:0.1706| 
[NanoDet][06-20 17:51:54]INFO:Train|Epoch72/100|Iter33600(373/468)| mem:6.54G| lr:4.36e-04| loss_qfl:0.2835| loss_bbox:0.2861| loss_dfl:0.1853| aux_loss_qfl:0.2336| aux_loss_bbox:0.2725| aux_loss_dfl:0.1817| 
[NanoDet][06-20 17:52:14]INFO:Train|Epoch72/100|Iter33650(423/468)| mem:6.54G| lr:4.36e-04| loss_qfl:0.2827| loss_bbox:0.3391| loss_dfl:0.2142| aux_loss_qfl:0.2317| aux_loss_bbox:0.3101| aux_loss_dfl:0.2041| 
[NanoDet][06-20 17:52:36]INFO:Train|Epoch73/100|Iter33700(5/468)| mem:6.54G| lr:4.65e-04| loss_qfl:0.2845| loss_bbox:0.2555| loss_dfl:0.1640| aux_loss_qfl:0.2123| aux_loss_bbox:0.2394| aux_loss_dfl:0.1548| 
[NanoDet][06-20 17:52:56]INFO:Train|Epoch73/100|Iter33750(55/468)| mem:6.54G| lr:4.65e-04| loss_qfl:0.3584| loss_bbox:0.2693| loss_dfl:0.1823| aux_loss_qfl:0.2851| aux_loss_bbox:0.2402| aux_loss_dfl:0.1741| 
Premature end of JPEG file
[NanoDet][06-20 17:53:16]INFO:Train|Epoch73/100|Iter33800(105/468)| mem:6.54G| lr:4.65e-04| loss_qfl:0.2528| loss_bbox:0.2647| loss_dfl:0.1845| aux_loss_qfl:0.2352| aux_loss_bbox:0.2456| aux_loss_dfl:0.1768| 
[NanoDet][06-20 17:53:36]INFO:Train|Epoch73/100|Iter33850(155/468)| mem:6.54G| lr:4.65e-04| loss_qfl:0.3301| loss_bbox:0.2230| loss_dfl:0.1743| aux_loss_qfl:0.2840| aux_loss_bbox:0.1970| aux_loss_dfl:0.1643| 
[NanoDet][06-20 17:53:56]INFO:Train|Epoch73/100|Iter33900(205/468)| mem:6.54G| lr:4.65e-04| loss_qfl:0.3738| loss_bbox:0.3109| loss_dfl:0.2075| aux_loss_qfl:0.3358| aux_loss_bbox:0.2638| aux_loss_dfl:0.1894| 
[NanoDet][06-20 17:54:16]INFO:Train|Epoch73/100|Iter33950(255/468)| mem:6.54G| lr:4.65e-04| loss_qfl:0.2411| loss_bbox:0.2090| loss_dfl:0.1610| aux_loss_qfl:0.1927| aux_loss_bbox:0.1943| aux_loss_dfl:0.1539| 
Premature end of JPEG file
[NanoDet][06-20 17:54:37]INFO:Train|Epoch73/100|Iter34000(305/468)| mem:6.54G| lr:4.65e-04| loss_qfl:0.2782| loss_bbox:0.2441| loss_dfl:0.1835| aux_loss_qfl:0.2216| aux_loss_bbox:0.2298| aux_loss_dfl:0.1760| 
[NanoDet][06-20 17:54:57]INFO:Train|Epoch73/100|Iter34050(355/468)| mem:6.54G| lr:4.65e-04| loss_qfl:0.3109| loss_bbox:0.2222| loss_dfl:0.1767| aux_loss_qfl:0.2402| aux_loss_bbox:0.2045| aux_loss_dfl:0.1681| 
[NanoDet][06-20 17:55:17]INFO:Train|Epoch73/100|Iter34100(405/468)| mem:6.54G| lr:4.65e-04| loss_qfl:0.3010| loss_bbox:0.2404| loss_dfl:0.1768| aux_loss_qfl:0.2591| aux_loss_bbox:0.2014| aux_loss_dfl:0.1597| 
[NanoDet][06-20 17:55:37]INFO:Train|Epoch73/100|Iter34150(455/468)| mem:6.54G| lr:4.65e-04| loss_qfl:0.3060| loss_bbox:0.2902| loss_dfl:0.1870| aux_loss_qfl:0.2355| aux_loss_bbox:0.2622| aux_loss_dfl:0.1783| 
Premature end of JPEG file
[NanoDet][06-20 17:55:59]INFO:Train|Epoch74/100|Iter34200(37/468)| mem:6.54G| lr:4.95e-04| loss_qfl:0.3079| loss_bbox:0.2059| loss_dfl:0.1675| aux_loss_qfl:0.2422| aux_loss_bbox:0.1852| aux_loss_dfl:0.1621| 
[NanoDet][06-20 17:56:19]INFO:Train|Epoch74/100|Iter34250(87/468)| mem:6.54G| lr:4.95e-04| loss_qfl:0.3362| loss_bbox:0.2294| loss_dfl:0.1660| aux_loss_qfl:0.3200| aux_loss_bbox:0.1948| aux_loss_dfl:0.1550| 
[NanoDet][06-20 17:56:39]INFO:Train|Epoch74/100|Iter34300(137/468)| mem:6.54G| lr:4.95e-04| loss_qfl:0.2698| loss_bbox:0.2784| loss_dfl:0.1778| aux_loss_qfl:0.2115| aux_loss_bbox:0.2568| aux_loss_dfl:0.1690| 
[NanoDet][06-20 17:56:59]INFO:Train|Epoch74/100|Iter34350(187/468)| mem:6.54G| lr:4.95e-04| loss_qfl:0.3007| loss_bbox:0.2985| loss_dfl:0.1901| aux_loss_qfl:0.2471| aux_loss_bbox:0.2765| aux_loss_dfl:0.1811| 
Premature end of JPEG file
[NanoDet][06-20 17:57:19]INFO:Train|Epoch74/100|Iter34400(237/468)| mem:6.54G| lr:4.95e-04| loss_qfl:0.2988| loss_bbox:0.2627| loss_dfl:0.1865| aux_loss_qfl:0.2611| aux_loss_bbox:0.2330| aux_loss_dfl:0.1724| 
[NanoDet][06-20 17:57:39]INFO:Train|Epoch74/100|Iter34450(287/468)| mem:6.54G| lr:4.95e-04| loss_qfl:0.2865| loss_bbox:0.1754| loss_dfl:0.1577| aux_loss_qfl:0.2513| aux_loss_bbox:0.1536| aux_loss_dfl:0.1515| 
[NanoDet][06-20 17:57:59]INFO:Train|Epoch74/100|Iter34500(337/468)| mem:6.54G| lr:4.95e-04| loss_qfl:0.3212| loss_bbox:0.3026| loss_dfl:0.1892| aux_loss_qfl:0.2536| aux_loss_bbox:0.2649| aux_loss_dfl:0.1773| 
[NanoDet][06-20 17:58:19]INFO:Train|Epoch74/100|Iter34550(387/468)| mem:6.54G| lr:4.95e-04| loss_qfl:0.3648| loss_bbox:0.3054| loss_dfl:0.1810| aux_loss_qfl:0.3547| aux_loss_bbox:0.2740| aux_loss_dfl:0.1670| 
[NanoDet][06-20 17:58:39]INFO:Train|Epoch74/100|Iter34600(437/468)| mem:6.54G| lr:4.95e-04| loss_qfl:0.2523| loss_bbox:0.2695| loss_dfl:0.1784| aux_loss_qfl:0.2049| aux_loss_bbox:0.2531| aux_loss_dfl:0.1710| 
Premature end of JPEG file
[NanoDet][06-20 17:59:01]INFO:Train|Epoch75/100|Iter34650(19/468)| mem:6.54G| lr:5.25e-04| loss_qfl:0.3025| loss_bbox:0.2401| loss_dfl:0.1719| aux_loss_qfl:0.2568| aux_loss_bbox:0.2077| aux_loss_dfl:0.1571| 
[NanoDet][06-20 17:59:21]INFO:Train|Epoch75/100|Iter34700(69/468)| mem:6.54G| lr:5.25e-04| loss_qfl:0.2925| loss_bbox:0.2525| loss_dfl:0.1750| aux_loss_qfl:0.2699| aux_loss_bbox:0.2235| aux_loss_dfl:0.1676| 
[NanoDet][06-20 17:59:41]INFO:Train|Epoch75/100|Iter34750(119/468)| mem:6.54G| lr:5.25e-04| loss_qfl:0.2889| loss_bbox:0.2466| loss_dfl:0.1781| aux_loss_qfl:0.2574| aux_loss_bbox:0.2391| aux_loss_dfl:0.1771| 
[NanoDet][06-20 18:00:01]INFO:Train|Epoch75/100|Iter34800(169/468)| mem:6.54G| lr:5.25e-04| loss_qfl:0.2855| loss_bbox:0.2059| loss_dfl:0.1762| aux_loss_qfl:0.2505| aux_loss_bbox:0.1845| aux_loss_dfl:0.1663| 
[NanoDet][06-20 18:00:21]INFO:Train|Epoch75/100|Iter34850(219/468)| mem:6.54G| lr:5.25e-04| loss_qfl:0.3520| loss_bbox:0.1951| loss_dfl:0.1698| aux_loss_qfl:0.2904| aux_loss_bbox:0.1797| aux_loss_dfl:0.1621| 
[NanoDet][06-20 18:00:41]INFO:Train|Epoch75/100|Iter34900(269/468)| mem:6.54G| lr:5.25e-04| loss_qfl:0.2976| loss_bbox:0.2386| loss_dfl:0.1746| aux_loss_qfl:0.2407| aux_loss_bbox:0.2254| aux_loss_dfl:0.1687| 
[NanoDet][06-20 18:01:01]INFO:Train|Epoch75/100|Iter34950(319/468)| mem:6.54G| lr:5.25e-04| loss_qfl:0.2559| loss_bbox:0.2087| loss_dfl:0.1757| aux_loss_qfl:0.2077| aux_loss_bbox:0.1905| aux_loss_dfl:0.1686| 
Premature end of JPEG file
