Error while loading conda entry point: conda-libmamba-solver (module 'libmambapy' has no attribute 'QueryFormat')
Error while loading conda entry point: conda-libmamba-solver (module 'libmambapy' has no attribute 'QueryFormat')
Error while loading conda entry point: conda-libmamba-solver (module 'libmambapy' has no attribute 'QueryFormat')
Error while loading conda entry point: conda-libmamba-solver (module 'libmambapy' has no attribute 'QueryFormat')
/root/miniconda3/envs/nanodet/lib/python3.10/site-packages/lightning_fabric/__init__.py:29: UserWarning: pkg_resources is deprecated as an API. See https://setuptools.pypa.io/en/latest/pkg_resources.html. The pkg_resources package is slated for removal as early as 2025-11-30. Refrain from using this package or pin to Setuptools<81.
  __import__("pkg_resources").declare_namespace(__name__)
[NanoDet][07-05 14:04:39]INFO:Setting up data...
[NanoDet][07-05 14:04:40]INFO:Creating model...
[NanoDet][07-05 14:04:40]INFO:Skip loading parameter fpn.reduce_layers.0.conv.weight, required shapetorch.Size([96, 176, 1, 1]), loaded shapetorch.Size([96, 116, 1, 1]).
[NanoDet][07-05 14:04:40]INFO:Skip loading parameter fpn.reduce_layers.1.conv.weight, required shapetorch.Size([96, 352, 1, 1]), loaded shapetorch.Size([96, 232, 1, 1]).
[NanoDet][07-05 14:04:40]INFO:Skip loading parameter fpn.reduce_layers.2.conv.weight, required shapetorch.Size([96, 704, 1, 1]), loaded shapetorch.Size([96, 464, 1, 1]).
[NanoDet][07-05 14:04:40]INFO:Skip loading parameter aux_fpn.reduce_layers.0.conv.weight, required shapetorch.Size([96, 176, 1, 1]), loaded shapetorch.Size([96, 116, 1, 1]).
[NanoDet][07-05 14:04:40]INFO:Skip loading parameter aux_fpn.reduce_layers.1.conv.weight, required shapetorch.Size([96, 352, 1, 1]), loaded shapetorch.Size([96, 232, 1, 1]).
[NanoDet][07-05 14:04:40]INFO:Skip loading parameter aux_fpn.reduce_layers.2.conv.weight, required shapetorch.Size([96, 704, 1, 1]), loaded shapetorch.Size([96, 464, 1, 1]).
[NanoDet][07-05 14:04:40]INFO:Skip loading parameter head.gfl_cls.0.weight, required shapetorch.Size([37, 96, 1, 1]), loaded shapetorch.Size([112, 96, 1, 1]).
[NanoDet][07-05 14:04:40]INFO:Skip loading parameter head.gfl_cls.0.bias, required shapetorch.Size([37]), loaded shapetorch.Size([112]).
[NanoDet][07-05 14:04:40]INFO:Skip loading parameter head.gfl_cls.1.weight, required shapetorch.Size([37, 96, 1, 1]), loaded shapetorch.Size([112, 96, 1, 1]).
[NanoDet][07-05 14:04:40]INFO:Skip loading parameter head.gfl_cls.1.bias, required shapetorch.Size([37]), loaded shapetorch.Size([112]).
[NanoDet][07-05 14:04:40]INFO:Skip loading parameter head.gfl_cls.2.weight, required shapetorch.Size([37, 96, 1, 1]), loaded shapetorch.Size([112, 96, 1, 1]).
[NanoDet][07-05 14:04:40]INFO:Skip loading parameter head.gfl_cls.2.bias, required shapetorch.Size([37]), loaded shapetorch.Size([112]).
[NanoDet][07-05 14:04:40]INFO:Skip loading parameter head.gfl_cls.3.weight, required shapetorch.Size([37, 96, 1, 1]), loaded shapetorch.Size([112, 96, 1, 1]).
[NanoDet][07-05 14:04:40]INFO:Skip loading parameter head.gfl_cls.3.bias, required shapetorch.Size([37]), loaded shapetorch.Size([112]).
[NanoDet][07-05 14:04:40]INFO:Skip loading parameter aux_head.gfl_cls.weight, required shapetorch.Size([5, 192, 3, 3]), loaded shapetorch.Size([80, 192, 3, 3]).
[NanoDet][07-05 14:04:40]INFO:Skip loading parameter aux_head.gfl_cls.bias, required shapetorch.Size([5]), loaded shapetorch.Size([80]).
[NanoDet][07-05 14:04:40]INFO:Loaded model weight from /root/autodl-tmp/ect/weights/nanodet/nanodet-plus-m-1.5x-spliced_416.ckpt
GPU available: True (cuda), used: True
TPU available: False, using: 0 TPU cores
IPU available: False, using: 0 IPUs
HPU available: False, using: 0 HPUs
You are using a CUDA device ('NVIDIA GeForce RTX 4090 D') that has Tensor Cores. To properly utilize them, you should set `torch.set_float32_matmul_precision('medium' | 'high')` which will trade-off precision for performance. For more details, read https://pytorch.org/docs/stable/generated/torch.set_float32_matmul_precision.html#torch.set_float32_matmul_precision
LOCAL_RANK: 0 - CUDA_VISIBLE_DEVICES: [0]

  | Name      | Type        | Params
------------------------------------------
0 | model     | NanoDetPlus | 5.2 M 
1 | avg_model | NanoDetPlus | 5.2 M 
------------------------------------------
10.5 M    Trainable params
0         Non-trainable params
10.5 M    Total params
41.856    Total estimated model params size (MB)
[NanoDet][07-05 14:04:42]INFO:Weight Averaging is enabled
loading annotations into memory...
Done (t=0.27s)
creating index...
index created!
loading annotations into memory...
Done (t=0.02s)
creating index...
index created!
model size is  1.5x
init weights...
=> loading pretrained model https://download.pytorch.org/models/shufflenetv2_x1_5-3c479a10.pth
Finish initialize NanoDet-Plus Head.
/root/miniconda3/envs/nanodet/lib/python3.10/site-packages/torch/functional.py:504: UserWarning: torch.meshgrid: in an upcoming release, it will be required to pass the indexing argument. (Triggered internally at ../aten/src/ATen/native/TensorShape.cpp:3190.)
  return _VF.meshgrid(tensors, **kwargs)  # type: ignore[attr-defined]
[NanoDet][07-05 14:04:51]INFO:Train|Epoch1/24|Iter0(1/343)| mem:20.1G| lr:1.00e-07| loss_qfl:0.7238| loss_bbox:1.3183| loss_dfl:0.5198| aux_loss_qfl:0.7257| aux_loss_bbox:1.0252| aux_loss_dfl:0.4732| 
[NanoDet][07-05 14:05:33]INFO:Train|Epoch1/24|Iter50(51/343)| mem:21.4G| lr:1.00e-04| loss_qfl:1.3315| loss_bbox:1.3156| loss_dfl:0.5088| aux_loss_qfl:0.8349| aux_loss_bbox:0.6447| aux_loss_dfl:0.2934| 
[NanoDet][07-05 14:06:11]INFO:Train|Epoch1/24|Iter100(101/343)| mem:21.4G| lr:2.00e-04| loss_qfl:0.7620| loss_bbox:0.9046| loss_dfl:0.4374| aux_loss_qfl:0.5592| aux_loss_bbox:0.3961| aux_loss_dfl:0.2196| 
[NanoDet][07-05 14:06:48]INFO:Train|Epoch1/24|Iter150(151/343)| mem:21.4G| lr:3.00e-04| loss_qfl:0.5353| loss_bbox:0.6241| loss_dfl:0.3749| aux_loss_qfl:0.4594| aux_loss_bbox:0.3576| aux_loss_dfl:0.2049| 
[NanoDet][07-05 14:07:29]INFO:Train|Epoch1/24|Iter200(201/343)| mem:21.4G| lr:4.00e-04| loss_qfl:0.4512| loss_bbox:0.5361| loss_dfl:0.3206| aux_loss_qfl:0.4262| aux_loss_bbox:0.3612| aux_loss_dfl:0.2196| 
[NanoDet][07-05 14:08:09]INFO:Train|Epoch1/24|Iter250(251/343)| mem:21.4G| lr:5.00e-04| loss_qfl:0.4589| loss_bbox:0.4621| loss_dfl:0.2851| aux_loss_qfl:0.4103| aux_loss_bbox:0.3411| aux_loss_dfl:0.2106| 
[NanoDet][07-05 14:08:50]INFO:Train|Epoch1/24|Iter300(301/343)| mem:21.4G| lr:6.00e-04| loss_qfl:0.4611| loss_bbox:0.4085| loss_dfl:0.2464| aux_loss_qfl:0.3983| aux_loss_bbox:0.3378| aux_loss_dfl:0.2003| 
[NanoDet][07-05 14:09:33]INFO:Train|Epoch2/24|Iter350(8/343)| mem:21.4G| lr:7.00e-04| loss_qfl:0.4235| loss_bbox:0.4276| loss_dfl:0.2360| aux_loss_qfl:0.3675| aux_loss_bbox:0.3411| aux_loss_dfl:0.1985| 
[NanoDet][07-05 14:10:08]INFO:Train|Epoch2/24|Iter400(58/343)| mem:21.4G| lr:8.00e-04| loss_qfl:0.4641| loss_bbox:0.4346| loss_dfl:0.2407| aux_loss_qfl:0.4025| aux_loss_bbox:0.3719| aux_loss_dfl:0.2159| 
[NanoDet][07-05 14:10:48]INFO:Train|Epoch2/24|Iter450(108/343)| mem:21.4G| lr:9.00e-04| loss_qfl:0.4524| loss_bbox:0.3965| loss_dfl:0.2218| aux_loss_qfl:0.4254| aux_loss_bbox:0.3522| aux_loss_dfl:0.2008| 
[NanoDet][07-05 14:11:28]INFO:Train|Epoch2/24|Iter500(158/343)| mem:21.4G| lr:1.00e-03| loss_qfl:0.3566| loss_bbox:0.3919| loss_dfl:0.2215| aux_loss_qfl:0.3308| aux_loss_bbox:0.3454| aux_loss_dfl:0.1988| 
[NanoDet][07-05 14:12:09]INFO:Train|Epoch2/24|Iter550(208/343)| mem:21.4G| lr:1.00e-03| loss_qfl:0.3490| loss_bbox:0.3683| loss_dfl:0.2203| aux_loss_qfl:0.3172| aux_loss_bbox:0.3188| aux_loss_dfl:0.1989| 
[NanoDet][07-05 14:12:44]INFO:Train|Epoch2/24|Iter600(258/343)| mem:21.4G| lr:1.00e-03| loss_qfl:0.3878| loss_bbox:0.3300| loss_dfl:0.2036| aux_loss_qfl:0.3373| aux_loss_bbox:0.2824| aux_loss_dfl:0.1830| 
[NanoDet][07-05 14:13:24]INFO:Train|Epoch2/24|Iter650(308/343)| mem:21.4G| lr:1.00e-03| loss_qfl:0.3696| loss_bbox:0.4050| loss_dfl:0.2248| aux_loss_qfl:0.3817| aux_loss_bbox:0.3482| aux_loss_dfl:0.2038| 
[NanoDet][07-05 14:14:09]INFO:Train|Epoch3/24|Iter700(15/343)| mem:21.4G| lr:9.88e-04| loss_qfl:0.3563| loss_bbox:0.3883| loss_dfl:0.2197| aux_loss_qfl:0.3235| aux_loss_bbox:0.3440| aux_loss_dfl:0.2034| 
[NanoDet][07-05 14:14:49]INFO:Train|Epoch3/24|Iter750(65/343)| mem:21.4G| lr:9.88e-04| loss_qfl:0.4109| loss_bbox:0.3832| loss_dfl:0.2207| aux_loss_qfl:0.3754| aux_loss_bbox:0.3258| aux_loss_dfl:0.1984| 
[NanoDet][07-05 14:15:28]INFO:Train|Epoch3/24|Iter800(115/343)| mem:21.4G| lr:9.88e-04| loss_qfl:0.3875| loss_bbox:0.3477| loss_dfl:0.2163| aux_loss_qfl:0.3333| aux_loss_bbox:0.3085| aux_loss_dfl:0.2031| 
[NanoDet][07-05 14:16:04]INFO:Train|Epoch3/24|Iter850(165/343)| mem:21.4G| lr:9.88e-04| loss_qfl:0.3636| loss_bbox:0.3422| loss_dfl:0.2154| aux_loss_qfl:0.3316| aux_loss_bbox:0.2989| aux_loss_dfl:0.1973| 
[NanoDet][07-05 14:16:45]INFO:Train|Epoch3/24|Iter900(215/343)| mem:21.4G| lr:9.88e-04| loss_qfl:0.3521| loss_bbox:0.3434| loss_dfl:0.2217| aux_loss_qfl:0.3342| aux_loss_bbox:0.3158| aux_loss_dfl:0.2114| 
[NanoDet][07-05 14:17:25]INFO:Train|Epoch3/24|Iter950(265/343)| mem:21.4G| lr:9.88e-04| loss_qfl:0.3629| loss_bbox:0.3853| loss_dfl:0.2265| aux_loss_qfl:0.3161| aux_loss_bbox:0.3476| aux_loss_dfl:0.2109| 
[NanoDet][07-05 14:18:05]INFO:Train|Epoch3/24|Iter1000(315/343)| mem:21.4G| lr:9.88e-04| loss_qfl:0.4251| loss_bbox:0.3631| loss_dfl:0.2106| aux_loss_qfl:0.3857| aux_loss_bbox:0.3219| aux_loss_dfl:0.1930| 
[NanoDet][07-05 14:18:30]INFO:Val|Epoch3/24|Iter1029(1/40)| mem:21.4G| lr:9.68e-04| loss_qfl:0.4928| loss_bbox:0.4054| loss_dfl:0.2321| aux_loss_qfl:0.4160| aux_loss_bbox:0.3933| aux_loss_dfl:0.2321| 
[NanoDet][07-05 14:19:15]INFO:
 Average Precision  (AP) @[ IoU=0.50:0.95 | area=   all | maxDets=100 ] = 0.386
 Average Precision  (AP) @[ IoU=0.50      | area=   all | maxDets=100 ] = 0.647
 Average Precision  (AP) @[ IoU=0.75      | area=   all | maxDets=100 ] = 0.395
 Average Precision  (AP) @[ IoU=0.50:0.95 | area= small | maxDets=100 ] = 0.035
 Average Precision  (AP) @[ IoU=0.50:0.95 | area=medium | maxDets=100 ] = 0.112
 Average Precision  (AP) @[ IoU=0.50:0.95 | area= large | maxDets=100 ] = 0.405
 Average Recall     (AR) @[ IoU=0.50:0.95 | area=   all | maxDets=  1 ] = 0.440
 Average Recall     (AR) @[ IoU=0.50:0.95 | area=   all | maxDets= 10 ] = 0.572
 Average Recall     (AR) @[ IoU=0.50:0.95 | area=   all | maxDets=100 ] = 0.604
 Average Recall     (AR) @[ IoU=0.50:0.95 | area= small | maxDets=100 ] = 0.136
 Average Recall     (AR) @[ IoU=0.50:0.95 | area=medium | maxDets=100 ] = 0.411
 Average Recall     (AR) @[ IoU=0.50:0.95 | area= large | maxDets=100 ] = 0.623

[NanoDet][07-05 14:19:15]INFO:
| class        | AP50   | mAP   | class    | AP50   | mAP   |
|:-------------|:-------|:------|:---------|:-------|:------|
| bird         | 79.2   | 50.9  | squirrel | 58.1   | 30.4  |
| cat          | 61.6   | 36.3  | person   | 43.3   | 19.9  |
| other_animal | 81.3   | 55.4  |          |        |       |
[NanoDet][07-05 14:19:15]INFO:Saving model to /root/autodl-tmp/nanodet_round2/data100-1.5x-exact/model_best/nanodet_model_best.pth
[NanoDet][07-05 14:19:16]INFO:Val_metrics: {'mAP': 0.38563413245496836, 'AP_50': 0.6470197704169426, 'AP_75': 0.39525194988848256, 'AP_small': 0.035265193265623745, 'AP_m': 0.11201166641158228, 'AP_l': 0.4047725484786893}
Loading and preparing results...
DONE (t=2.24s)
creating index...
index created!
Running per image evaluation...
Evaluate annotation type *bbox*
DONE (t=8.22s).
Accumulating evaluation results...
DONE (t=2.31s).
[NanoDet][07-05 14:19:36]INFO:Train|Epoch4/24|Iter1050(22/343)| mem:21.9G| lr:9.68e-04| loss_qfl:0.3408| loss_bbox:0.3527| loss_dfl:0.2123| aux_loss_qfl:0.3093| aux_loss_bbox:0.3210| aux_loss_dfl:0.2000| 
[NanoDet][07-05 14:20:11]INFO:Train|Epoch4/24|Iter1100(72/343)| mem:21.9G| lr:9.68e-04| loss_qfl:0.3412| loss_bbox:0.3268| loss_dfl:0.2007| aux_loss_qfl:0.3235| aux_loss_bbox:0.2868| aux_loss_dfl:0.1895| 
[NanoDet][07-05 14:20:45]INFO:Train|Epoch4/24|Iter1150(122/343)| mem:21.9G| lr:9.68e-04| loss_qfl:0.3176| loss_bbox:0.3486| loss_dfl:0.2125| aux_loss_qfl:0.2911| aux_loss_bbox:0.3175| aux_loss_dfl:0.1981| 
[NanoDet][07-05 14:21:19]INFO:Train|Epoch4/24|Iter1200(172/343)| mem:21.9G| lr:9.68e-04| loss_qfl:0.3959| loss_bbox:0.3579| loss_dfl:0.2095| aux_loss_qfl:0.3548| aux_loss_bbox:0.3183| aux_loss_dfl:0.1919| 
[NanoDet][07-05 14:21:54]INFO:Train|Epoch4/24|Iter1250(222/343)| mem:21.9G| lr:9.68e-04| loss_qfl:0.3510| loss_bbox:0.3878| loss_dfl:0.2187| aux_loss_qfl:0.3247| aux_loss_bbox:0.3676| aux_loss_dfl:0.2146| 
[NanoDet][07-05 14:22:28]INFO:Train|Epoch4/24|Iter1300(272/343)| mem:21.9G| lr:9.68e-04| loss_qfl:0.3475| loss_bbox:0.3249| loss_dfl:0.2027| aux_loss_qfl:0.3165| aux_loss_bbox:0.2878| aux_loss_dfl:0.1887| 
[NanoDet][07-05 14:23:03]INFO:Train|Epoch4/24|Iter1350(322/343)| mem:21.9G| lr:9.68e-04| loss_qfl:0.3724| loss_bbox:0.3594| loss_dfl:0.2014| aux_loss_qfl:0.3358| aux_loss_bbox:0.3067| aux_loss_dfl:0.1833| 
[NanoDet][07-05 14:23:47]INFO:Train|Epoch5/24|Iter1400(29/343)| mem:21.9G| lr:9.40e-04| loss_qfl:0.3191| loss_bbox:0.3066| loss_dfl:0.1949| aux_loss_qfl:0.2970| aux_loss_bbox:0.2791| aux_loss_dfl:0.1847| 
[NanoDet][07-05 14:24:22]INFO:Train|Epoch5/24|Iter1450(79/343)| mem:21.9G| lr:9.40e-04| loss_qfl:0.3013| loss_bbox:0.3802| loss_dfl:0.2260| aux_loss_qfl:0.2685| aux_loss_bbox:0.3420| aux_loss_dfl:0.2073| 
[NanoDet][07-05 14:24:56]INFO:Train|Epoch5/24|Iter1500(129/343)| mem:21.9G| lr:9.40e-04| loss_qfl:0.3018| loss_bbox:0.3242| loss_dfl:0.2001| aux_loss_qfl:0.2750| aux_loss_bbox:0.2911| aux_loss_dfl:0.1893| 
[NanoDet][07-05 14:25:31]INFO:Train|Epoch5/24|Iter1550(179/343)| mem:21.9G| lr:9.40e-04| loss_qfl:0.2698| loss_bbox:0.3158| loss_dfl:0.1987| aux_loss_qfl:0.2462| aux_loss_bbox:0.2836| aux_loss_dfl:0.1863| 
[NanoDet][07-05 14:26:06]INFO:Train|Epoch5/24|Iter1600(229/343)| mem:21.9G| lr:9.40e-04| loss_qfl:0.2872| loss_bbox:0.3616| loss_dfl:0.2114| aux_loss_qfl:0.2545| aux_loss_bbox:0.3245| aux_loss_dfl:0.1978| 
[NanoDet][07-05 14:26:40]INFO:Train|Epoch5/24|Iter1650(279/343)| mem:21.9G| lr:9.40e-04| loss_qfl:0.3052| loss_bbox:0.3465| loss_dfl:0.2118| aux_loss_qfl:0.2817| aux_loss_bbox:0.3081| aux_loss_dfl:0.1996| 
[NanoDet][07-05 14:27:15]INFO:Train|Epoch5/24|Iter1700(329/343)| mem:21.9G| lr:9.40e-04| loss_qfl:0.3941| loss_bbox:0.3779| loss_dfl:0.2200| aux_loss_qfl:0.3729| aux_loss_bbox:0.3476| aux_loss_dfl:0.2081| 
[NanoDet][07-05 14:27:59]INFO:Train|Epoch6/24|Iter1750(36/343)| mem:21.9G| lr:9.06e-04| loss_qfl:0.3050| loss_bbox:0.3503| loss_dfl:0.2216| aux_loss_qfl:0.2814| aux_loss_bbox:0.3205| aux_loss_dfl:0.2108| 
[NanoDet][07-05 14:28:33]INFO:Train|Epoch6/24|Iter1800(86/343)| mem:21.9G| lr:9.06e-04| loss_qfl:0.3230| loss_bbox:0.3124| loss_dfl:0.1983| aux_loss_qfl:0.3035| aux_loss_bbox:0.2870| aux_loss_dfl:0.1881| 
[NanoDet][07-05 14:29:08]INFO:Train|Epoch6/24|Iter1850(136/343)| mem:21.9G| lr:9.06e-04| loss_qfl:0.3157| loss_bbox:0.3763| loss_dfl:0.2131| aux_loss_qfl:0.2887| aux_loss_bbox:0.3353| aux_loss_dfl:0.1997| 
[NanoDet][07-05 14:29:43]INFO:Train|Epoch6/24|Iter1900(186/343)| mem:21.9G| lr:9.06e-04| loss_qfl:0.3363| loss_bbox:0.3615| loss_dfl:0.2066| aux_loss_qfl:0.3257| aux_loss_bbox:0.3230| aux_loss_dfl:0.1930| 
[NanoDet][07-05 14:30:17]INFO:Train|Epoch6/24|Iter1950(236/343)| mem:21.9G| lr:9.06e-04| loss_qfl:0.3060| loss_bbox:0.3032| loss_dfl:0.1865| aux_loss_qfl:0.2768| aux_loss_bbox:0.2635| aux_loss_dfl:0.1709| 
[NanoDet][07-05 14:30:52]INFO:Train|Epoch6/24|Iter2000(286/343)| mem:21.9G| lr:9.06e-04| loss_qfl:0.3682| loss_bbox:0.3753| loss_dfl:0.2075| aux_loss_qfl:0.3365| aux_loss_bbox:0.3461| aux_loss_dfl:0.1980| 
[NanoDet][07-05 14:31:26]INFO:Train|Epoch6/24|Iter2050(336/343)| mem:21.9G| lr:9.06e-04| loss_qfl:0.3402| loss_bbox:0.3454| loss_dfl:0.2068| aux_loss_qfl:0.3023| aux_loss_bbox:0.3235| aux_loss_dfl:0.1985| 
[NanoDet][07-05 14:31:37]INFO:Val|Epoch6/24|Iter2058(1/40)| mem:21.9G| lr:8.64e-04| loss_qfl:0.4215| loss_bbox:0.3929| loss_dfl:0.2324| aux_loss_qfl:0.4009| aux_loss_bbox:0.3771| aux_loss_dfl:0.2272| 
[NanoDet][07-05 14:32:13]INFO:
 Average Precision  (AP) @[ IoU=0.50:0.95 | area=   all | maxDets=100 ] = 0.433
 Average Precision  (AP) @[ IoU=0.50      | area=   all | maxDets=100 ] = 0.696
 Average Precision  (AP) @[ IoU=0.75      | area=   all | maxDets=100 ] = 0.467
 Average Precision  (AP) @[ IoU=0.50:0.95 | area= small | maxDets=100 ] = 0.128
 Average Precision  (AP) @[ IoU=0.50:0.95 | area=medium | maxDets=100 ] = 0.197
 Average Precision  (AP) @[ IoU=0.50:0.95 | area= large | maxDets=100 ] = 0.450
 Average Recall     (AR) @[ IoU=0.50:0.95 | area=   all | maxDets=  1 ] = 0.472
 Average Recall     (AR) @[ IoU=0.50:0.95 | area=   all | maxDets= 10 ] = 0.593
 Average Recall     (AR) @[ IoU=0.50:0.95 | area=   all | maxDets=100 ] = 0.628
 Average Recall     (AR) @[ IoU=0.50:0.95 | area= small | maxDets=100 ] = 0.257
 Average Recall     (AR) @[ IoU=0.50:0.95 | area=medium | maxDets=100 ] = 0.467
 Average Recall     (AR) @[ IoU=0.50:0.95 | area= large | maxDets=100 ] = 0.645

[NanoDet][07-05 14:32:13]INFO:
| class        | AP50   | mAP   | class    | AP50   | mAP   |
|:-------------|:-------|:------|:---------|:-------|:------|
| bird         | 85.0   | 59.2  | squirrel | 71.6   | 39.9  |
| cat          | 61.3   | 38.2  | person   | 44.2   | 20.8  |
| other_animal | 85.7   | 58.3  |          |        |       |
[NanoDet][07-05 14:32:13]INFO:Saving model to /root/autodl-tmp/nanodet_round2/data100-1.5x-exact/model_best/nanodet_model_best.pth
[NanoDet][07-05 14:32:13]INFO:Val_metrics: {'mAP': 0.43267786879045045, 'AP_50': 0.6955450115387822, 'AP_75': 0.4672143225880911, 'AP_small': 0.12831039124633256, 'AP_m': 0.1974434118631035, 'AP_l': 0.45017276807705087}
Loading and preparing results...
DONE (t=1.24s)
creating index...
index created!
Running per image evaluation...
Evaluate annotation type *bbox*
DONE (t=7.49s).
Accumulating evaluation results...
DONE (t=2.13s).
[NanoDet][07-05 14:32:49]INFO:Train|Epoch7/24|Iter2100(43/343)| mem:21.9G| lr:8.64e-04| loss_qfl:0.2679| loss_bbox:0.3068| loss_dfl:0.1996| aux_loss_qfl:0.2318| aux_loss_bbox:0.2767| aux_loss_dfl:0.1889| 
[NanoDet][07-05 14:33:23]INFO:Train|Epoch7/24|Iter2150(93/343)| mem:21.9G| lr:8.64e-04| loss_qfl:0.3157| loss_bbox:0.3255| loss_dfl:0.1960| aux_loss_qfl:0.2988| aux_loss_bbox:0.3028| aux_loss_dfl:0.1878| 
[NanoDet][07-05 14:33:58]INFO:Train|Epoch7/24|Iter2200(143/343)| mem:21.9G| lr:8.64e-04| loss_qfl:0.2690| loss_bbox:0.3593| loss_dfl:0.2131| aux_loss_qfl:0.2296| aux_loss_bbox:0.3213| aux_loss_dfl:0.1989| 
[NanoDet][07-05 14:34:32]INFO:Train|Epoch7/24|Iter2250(193/343)| mem:21.9G| lr:8.64e-04| loss_qfl:0.3165| loss_bbox:0.3439| loss_dfl:0.2294| aux_loss_qfl:0.2649| aux_loss_bbox:0.3117| aux_loss_dfl:0.2127| 
[NanoDet][07-05 14:35:07]INFO:Train|Epoch7/24|Iter2300(243/343)| mem:21.9G| lr:8.64e-04| loss_qfl:0.3612| loss_bbox:0.3383| loss_dfl:0.2042| aux_loss_qfl:0.3270| aux_loss_bbox:0.3180| aux_loss_dfl:0.1942| 
[NanoDet][07-05 14:35:41]INFO:Train|Epoch7/24|Iter2350(293/343)| mem:21.9G| lr:8.64e-04| loss_qfl:0.2573| loss_bbox:0.2913| loss_dfl:0.1954| aux_loss_qfl:0.2316| aux_loss_bbox:0.2725| aux_loss_dfl:0.1875| 
[NanoDet][07-05 14:36:15]INFO:Train|Epoch7/24|Iter2400(343/343)| mem:21.9G| lr:8.64e-04| loss_qfl:0.2888| loss_bbox:0.3267| loss_dfl:0.2044| aux_loss_qfl:0.2645| aux_loss_bbox:0.3005| aux_loss_dfl:0.1928| 
[NanoDet][07-05 14:36:56]INFO:Train|Epoch8/24|Iter2450(50/343)| mem:21.9G| lr:8.17e-04| loss_qfl:0.3150| loss_bbox:0.3201| loss_dfl:0.1943| aux_loss_qfl:0.2853| aux_loss_bbox:0.3018| aux_loss_dfl:0.1870| 
[NanoDet][07-05 14:37:31]INFO:Train|Epoch8/24|Iter2500(100/343)| mem:21.9G| lr:8.17e-04| loss_qfl:0.3123| loss_bbox:0.3740| loss_dfl:0.2140| aux_loss_qfl:0.2749| aux_loss_bbox:0.3386| aux_loss_dfl:0.1993| 
[NanoDet][07-05 14:38:05]INFO:Train|Epoch8/24|Iter2550(150/343)| mem:21.9G| lr:8.17e-04| loss_qfl:0.3267| loss_bbox:0.3035| loss_dfl:0.2065| aux_loss_qfl:0.2654| aux_loss_bbox:0.2806| aux_loss_dfl:0.1954| 
[NanoDet][07-05 14:38:40]INFO:Train|Epoch8/24|Iter2600(200/343)| mem:21.9G| lr:8.17e-04| loss_qfl:0.3935| loss_bbox:0.3449| loss_dfl:0.2079| aux_loss_qfl:0.3709| aux_loss_bbox:0.3100| aux_loss_dfl:0.1938| 
[NanoDet][07-05 14:39:15]INFO:Train|Epoch8/24|Iter2650(250/343)| mem:21.9G| lr:8.17e-04| loss_qfl:0.3400| loss_bbox:0.3813| loss_dfl:0.2157| aux_loss_qfl:0.3208| aux_loss_bbox:0.3582| aux_loss_dfl:0.2063| 
[NanoDet][07-05 14:39:50]INFO:Train|Epoch8/24|Iter2700(300/343)| mem:21.9G| lr:8.17e-04| loss_qfl:0.2814| loss_bbox:0.3013| loss_dfl:0.1925| aux_loss_qfl:0.2455| aux_loss_bbox:0.2680| aux_loss_dfl:0.1800| 
[NanoDet][07-05 14:40:30]INFO:Train|Epoch9/24|Iter2750(7/343)| mem:21.9G| lr:7.66e-04| loss_qfl:0.3024| loss_bbox:0.3439| loss_dfl:0.2068| aux_loss_qfl:0.2835| aux_loss_bbox:0.3205| aux_loss_dfl:0.1980| 
[NanoDet][07-05 14:41:04]INFO:Train|Epoch9/24|Iter2800(57/343)| mem:21.9G| lr:7.66e-04| loss_qfl:0.2982| loss_bbox:0.3499| loss_dfl:0.2046| aux_loss_qfl:0.2622| aux_loss_bbox:0.3249| aux_loss_dfl:0.1969| 
[NanoDet][07-05 14:41:39]INFO:Train|Epoch9/24|Iter2850(107/343)| mem:21.9G| lr:7.66e-04| loss_qfl:0.2888| loss_bbox:0.3565| loss_dfl:0.2113| aux_loss_qfl:0.2483| aux_loss_bbox:0.3214| aux_loss_dfl:0.1992| 
[NanoDet][07-05 14:42:13]INFO:Train|Epoch9/24|Iter2900(157/343)| mem:21.9G| lr:7.66e-04| loss_qfl:0.2549| loss_bbox:0.2922| loss_dfl:0.1908| aux_loss_qfl:0.2163| aux_loss_bbox:0.2628| aux_loss_dfl:0.1804| 
[NanoDet][07-05 14:42:48]INFO:Train|Epoch9/24|Iter2950(207/343)| mem:21.9G| lr:7.66e-04| loss_qfl:0.3539| loss_bbox:0.3312| loss_dfl:0.1949| aux_loss_qfl:0.3053| aux_loss_bbox:0.3116| aux_loss_dfl:0.1880| 
[NanoDet][07-05 14:43:22]INFO:Train|Epoch9/24|Iter3000(257/343)| mem:21.9G| lr:7.66e-04| loss_qfl:0.3394| loss_bbox:0.3344| loss_dfl:0.2073| aux_loss_qfl:0.2863| aux_loss_bbox:0.3046| aux_loss_dfl:0.1956| 
[NanoDet][07-05 14:43:57]INFO:Train|Epoch9/24|Iter3050(307/343)| mem:21.9G| lr:7.66e-04| loss_qfl:0.2346| loss_bbox:0.2845| loss_dfl:0.1783| aux_loss_qfl:0.1968| aux_loss_bbox:0.2552| aux_loss_dfl:0.1663| 
[NanoDet][07-05 14:44:27]INFO:Val|Epoch9/24|Iter3087(1/40)| mem:21.9G| lr:7.10e-04| loss_qfl:0.3984| loss_bbox:0.4019| loss_dfl:0.2318| aux_loss_qfl:0.3586| aux_loss_bbox:0.3659| aux_loss_dfl:0.2208| 
[NanoDet][07-05 14:45:03]INFO:
 Average Precision  (AP) @[ IoU=0.50:0.95 | area=   all | maxDets=100 ] = 0.472
 Average Precision  (AP) @[ IoU=0.50      | area=   all | maxDets=100 ] = 0.748
 Average Precision  (AP) @[ IoU=0.75      | area=   all | maxDets=100 ] = 0.499
 Average Precision  (AP) @[ IoU=0.50:0.95 | area= small | maxDets=100 ] = 0.095
 Average Precision  (AP) @[ IoU=0.50:0.95 | area=medium | maxDets=100 ] = 0.254
 Average Precision  (AP) @[ IoU=0.50:0.95 | area= large | maxDets=100 ] = 0.493
 Average Recall     (AR) @[ IoU=0.50:0.95 | area=   all | maxDets=  1 ] = 0.499
 Average Recall     (AR) @[ IoU=0.50:0.95 | area=   all | maxDets= 10 ] = 0.615
 Average Recall     (AR) @[ IoU=0.50:0.95 | area=   all | maxDets=100 ] = 0.647
 Average Recall     (AR) @[ IoU=0.50:0.95 | area= small | maxDets=100 ] = 0.164
 Average Recall     (AR) @[ IoU=0.50:0.95 | area=medium | maxDets=100 ] = 0.540
 Average Recall     (AR) @[ IoU=0.50:0.95 | area= large | maxDets=100 ] = 0.665

[NanoDet][07-05 14:45:03]INFO:
| class        | AP50   | mAP   | class    | AP50   | mAP   |
|:-------------|:-------|:------|:---------|:-------|:------|
| bird         | 88.1   | 62.3  | squirrel | 78.7   | 45.8  |
| cat          | 73.4   | 44.6  | person   | 47.2   | 23.0  |
| other_animal | 86.9   | 60.5  |          |        |       |
[NanoDet][07-05 14:45:04]INFO:Saving model to /root/autodl-tmp/nanodet_round2/data100-1.5x-exact/model_best/nanodet_model_best.pth
[NanoDet][07-05 14:45:04]INFO:Val_metrics: {'mAP': 0.4723393139870742, 'AP_50': 0.7483999937614385, 'AP_75': 0.49938964464065505, 'AP_small': 0.0952917709353353, 'AP_m': 0.25360549402416155, 'AP_l': 0.4926491580177873}
Loading and preparing results...
DONE (t=1.29s)
creating index...
index created!
Running per image evaluation...
Evaluate annotation type *bbox*
DONE (t=8.03s).
Accumulating evaluation results...
DONE (t=1.99s).
[NanoDet][07-05 14:45:19]INFO:Train|Epoch10/24|Iter3100(14/343)| mem:21.9G| lr:7.10e-04| loss_qfl:0.2626| loss_bbox:0.2873| loss_dfl:0.1860| aux_loss_qfl:0.2409| aux_loss_bbox:0.2595| aux_loss_dfl:0.1751| 
[NanoDet][07-05 14:45:54]INFO:Train|Epoch10/24|Iter3150(64/343)| mem:21.9G| lr:7.10e-04| loss_qfl:0.3121| loss_bbox:0.3373| loss_dfl:0.2037| aux_loss_qfl:0.2706| aux_loss_bbox:0.3153| aux_loss_dfl:0.1960| 
[NanoDet][07-05 14:46:28]INFO:Train|Epoch10/24|Iter3200(114/343)| mem:21.9G| lr:7.10e-04| loss_qfl:0.2677| loss_bbox:0.3187| loss_dfl:0.1992| aux_loss_qfl:0.2467| aux_loss_bbox:0.2986| aux_loss_dfl:0.1892| 
[NanoDet][07-05 14:47:03]INFO:Train|Epoch10/24|Iter3250(164/343)| mem:21.9G| lr:7.10e-04| loss_qfl:0.2918| loss_bbox:0.2955| loss_dfl:0.1892| aux_loss_qfl:0.2813| aux_loss_bbox:0.2800| aux_loss_dfl:0.1817| 
[NanoDet][07-05 14:47:37]INFO:Train|Epoch10/24|Iter3300(214/343)| mem:21.9G| lr:7.10e-04| loss_qfl:0.2934| loss_bbox:0.3156| loss_dfl:0.1966| aux_loss_qfl:0.2545| aux_loss_bbox:0.2820| aux_loss_dfl:0.1867| 
[NanoDet][07-05 14:48:12]INFO:Train|Epoch10/24|Iter3350(264/343)| mem:21.9G| lr:7.10e-04| loss_qfl:0.2728| loss_bbox:0.3249| loss_dfl:0.1965| aux_loss_qfl:0.2447| aux_loss_bbox:0.2949| aux_loss_dfl:0.1879| 
[NanoDet][07-05 14:48:47]INFO:Train|Epoch10/24|Iter3400(314/343)| mem:21.9G| lr:7.10e-04| loss_qfl:0.2872| loss_bbox:0.2949| loss_dfl:0.1838| aux_loss_qfl:0.2470| aux_loss_bbox:0.2703| aux_loss_dfl:0.1741| 
[NanoDet][07-05 14:49:26]INFO:Train|Epoch11/24|Iter3450(21/343)| mem:21.9G| lr:6.51e-04| loss_qfl:0.2707| loss_bbox:0.3417| loss_dfl:0.1937| aux_loss_qfl:0.2475| aux_loss_bbox:0.3052| aux_loss_dfl:0.1804| 
[NanoDet][07-05 14:50:01]INFO:Train|Epoch11/24|Iter3500(71/343)| mem:21.9G| lr:6.51e-04| loss_qfl:0.2607| loss_bbox:0.3069| loss_dfl:0.1912| aux_loss_qfl:0.2305| aux_loss_bbox:0.2745| aux_loss_dfl:0.1816| 
[NanoDet][07-05 14:50:36]INFO:Train|Epoch11/24|Iter3550(121/343)| mem:21.9G| lr:6.51e-04| loss_qfl:0.2649| loss_bbox:0.3046| loss_dfl:0.1923| aux_loss_qfl:0.2463| aux_loss_bbox:0.2888| aux_loss_dfl:0.1875| 
[NanoDet][07-05 14:51:10]INFO:Train|Epoch11/24|Iter3600(171/343)| mem:21.9G| lr:6.51e-04| loss_qfl:0.2454| loss_bbox:0.3009| loss_dfl:0.1955| aux_loss_qfl:0.2185| aux_loss_bbox:0.2742| aux_loss_dfl:0.1835| 
[NanoDet][07-05 14:51:45]INFO:Train|Epoch11/24|Iter3650(221/343)| mem:21.9G| lr:6.51e-04| loss_qfl:0.2988| loss_bbox:0.3212| loss_dfl:0.2049| aux_loss_qfl:0.2654| aux_loss_bbox:0.2995| aux_loss_dfl:0.1965| 
[NanoDet][07-05 14:52:19]INFO:Train|Epoch11/24|Iter3700(271/343)| mem:21.9G| lr:6.51e-04| loss_qfl:0.2330| loss_bbox:0.2919| loss_dfl:0.1856| aux_loss_qfl:0.2241| aux_loss_bbox:0.2777| aux_loss_dfl:0.1773| 
[NanoDet][07-05 14:52:54]INFO:Train|Epoch11/24|Iter3750(321/343)| mem:21.9G| lr:6.51e-04| loss_qfl:0.2142| loss_bbox:0.3194| loss_dfl:0.1977| aux_loss_qfl:0.1924| aux_loss_bbox:0.3032| aux_loss_dfl:0.1912| 
[NanoDet][07-05 14:53:34]INFO:Train|Epoch12/24|Iter3800(28/343)| mem:21.9G| lr:5.89e-04| loss_qfl:0.2416| loss_bbox:0.2748| loss_dfl:0.1899| aux_loss_qfl:0.2136| aux_loss_bbox:0.2566| aux_loss_dfl:0.1819| 
[NanoDet][07-05 14:54:08]INFO:Train|Epoch12/24|Iter3850(78/343)| mem:21.9G| lr:5.89e-04| loss_qfl:0.2232| loss_bbox:0.2899| loss_dfl:0.1866| aux_loss_qfl:0.1893| aux_loss_bbox:0.2546| aux_loss_dfl:0.1744| 
[NanoDet][07-05 14:54:43]INFO:Train|Epoch12/24|Iter3900(128/343)| mem:21.9G| lr:5.89e-04| loss_qfl:0.2400| loss_bbox:0.3426| loss_dfl:0.2107| aux_loss_qfl:0.2033| aux_loss_bbox:0.3292| aux_loss_dfl:0.2056| 
[NanoDet][07-05 14:55:18]INFO:Train|Epoch12/24|Iter3950(178/343)| mem:21.9G| lr:5.89e-04| loss_qfl:0.2853| loss_bbox:0.2810| loss_dfl:0.1820| aux_loss_qfl:0.2672| aux_loss_bbox:0.2700| aux_loss_dfl:0.1751| 
[NanoDet][07-05 14:55:52]INFO:Train|Epoch12/24|Iter4000(228/343)| mem:21.9G| lr:5.89e-04| loss_qfl:0.2646| loss_bbox:0.2934| loss_dfl:0.1972| aux_loss_qfl:0.2444| aux_loss_bbox:0.2799| aux_loss_dfl:0.1883| 
[NanoDet][07-05 14:56:27]INFO:Train|Epoch12/24|Iter4050(278/343)| mem:21.9G| lr:5.89e-04| loss_qfl:0.2204| loss_bbox:0.2765| loss_dfl:0.1915| aux_loss_qfl:0.1838| aux_loss_bbox:0.2582| aux_loss_dfl:0.1822| 
[NanoDet][07-05 14:57:01]INFO:Train|Epoch12/24|Iter4100(328/343)| mem:21.9G| lr:5.89e-04| loss_qfl:0.2639| loss_bbox:0.2876| loss_dfl:0.1884| aux_loss_qfl:0.2317| aux_loss_bbox:0.2595| aux_loss_dfl:0.1800| 
[NanoDet][07-05 14:57:17]INFO:Val|Epoch12/24|Iter4116(1/40)| mem:21.9G| lr:5.27e-04| loss_qfl:0.2931| loss_bbox:0.3467| loss_dfl:0.2134| aux_loss_qfl:0.2721| aux_loss_bbox:0.3282| aux_loss_dfl:0.2071| 
[NanoDet][07-05 14:57:49]INFO:
 Average Precision  (AP) @[ IoU=0.50:0.95 | area=   all | maxDets=100 ] = 0.563
 Average Precision  (AP) @[ IoU=0.50      | area=   all | maxDets=100 ] = 0.835
 Average Precision  (AP) @[ IoU=0.75      | area=   all | maxDets=100 ] = 0.628
 Average Precision  (AP) @[ IoU=0.50:0.95 | area= small | maxDets=100 ] = 0.077
 Average Precision  (AP) @[ IoU=0.50:0.95 | area=medium | maxDets=100 ] = 0.390
 Average Precision  (AP) @[ IoU=0.50:0.95 | area= large | maxDets=100 ] = 0.583
 Average Recall     (AR) @[ IoU=0.50:0.95 | area=   all | maxDets=  1 ] = 0.548
 Average Recall     (AR) @[ IoU=0.50:0.95 | area=   all | maxDets= 10 ] = 0.658
 Average Recall     (AR) @[ IoU=0.50:0.95 | area=   all | maxDets=100 ] = 0.687
 Average Recall     (AR) @[ IoU=0.50:0.95 | area= small | maxDets=100 ] = 0.171
 Average Recall     (AR) @[ IoU=0.50:0.95 | area=medium | maxDets=100 ] = 0.526
 Average Recall     (AR) @[ IoU=0.50:0.95 | area= large | maxDets=100 ] = 0.705

[NanoDet][07-05 14:57:49]INFO:
| class        | AP50   | mAP   | class    | AP50   | mAP   |
|:-------------|:-------|:------|:---------|:-------|:------|
| bird         | 90.5   | 65.8  | squirrel | 87.9   | 55.8  |
| cat          | 92.4   | 64.1  | person   | 52.5   | 27.2  |
| other_animal | 94.1   | 68.5  |          |        |       |
[NanoDet][07-05 14:57:50]INFO:Saving model to /root/autodl-tmp/nanodet_round2/data100-1.5x-exact/model_best/nanodet_model_best.pth
[NanoDet][07-05 14:57:50]INFO:Val_metrics: {'mAP': 0.5626826554061878, 'AP_50': 0.8346598727492043, 'AP_75': 0.6280118559349878, 'AP_small': 0.07733557284299858, 'AP_m': 0.3895844773602686, 'AP_l': 0.5826525524434236}
Loading and preparing results...
DONE (t=0.86s)
creating index...
index created!
Running per image evaluation...
Evaluate annotation type *bbox*
DONE (t=6.70s).
Accumulating evaluation results...
DONE (t=1.52s).
[NanoDet][07-05 14:58:19]INFO:Train|Epoch13/24|Iter4150(35/343)| mem:21.9G| lr:5.27e-04| loss_qfl:0.1925| loss_bbox:0.2818| loss_dfl:0.1853| aux_loss_qfl:0.1623| aux_loss_bbox:0.2561| aux_loss_dfl:0.1753| 
[NanoDet][07-05 14:58:54]INFO:Train|Epoch13/24|Iter4200(85/343)| mem:21.9G| lr:5.27e-04| loss_qfl:0.2420| loss_bbox:0.2855| loss_dfl:0.1911| aux_loss_qfl:0.2062| aux_loss_bbox:0.2622| aux_loss_dfl:0.1842| 
[NanoDet][07-05 14:59:29]INFO:Train|Epoch13/24|Iter4250(135/343)| mem:21.9G| lr:5.27e-04| loss_qfl:0.2253| loss_bbox:0.2802| loss_dfl:0.1823| aux_loss_qfl:0.1986| aux_loss_bbox:0.2400| aux_loss_dfl:0.1711| 
[NanoDet][07-05 15:00:03]INFO:Train|Epoch13/24|Iter4300(185/343)| mem:21.9G| lr:5.27e-04| loss_qfl:0.2651| loss_bbox:0.3145| loss_dfl:0.2043| aux_loss_qfl:0.2430| aux_loss_bbox:0.3024| aux_loss_dfl:0.1965| 
[NanoDet][07-05 15:00:38]INFO:Train|Epoch13/24|Iter4350(235/343)| mem:21.9G| lr:5.27e-04| loss_qfl:0.2503| loss_bbox:0.2939| loss_dfl:0.1845| aux_loss_qfl:0.2309| aux_loss_bbox:0.2754| aux_loss_dfl:0.1794| 
[NanoDet][07-05 15:01:13]INFO:Train|Epoch13/24|Iter4400(285/343)| mem:21.9G| lr:5.27e-04| loss_qfl:0.2847| loss_bbox:0.2856| loss_dfl:0.1872| aux_loss_qfl:0.2670| aux_loss_bbox:0.2722| aux_loss_dfl:0.1818| 
[NanoDet][07-05 15:01:47]INFO:Train|Epoch13/24|Iter4450(335/343)| mem:21.9G| lr:5.27e-04| loss_qfl:0.2454| loss_bbox:0.2720| loss_dfl:0.1894| aux_loss_qfl:0.2182| aux_loss_bbox:0.2578| aux_loss_dfl:0.1822| 
[NanoDet][07-05 15:02:27]INFO:Train|Epoch14/24|Iter4500(42/343)| mem:21.9G| lr:4.65e-04| loss_qfl:0.2747| loss_bbox:0.3455| loss_dfl:0.1974| aux_loss_qfl:0.2450| aux_loss_bbox:0.3172| aux_loss_dfl:0.1872| 
[NanoDet][07-05 15:03:01]INFO:Train|Epoch14/24|Iter4550(92/343)| mem:21.9G| lr:4.65e-04| loss_qfl:0.1983| loss_bbox:0.3309| loss_dfl:0.2053| aux_loss_qfl:0.1752| aux_loss_bbox:0.3071| aux_loss_dfl:0.1947| 
[NanoDet][07-05 15:03:36]INFO:Train|Epoch14/24|Iter4600(142/343)| mem:21.9G| lr:4.65e-04| loss_qfl:0.2111| loss_bbox:0.2799| loss_dfl:0.1852| aux_loss_qfl:0.1797| aux_loss_bbox:0.2540| aux_loss_dfl:0.1779| 
[NanoDet][07-05 15:04:10]INFO:Train|Epoch14/24|Iter4650(192/343)| mem:21.9G| lr:4.65e-04| loss_qfl:0.2508| loss_bbox:0.3150| loss_dfl:0.1988| aux_loss_qfl:0.2323| aux_loss_bbox:0.2842| aux_loss_dfl:0.1853| 
[NanoDet][07-05 15:04:45]INFO:Train|Epoch14/24|Iter4700(242/343)| mem:21.9G| lr:4.65e-04| loss_qfl:0.2923| loss_bbox:0.2857| loss_dfl:0.1809| aux_loss_qfl:0.2652| aux_loss_bbox:0.2633| aux_loss_dfl:0.1744| 
[NanoDet][07-05 15:05:19]INFO:Train|Epoch14/24|Iter4750(292/343)| mem:21.9G| lr:4.65e-04| loss_qfl:0.2131| loss_bbox:0.3005| loss_dfl:0.1885| aux_loss_qfl:0.1870| aux_loss_bbox:0.2786| aux_loss_dfl:0.1791| 
[NanoDet][07-05 15:05:53]INFO:Train|Epoch14/24|Iter4800(342/343)| mem:21.9G| lr:4.65e-04| loss_qfl:0.2313| loss_bbox:0.2761| loss_dfl:0.1804| aux_loss_qfl:0.2240| aux_loss_bbox:0.2449| aux_loss_dfl:0.1706| 
[NanoDet][07-05 15:06:33]INFO:Train|Epoch15/24|Iter4850(49/343)| mem:21.9G| lr:4.04e-04| loss_qfl:0.2317| loss_bbox:0.2988| loss_dfl:0.1942| aux_loss_qfl:0.2036| aux_loss_bbox:0.2811| aux_loss_dfl:0.1856| 
[NanoDet][07-05 15:07:08]INFO:Train|Epoch15/24|Iter4900(99/343)| mem:21.9G| lr:4.04e-04| loss_qfl:0.2114| loss_bbox:0.3127| loss_dfl:0.1976| aux_loss_qfl:0.1957| aux_loss_bbox:0.2985| aux_loss_dfl:0.1928| 
[NanoDet][07-05 15:07:42]INFO:Train|Epoch15/24|Iter4950(149/343)| mem:21.9G| lr:4.04e-04| loss_qfl:0.2049| loss_bbox:0.2577| loss_dfl:0.1782| aux_loss_qfl:0.1738| aux_loss_bbox:0.2462| aux_loss_dfl:0.1731| 
[NanoDet][07-05 15:08:17]INFO:Train|Epoch15/24|Iter5000(199/343)| mem:21.9G| lr:4.04e-04| loss_qfl:0.2304| loss_bbox:0.2911| loss_dfl:0.1864| aux_loss_qfl:0.1970| aux_loss_bbox:0.2704| aux_loss_dfl:0.1799| 
[NanoDet][07-05 15:08:51]INFO:Train|Epoch15/24|Iter5050(249/343)| mem:21.9G| lr:4.04e-04| loss_qfl:0.2173| loss_bbox:0.2708| loss_dfl:0.1920| aux_loss_qfl:0.1947| aux_loss_bbox:0.2567| aux_loss_dfl:0.1855| 
[NanoDet][07-05 15:09:26]INFO:Train|Epoch15/24|Iter5100(299/343)| mem:21.9G| lr:4.04e-04| loss_qfl:0.2346| loss_bbox:0.3057| loss_dfl:0.1934| aux_loss_qfl:0.2151| aux_loss_bbox:0.2774| aux_loss_dfl:0.1848| 
[NanoDet][07-05 15:10:02]INFO:Val|Epoch15/24|Iter5145(1/40)| mem:21.9G| lr:3.44e-04| loss_qfl:0.2985| loss_bbox:0.3364| loss_dfl:0.2080| aux_loss_qfl:0.2607| aux_loss_bbox:0.3125| aux_loss_dfl:0.2002| 
[NanoDet][07-05 15:10:33]INFO:
 Average Precision  (AP) @[ IoU=0.50:0.95 | area=   all | maxDets=100 ] = 0.583
 Average Precision  (AP) @[ IoU=0.50      | area=   all | maxDets=100 ] = 0.840
 Average Precision  (AP) @[ IoU=0.75      | area=   all | maxDets=100 ] = 0.651
 Average Precision  (AP) @[ IoU=0.50:0.95 | area= small | maxDets=100 ] = 0.055
 Average Precision  (AP) @[ IoU=0.50:0.95 | area=medium | maxDets=100 ] = 0.422
 Average Precision  (AP) @[ IoU=0.50:0.95 | area= large | maxDets=100 ] = 0.603
 Average Recall     (AR) @[ IoU=0.50:0.95 | area=   all | maxDets=  1 ] = 0.557
 Average Recall     (AR) @[ IoU=0.50:0.95 | area=   all | maxDets= 10 ] = 0.668
 Average Recall     (AR) @[ IoU=0.50:0.95 | area=   all | maxDets=100 ] = 0.696
 Average Recall     (AR) @[ IoU=0.50:0.95 | area= small | maxDets=100 ] = 0.250
 Average Recall     (AR) @[ IoU=0.50:0.95 | area=medium | maxDets=100 ] = 0.532
 Average Recall     (AR) @[ IoU=0.50:0.95 | area= large | maxDets=100 ] = 0.714

[NanoDet][07-05 15:10:33]INFO:
| class        | AP50   | mAP   | class    | AP50   | mAP   |
|:-------------|:-------|:------|:---------|:-------|:------|
| bird         | 91.3   | 67.0  | squirrel | 86.2   | 57.4  |
| cat          | 93.2   | 68.2  | person   | 54.3   | 28.5  |
| other_animal | 94.8   | 70.4  |          |        |       |
[NanoDet][07-05 15:10:33]INFO:Saving model to /root/autodl-tmp/nanodet_round2/data100-1.5x-exact/model_best/nanodet_model_best.pth
[NanoDet][07-05 15:10:33]INFO:Val_metrics: {'mAP': 0.5828718465309582, 'AP_50': 0.8396766580632483, 'AP_75': 0.6506186821435574, 'AP_small': 0.05534200755887171, 'AP_m': 0.4215338427484849, 'AP_l': 0.6032905885262438}
Loading and preparing results...
DONE (t=0.78s)
creating index...
index created!
Running per image evaluation...
Evaluate annotation type *bbox*
DONE (t=6.52s).
Accumulating evaluation results...
DONE (t=1.40s).
[NanoDet][07-05 15:10:43]INFO:Train|Epoch16/24|Iter5150(6/343)| mem:21.9G| lr:3.44e-04| loss_qfl:0.2034| loss_bbox:0.2560| loss_dfl:0.1747| aux_loss_qfl:0.1740| aux_loss_bbox:0.2417| aux_loss_dfl:0.1675| 
[NanoDet][07-05 15:11:18]INFO:Train|Epoch16/24|Iter5200(56/343)| mem:21.9G| lr:3.44e-04| loss_qfl:0.2303| loss_bbox:0.2901| loss_dfl:0.1940| aux_loss_qfl:0.2132| aux_loss_bbox:0.2771| aux_loss_dfl:0.1886| 
[NanoDet][07-05 15:11:52]INFO:Train|Epoch16/24|Iter5250(106/343)| mem:21.9G| lr:3.44e-04| loss_qfl:0.2022| loss_bbox:0.2938| loss_dfl:0.1808| aux_loss_qfl:0.1782| aux_loss_bbox:0.2756| aux_loss_dfl:0.1759| 
[NanoDet][07-05 15:12:27]INFO:Train|Epoch16/24|Iter5300(156/343)| mem:21.9G| lr:3.44e-04| loss_qfl:0.1994| loss_bbox:0.3021| loss_dfl:0.1905| aux_loss_qfl:0.1792| aux_loss_bbox:0.2917| aux_loss_dfl:0.1860| 
[NanoDet][07-05 15:13:01]INFO:Train|Epoch16/24|Iter5350(206/343)| mem:21.9G| lr:3.44e-04| loss_qfl:0.2167| loss_bbox:0.2450| loss_dfl:0.1733| aux_loss_qfl:0.1831| aux_loss_bbox:0.2290| aux_loss_dfl:0.1648| 
[NanoDet][07-05 15:13:36]INFO:Train|Epoch16/24|Iter5400(256/343)| mem:21.9G| lr:3.44e-04| loss_qfl:0.1813| loss_bbox:0.2915| loss_dfl:0.1904| aux_loss_qfl:0.1453| aux_loss_bbox:0.2624| aux_loss_dfl:0.1830| 
[NanoDet][07-05 15:14:10]INFO:Train|Epoch16/24|Iter5450(306/343)| mem:21.9G| lr:3.44e-04| loss_qfl:0.2314| loss_bbox:0.2833| loss_dfl:0.1947| aux_loss_qfl:0.2102| aux_loss_bbox:0.2603| aux_loss_dfl:0.1882| 
[NanoDet][07-05 15:14:50]INFO:Train|Epoch17/24|Iter5500(13/343)| mem:21.9G| lr:2.89e-04| loss_qfl:0.2278| loss_bbox:0.2887| loss_dfl:0.1869| aux_loss_qfl:0.2103| aux_loss_bbox:0.2713| aux_loss_dfl:0.1836| 
[NanoDet][07-05 15:15:25]INFO:Train|Epoch17/24|Iter5550(63/343)| mem:21.9G| lr:2.89e-04| loss_qfl:0.2332| loss_bbox:0.3006| loss_dfl:0.1946| aux_loss_qfl:0.2155| aux_loss_bbox:0.2768| aux_loss_dfl:0.1876| 
[NanoDet][07-05 15:15:59]INFO:Train|Epoch17/24|Iter5600(113/343)| mem:21.9G| lr:2.89e-04| loss_qfl:0.1820| loss_bbox:0.2655| loss_dfl:0.1827| aux_loss_qfl:0.1579| aux_loss_bbox:0.2484| aux_loss_dfl:0.1752| 
[NanoDet][07-05 15:16:33]INFO:Train|Epoch17/24|Iter5650(163/343)| mem:21.9G| lr:2.89e-04| loss_qfl:0.1969| loss_bbox:0.3114| loss_dfl:0.2029| aux_loss_qfl:0.1691| aux_loss_bbox:0.2901| aux_loss_dfl:0.1918| 
[NanoDet][07-05 15:17:08]INFO:Train|Epoch17/24|Iter5700(213/343)| mem:21.9G| lr:2.89e-04| loss_qfl:0.1777| loss_bbox:0.2909| loss_dfl:0.1876| aux_loss_qfl:0.1541| aux_loss_bbox:0.2655| aux_loss_dfl:0.1773| 
[NanoDet][07-05 15:17:42]INFO:Train|Epoch17/24|Iter5750(263/343)| mem:21.9G| lr:2.89e-04| loss_qfl:0.2334| loss_bbox:0.3131| loss_dfl:0.1851| aux_loss_qfl:0.2060| aux_loss_bbox:0.2904| aux_loss_dfl:0.1757| 
[NanoDet][07-05 15:18:17]INFO:Train|Epoch17/24|Iter5800(313/343)| mem:21.9G| lr:2.89e-04| loss_qfl:0.2018| loss_bbox:0.2767| loss_dfl:0.1868| aux_loss_qfl:0.1737| aux_loss_bbox:0.2606| aux_loss_dfl:0.1808| 
[NanoDet][07-05 15:18:57]INFO:Train|Epoch18/24|Iter5850(20/343)| mem:21.9G| lr:2.37e-04| loss_qfl:0.1841| loss_bbox:0.2559| loss_dfl:0.1698| aux_loss_qfl:0.1647| aux_loss_bbox:0.2370| aux_loss_dfl:0.1638| 
[NanoDet][07-05 15:19:31]INFO:Train|Epoch18/24|Iter5900(70/343)| mem:21.9G| lr:2.37e-04| loss_qfl:0.1979| loss_bbox:0.2692| loss_dfl:0.1879| aux_loss_qfl:0.1813| aux_loss_bbox:0.2508| aux_loss_dfl:0.1796| 
[NanoDet][07-05 15:20:06]INFO:Train|Epoch18/24|Iter5950(120/343)| mem:21.9G| lr:2.37e-04| loss_qfl:0.1572| loss_bbox:0.2865| loss_dfl:0.1893| aux_loss_qfl:0.1295| aux_loss_bbox:0.2661| aux_loss_dfl:0.1812| 
[NanoDet][07-05 15:20:41]INFO:Train|Epoch18/24|Iter6000(170/343)| mem:21.9G| lr:2.37e-04| loss_qfl:0.1693| loss_bbox:0.2819| loss_dfl:0.1878| aux_loss_qfl:0.1457| aux_loss_bbox:0.2605| aux_loss_dfl:0.1834| 
[NanoDet][07-05 15:21:15]INFO:Train|Epoch18/24|Iter6050(220/343)| mem:21.9G| lr:2.37e-04| loss_qfl:0.2027| loss_bbox:0.2859| loss_dfl:0.1950| aux_loss_qfl:0.1713| aux_loss_bbox:0.2590| aux_loss_dfl:0.1836| 
[NanoDet][07-05 15:21:50]INFO:Train|Epoch18/24|Iter6100(270/343)| mem:21.9G| lr:2.37e-04| loss_qfl:0.2035| loss_bbox:0.2572| loss_dfl:0.1787| aux_loss_qfl:0.1717| aux_loss_bbox:0.2432| aux_loss_dfl:0.1747| 
[NanoDet][07-05 15:22:25]INFO:Train|Epoch18/24|Iter6150(320/343)| mem:21.9G| lr:2.37e-04| loss_qfl:0.2030| loss_bbox:0.2958| loss_dfl:0.1854| aux_loss_qfl:0.1802| aux_loss_bbox:0.2662| aux_loss_dfl:0.1769| 
[NanoDet][07-05 15:22:46]INFO:Val|Epoch18/24|Iter6174(1/40)| mem:21.9G| lr:1.90e-04| loss_qfl:0.2876| loss_bbox:0.3360| loss_dfl:0.2115| aux_loss_qfl:0.2511| aux_loss_bbox:0.3216| aux_loss_dfl:0.2079| 
[NanoDet][07-05 15:23:15]INFO:
 Average Precision  (AP) @[ IoU=0.50:0.95 | area=   all | maxDets=100 ] = 0.599
 Average Precision  (AP) @[ IoU=0.50      | area=   all | maxDets=100 ] = 0.856
 Average Precision  (AP) @[ IoU=0.75      | area=   all | maxDets=100 ] = 0.676
 Average Precision  (AP) @[ IoU=0.50:0.95 | area= small | maxDets=100 ] = 0.042
 Average Precision  (AP) @[ IoU=0.50:0.95 | area=medium | maxDets=100 ] = 0.405
 Average Precision  (AP) @[ IoU=0.50:0.95 | area= large | maxDets=100 ] = 0.620
 Average Recall     (AR) @[ IoU=0.50:0.95 | area=   all | maxDets=  1 ] = 0.566
 Average Recall     (AR) @[ IoU=0.50:0.95 | area=   all | maxDets= 10 ] = 0.674
 Average Recall     (AR) @[ IoU=0.50:0.95 | area=   all | maxDets=100 ] = 0.701
 Average Recall     (AR) @[ IoU=0.50:0.95 | area= small | maxDets=100 ] = 0.164
 Average Recall     (AR) @[ IoU=0.50:0.95 | area=medium | maxDets=100 ] = 0.517
 Average Recall     (AR) @[ IoU=0.50:0.95 | area= large | maxDets=100 ] = 0.720

[NanoDet][07-05 15:23:15]INFO:
| class        | AP50   | mAP   | class    | AP50   | mAP   |
|:-------------|:-------|:------|:---------|:-------|:------|
| bird         | 91.5   | 68.4  | squirrel | 89.9   | 59.4  |
| cat          | 95.6   | 71.0  | person   | 55.1   | 29.6  |
| other_animal | 95.7   | 71.0  |          |        |       |
[NanoDet][07-05 15:23:16]INFO:Saving model to /root/autodl-tmp/nanodet_round2/data100-1.5x-exact/model_best/nanodet_model_best.pth
[NanoDet][07-05 15:23:16]INFO:Val_metrics: {'mAP': 0.5987852810210238, 'AP_50': 0.8555175916909137, 'AP_75': 0.6764133594150832, 'AP_small': 0.04191829951496098, 'AP_m': 0.4047913516662839, 'AP_l': 0.6196232003331235}
Loading and preparing results...
DONE (t=0.53s)
creating index...
index created!
Running per image evaluation...
Evaluate annotation type *bbox*
DONE (t=5.48s).
Accumulating evaluation results...
DONE (t=1.17s).
[NanoDet][07-05 15:23:41]INFO:Train|Epoch19/24|Iter6200(27/343)| mem:21.9G| lr:1.90e-04| loss_qfl:0.2120| loss_bbox:0.3017| loss_dfl:0.1914| aux_loss_qfl:0.1899| aux_loss_bbox:0.2785| aux_loss_dfl:0.1855| 
[NanoDet][07-05 15:24:15]INFO:Train|Epoch19/24|Iter6250(77/343)| mem:21.9G| lr:1.90e-04| loss_qfl:0.1896| loss_bbox:0.2849| loss_dfl:0.1837| aux_loss_qfl:0.1672| aux_loss_bbox:0.2675| aux_loss_dfl:0.1763| 
[NanoDet][07-05 15:24:49]INFO:Train|Epoch19/24|Iter6300(127/343)| mem:21.9G| lr:1.90e-04| loss_qfl:0.1808| loss_bbox:0.3163| loss_dfl:0.2006| aux_loss_qfl:0.1672| aux_loss_bbox:0.3028| aux_loss_dfl:0.1930| 
[NanoDet][07-05 15:25:24]INFO:Train|Epoch19/24|Iter6350(177/343)| mem:21.9G| lr:1.90e-04| loss_qfl:0.2233| loss_bbox:0.2482| loss_dfl:0.1773| aux_loss_qfl:0.1947| aux_loss_bbox:0.2238| aux_loss_dfl:0.1679| 
[NanoDet][07-05 15:25:59]INFO:Train|Epoch19/24|Iter6400(227/343)| mem:21.9G| lr:1.90e-04| loss_qfl:0.1952| loss_bbox:0.2492| loss_dfl:0.1768| aux_loss_qfl:0.1815| aux_loss_bbox:0.2258| aux_loss_dfl:0.1712| 
[NanoDet][07-05 15:26:33]INFO:Train|Epoch19/24|Iter6450(277/343)| mem:21.9G| lr:1.90e-04| loss_qfl:0.1642| loss_bbox:0.2644| loss_dfl:0.1793| aux_loss_qfl:0.1434| aux_loss_bbox:0.2463| aux_loss_dfl:0.1737| 
[NanoDet][07-05 15:27:08]INFO:Train|Epoch19/24|Iter6500(327/343)| mem:21.9G| lr:1.90e-04| loss_qfl:0.1787| loss_bbox:0.2685| loss_dfl:0.1888| aux_loss_qfl:0.1494| aux_loss_bbox:0.2548| aux_loss_dfl:0.1839| 
[NanoDet][07-05 15:27:48]INFO:Train|Epoch20/24|Iter6550(34/343)| mem:21.9G| lr:1.49e-04| loss_qfl:0.2291| loss_bbox:0.3258| loss_dfl:0.1984| aux_loss_qfl:0.2071| aux_loss_bbox:0.2998| aux_loss_dfl:0.1910| 
[NanoDet][07-05 15:28:22]INFO:Train|Epoch20/24|Iter6600(84/343)| mem:21.9G| lr:1.49e-04| loss_qfl:0.1919| loss_bbox:0.2622| loss_dfl:0.1728| aux_loss_qfl:0.1707| aux_loss_bbox:0.2408| aux_loss_dfl:0.1640| 
[NanoDet][07-05 15:28:57]INFO:Train|Epoch20/24|Iter6650(134/343)| mem:21.9G| lr:1.49e-04| loss_qfl:0.2003| loss_bbox:0.2535| loss_dfl:0.1750| aux_loss_qfl:0.1667| aux_loss_bbox:0.2327| aux_loss_dfl:0.1651| 
[NanoDet][07-05 15:29:31]INFO:Train|Epoch20/24|Iter6700(184/343)| mem:21.9G| lr:1.49e-04| loss_qfl:0.1505| loss_bbox:0.2648| loss_dfl:0.1814| aux_loss_qfl:0.1290| aux_loss_bbox:0.2476| aux_loss_dfl:0.1755| 
[NanoDet][07-05 15:30:06]INFO:Train|Epoch20/24|Iter6750(234/343)| mem:21.9G| lr:1.49e-04| loss_qfl:0.1869| loss_bbox:0.3105| loss_dfl:0.1979| aux_loss_qfl:0.1635| aux_loss_bbox:0.2951| aux_loss_dfl:0.1904| 
[NanoDet][07-05 15:30:40]INFO:Train|Epoch20/24|Iter6800(284/343)| mem:21.9G| lr:1.49e-04| loss_qfl:0.2003| loss_bbox:0.2902| loss_dfl:0.1880| aux_loss_qfl:0.1706| aux_loss_bbox:0.2748| aux_loss_dfl:0.1817| 
[NanoDet][07-05 15:31:15]INFO:Train|Epoch20/24|Iter6850(334/343)| mem:21.9G| lr:1.49e-04| loss_qfl:0.2213| loss_bbox:0.3315| loss_dfl:0.2008| aux_loss_qfl:0.2050| aux_loss_bbox:0.3110| aux_loss_dfl:0.1924| 
[NanoDet][07-05 15:31:55]INFO:Train|Epoch21/24|Iter6900(41/343)| mem:21.9G| lr:1.14e-04| loss_qfl:0.1711| loss_bbox:0.2809| loss_dfl:0.1898| aux_loss_qfl:0.1437| aux_loss_bbox:0.2704| aux_loss_dfl:0.1843| 
[NanoDet][07-05 15:32:30]INFO:Train|Epoch21/24|Iter6950(91/343)| mem:21.9G| lr:1.14e-04| loss_qfl:0.2176| loss_bbox:0.2959| loss_dfl:0.1812| aux_loss_qfl:0.1911| aux_loss_bbox:0.2798| aux_loss_dfl:0.1735| 
[NanoDet][07-05 15:33:04]INFO:Train|Epoch21/24|Iter7000(141/343)| mem:21.9G| lr:1.14e-04| loss_qfl:0.1652| loss_bbox:0.2870| loss_dfl:0.1891| aux_loss_qfl:0.1506| aux_loss_bbox:0.2709| aux_loss_dfl:0.1822| 
[NanoDet][07-05 15:33:39]INFO:Train|Epoch21/24|Iter7050(191/343)| mem:21.9G| lr:1.14e-04| loss_qfl:0.1813| loss_bbox:0.2616| loss_dfl:0.1765| aux_loss_qfl:0.1546| aux_loss_bbox:0.2453| aux_loss_dfl:0.1695| 
[NanoDet][07-05 15:34:14]INFO:Train|Epoch21/24|Iter7100(241/343)| mem:21.9G| lr:1.14e-04| loss_qfl:0.1844| loss_bbox:0.2705| loss_dfl:0.1772| aux_loss_qfl:0.1629| aux_loss_bbox:0.2533| aux_loss_dfl:0.1710| 
[NanoDet][07-05 15:34:48]INFO:Train|Epoch21/24|Iter7150(291/343)| mem:21.9G| lr:1.14e-04| loss_qfl:0.1688| loss_bbox:0.2786| loss_dfl:0.1851| aux_loss_qfl:0.1385| aux_loss_bbox:0.2642| aux_loss_dfl:0.1776| 
[NanoDet][07-05 15:35:22]INFO:Train|Epoch21/24|Iter7200(341/343)| mem:21.9G| lr:1.14e-04| loss_qfl:0.2189| loss_bbox:0.2682| loss_dfl:0.1783| aux_loss_qfl:0.1976| aux_loss_bbox:0.2485| aux_loss_dfl:0.1696| 
[NanoDet][07-05 15:35:30]INFO:Val|Epoch21/24|Iter7203(1/40)| mem:21.9G| lr:8.63e-05| loss_qfl:0.2614| loss_bbox:0.3365| loss_dfl:0.2107| aux_loss_qfl:0.2391| aux_loss_bbox:0.3160| aux_loss_dfl:0.2041| 
[NanoDet][07-05 15:35:58]INFO:
 Average Precision  (AP) @[ IoU=0.50:0.95 | area=   all | maxDets=100 ] = 0.613
 Average Precision  (AP) @[ IoU=0.50      | area=   all | maxDets=100 ] = 0.863
 Average Precision  (AP) @[ IoU=0.75      | area=   all | maxDets=100 ] = 0.691
 Average Precision  (AP) @[ IoU=0.50:0.95 | area= small | maxDets=100 ] = 0.045
 Average Precision  (AP) @[ IoU=0.50:0.95 | area=medium | maxDets=100 ] = 0.400
 Average Precision  (AP) @[ IoU=0.50:0.95 | area= large | maxDets=100 ] = 0.634
 Average Recall     (AR) @[ IoU=0.50:0.95 | area=   all | maxDets=  1 ] = 0.576
 Average Recall     (AR) @[ IoU=0.50:0.95 | area=   all | maxDets= 10 ] = 0.681
 Average Recall     (AR) @[ IoU=0.50:0.95 | area=   all | maxDets=100 ] = 0.708
 Average Recall     (AR) @[ IoU=0.50:0.95 | area= small | maxDets=100 ] = 0.171
 Average Recall     (AR) @[ IoU=0.50:0.95 | area=medium | maxDets=100 ] = 0.525
 Average Recall     (AR) @[ IoU=0.50:0.95 | area= large | maxDets=100 ] = 0.727

[NanoDet][07-05 15:35:58]INFO:
| class        | AP50   | mAP   | class    | AP50   | mAP   |
|:-------------|:-------|:------|:---------|:-------|:------|
| bird         | 91.9   | 68.9  | squirrel | 91.4   | 61.8  |
| cat          | 95.5   | 72.6  | person   | 56.4   | 30.6  |
| other_animal | 96.6   | 72.5  |          |        |       |
[NanoDet][07-05 15:35:59]INFO:Saving model to /root/autodl-tmp/nanodet_round2/data100-1.5x-exact/model_best/nanodet_model_best.pth
[NanoDet][07-05 15:35:59]INFO:Val_metrics: {'mAP': 0.6127623969318216, 'AP_50': 0.863365427367926, 'AP_75': 0.6913488094959006, 'AP_small': 0.04487484890935202, 'AP_m': 0.39989936243981056, 'AP_l': 0.6336148863035777}
Loading and preparing results...
DONE (t=0.64s)
creating index...
index created!
Running per image evaluation...
Evaluate annotation type *bbox*
DONE (t=5.32s).
Accumulating evaluation results...
DONE (t=1.10s).
[NanoDet][07-05 15:36:38]INFO:Train|Epoch22/24|Iter7250(48/343)| mem:21.9G| lr:8.63e-05| loss_qfl:0.1643| loss_bbox:0.2448| loss_dfl:0.1768| aux_loss_qfl:0.1445| aux_loss_bbox:0.2241| aux_loss_dfl:0.1693| 
[NanoDet][07-05 15:37:12]INFO:Train|Epoch22/24|Iter7300(98/343)| mem:21.9G| lr:8.63e-05| loss_qfl:0.2017| loss_bbox:0.2875| loss_dfl:0.1863| aux_loss_qfl:0.1867| aux_loss_bbox:0.2607| aux_loss_dfl:0.1777| 
[NanoDet][07-05 15:37:47]INFO:Train|Epoch22/24|Iter7350(148/343)| mem:21.9G| lr:8.63e-05| loss_qfl:0.1769| loss_bbox:0.2837| loss_dfl:0.1792| aux_loss_qfl:0.1651| aux_loss_bbox:0.2681| aux_loss_dfl:0.1705| 
[NanoDet][07-05 15:38:21]INFO:Train|Epoch22/24|Iter7400(198/343)| mem:21.9G| lr:8.63e-05| loss_qfl:0.1837| loss_bbox:0.2622| loss_dfl:0.1790| aux_loss_qfl:0.1693| aux_loss_bbox:0.2398| aux_loss_dfl:0.1697| 
[NanoDet][07-05 15:38:59]INFO:Train|Epoch22/24|Iter7450(248/343)| mem:21.9G| lr:8.63e-05| loss_qfl:0.1708| loss_bbox:0.2440| loss_dfl:0.1824| aux_loss_qfl:0.1551| aux_loss_bbox:0.2304| aux_loss_dfl:0.1758| 
[NanoDet][07-05 15:39:35]INFO:Train|Epoch22/24|Iter7500(298/343)| mem:21.9G| lr:8.63e-05| loss_qfl:0.1736| loss_bbox:0.2566| loss_dfl:0.1772| aux_loss_qfl:0.1586| aux_loss_bbox:0.2405| aux_loss_dfl:0.1736| 
[NanoDet][07-05 15:40:20]INFO:Train|Epoch23/24|Iter7550(5/343)| mem:21.9G| lr:6.63e-05| loss_qfl:0.2268| loss_bbox:0.2802| loss_dfl:0.1800| aux_loss_qfl:0.2027| aux_loss_bbox:0.2641| aux_loss_dfl:0.1729| 
[NanoDet][07-05 15:41:00]INFO:Train|Epoch23/24|Iter7600(55/343)| mem:21.9G| lr:6.63e-05| loss_qfl:0.1962| loss_bbox:0.2887| loss_dfl:0.1863| aux_loss_qfl:0.1657| aux_loss_bbox:0.2654| aux_loss_dfl:0.1772| 
[NanoDet][07-05 15:41:36]INFO:Train|Epoch23/24|Iter7650(105/343)| mem:21.9G| lr:6.63e-05| loss_qfl:0.1871| loss_bbox:0.2755| loss_dfl:0.1857| aux_loss_qfl:0.1691| aux_loss_bbox:0.2636| aux_loss_dfl:0.1791| 
[NanoDet][07-05 15:42:15]INFO:Train|Epoch23/24|Iter7700(155/343)| mem:21.9G| lr:6.63e-05| loss_qfl:0.1478| loss_bbox:0.2317| loss_dfl:0.1722| aux_loss_qfl:0.1307| aux_loss_bbox:0.2055| aux_loss_dfl:0.1647| 
[NanoDet][07-05 15:42:55]INFO:Train|Epoch23/24|Iter7750(205/343)| mem:21.9G| lr:6.63e-05| loss_qfl:0.2056| loss_bbox:0.2737| loss_dfl:0.1766| aux_loss_qfl:0.1813| aux_loss_bbox:0.2536| aux_loss_dfl:0.1675| 
[NanoDet][07-05 15:43:33]INFO:Train|Epoch23/24|Iter7800(255/343)| mem:21.9G| lr:6.63e-05| loss_qfl:0.1800| loss_bbox:0.2770| loss_dfl:0.1889| aux_loss_qfl:0.1659| aux_loss_bbox:0.2624| aux_loss_dfl:0.1811| 
[NanoDet][07-05 15:44:10]INFO:Train|Epoch23/24|Iter7850(305/343)| mem:21.9G| lr:6.63e-05| loss_qfl:0.1484| loss_bbox:0.2653| loss_dfl:0.1787| aux_loss_qfl:0.1316| aux_loss_bbox:0.2529| aux_loss_dfl:0.1742| 
[NanoDet][07-05 15:44:55]INFO:Train|Epoch24/24|Iter7900(12/343)| mem:21.9G| lr:5.41e-05| loss_qfl:0.1699| loss_bbox:0.2294| loss_dfl:0.1674| aux_loss_qfl:0.1422| aux_loss_bbox:0.2229| aux_loss_dfl:0.1627| 
[NanoDet][07-05 15:45:34]INFO:Train|Epoch24/24|Iter7950(62/343)| mem:21.9G| lr:5.41e-05| loss_qfl:0.1761| loss_bbox:0.2492| loss_dfl:0.1710| aux_loss_qfl:0.1461| aux_loss_bbox:0.2344| aux_loss_dfl:0.1662| 
[NanoDet][07-05 15:46:11]INFO:Train|Epoch24/24|Iter8000(112/343)| mem:21.9G| lr:5.41e-05| loss_qfl:0.1832| loss_bbox:0.2805| loss_dfl:0.1859| aux_loss_qfl:0.1526| aux_loss_bbox:0.2583| aux_loss_dfl:0.1791| 
[NanoDet][07-05 15:46:48]INFO:Train|Epoch24/24|Iter8050(162/343)| mem:21.9G| lr:5.41e-05| loss_qfl:0.1998| loss_bbox:0.2760| loss_dfl:0.1844| aux_loss_qfl:0.1767| aux_loss_bbox:0.2611| aux_loss_dfl:0.1767| 
[NanoDet][07-05 15:47:28]INFO:Train|Epoch24/24|Iter8100(212/343)| mem:21.9G| lr:5.41e-05| loss_qfl:0.2089| loss_bbox:0.2609| loss_dfl:0.1740| aux_loss_qfl:0.1866| aux_loss_bbox:0.2442| aux_loss_dfl:0.1673| 
[NanoDet][07-05 15:48:07]INFO:Train|Epoch24/24|Iter8150(262/343)| mem:21.9G| lr:5.41e-05| loss_qfl:0.1522| loss_bbox:0.2451| loss_dfl:0.1739| aux_loss_qfl:0.1265| aux_loss_bbox:0.2281| aux_loss_dfl:0.1676| 
[NanoDet][07-05 15:48:42]INFO:Train|Epoch24/24|Iter8200(312/343)| mem:21.9G| lr:5.41e-05| loss_qfl:0.1804| loss_bbox:0.2836| loss_dfl:0.1857| aux_loss_qfl:0.1619| aux_loss_bbox:0.2601| aux_loss_dfl:0.1759| 
[NanoDet][07-05 15:49:15]INFO:Val|Epoch24/24|Iter8232(1/40)| mem:21.9G| lr:5.00e-05| loss_qfl:0.2532| loss_bbox:0.3340| loss_dfl:0.2077| aux_loss_qfl:0.2283| aux_loss_bbox:0.3153| aux_loss_dfl:0.2023| 
[NanoDet][07-05 15:49:49]INFO:
 Average Precision  (AP) @[ IoU=0.50:0.95 | area=   all | maxDets=100 ] = 0.615
 Average Precision  (AP) @[ IoU=0.50      | area=   all | maxDets=100 ] = 0.865
 Average Precision  (AP) @[ IoU=0.75      | area=   all | maxDets=100 ] = 0.686
 Average Precision  (AP) @[ IoU=0.50:0.95 | area= small | maxDets=100 ] = 0.030
 Average Precision  (AP) @[ IoU=0.50:0.95 | area=medium | maxDets=100 ] = 0.397
 Average Precision  (AP) @[ IoU=0.50:0.95 | area= large | maxDets=100 ] = 0.636
 Average Recall     (AR) @[ IoU=0.50:0.95 | area=   all | maxDets=  1 ] = 0.580
 Average Recall     (AR) @[ IoU=0.50:0.95 | area=   all | maxDets= 10 ] = 0.685
 Average Recall     (AR) @[ IoU=0.50:0.95 | area=   all | maxDets=100 ] = 0.713
 Average Recall     (AR) @[ IoU=0.50:0.95 | area= small | maxDets=100 ] = 0.207
 Average Recall     (AR) @[ IoU=0.50:0.95 | area=medium | maxDets=100 ] = 0.561
 Average Recall     (AR) @[ IoU=0.50:0.95 | area= large | maxDets=100 ] = 0.731

[NanoDet][07-05 15:49:49]INFO:
| class        | AP50   | mAP   | class    | AP50   | mAP   |
|:-------------|:-------|:------|:---------|:-------|:------|
| bird         | 91.8   | 69.4  | squirrel | 91.6   | 61.7  |
| cat          | 95.5   | 72.9  | person   | 56.7   | 30.4  |
| other_animal | 96.8   | 72.9  |          |        |       |
[NanoDet][07-05 15:49:50]INFO:Saving model to /root/autodl-tmp/nanodet_round2/data100-1.5x-exact/model_best/nanodet_model_best.pth
[NanoDet][07-05 15:49:50]INFO:Val_metrics: {'mAP': 0.6147699245495346, 'AP_50': 0.8647796793276907, 'AP_75': 0.6863075170949757, 'AP_small': 0.030242534550531625, 'AP_m': 0.3971036911903339, 'AP_l': 0.6358279286487606}
`Trainer.fit` stopped: `max_epochs=24` reached.
Loading and preparing results...
DONE (t=0.66s)
creating index...
index created!
Running per image evaluation...
Evaluate annotation type *bbox*
DONE (t=9.84s).
Accumulating evaluation results...
DONE (t=1.94s).
TRAIN_EXIT=0
