[NanoDet][06-21 01:52:54]INFO: Setting up data...
[NanoDet][06-21 01:52:55]INFO: Creating model...
[NanoDet][06-21 01:53:01]INFO: Skip loading parameter head.gfl_cls.0.weight, required shapetorch.Size([37, 96, 1, 1]), loaded shapetorch.Size([112, 96, 1, 1]).
[NanoDet][06-21 01:53:01]INFO: Skip loading parameter head.gfl_cls.0.bias, required shapetorch.Size([37]), loaded shapetorch.Size([112]).
[NanoDet][06-21 01:53:01]INFO: Skip loading parameter head.gfl_cls.1.weight, required shapetorch.Size([37, 96, 1, 1]), loaded shapetorch.Size([112, 96, 1, 1]).
[NanoDet][06-21 01:53:01]INFO: Skip loading parameter head.gfl_cls.1.bias, required shapetorch.Size([37]), loaded shapetorch.Size([112]).
[NanoDet][06-21 01:53:01]INFO: Skip loading parameter head.gfl_cls.2.weight, required shapetorch.Size([37, 96, 1, 1]), loaded shapetorch.Size([112, 96, 1, 1]).
[NanoDet][06-21 01:53:01]INFO: Skip loading parameter head.gfl_cls.2.bias, required shapetorch.Size([37]), loaded shapetorch.Size([112]).
[NanoDet][06-21 01:53:01]INFO: Skip loading parameter head.gfl_cls.3.weight, required shapetorch.Size([37, 96, 1, 1]), loaded shapetorch.Size([112, 96, 1, 1]).
[NanoDet][06-21 01:53:01]INFO: Skip loading parameter head.gfl_cls.3.bias, required shapetorch.Size([37]), loaded shapetorch.Size([112]).
[NanoDet][06-21 01:53:01]INFO: Skip loading parameter aux_head.gfl_cls.weight, required shapetorch.Size([5, 192, 3, 3]), loaded shapetorch.Size([80, 192, 3, 3]).
[NanoDet][06-21 01:53:01]INFO: Skip loading parameter aux_head.gfl_cls.bias, required shapetorch.Size([5]), loaded shapetorch.Size([80]).
[NanoDet][06-21 01:53:01]INFO: Loaded model weight from /root/autodl-tmp/nanodet-plus-m_416_checkpoint.ckpt
[NanoDet][06-21 01:53:01]INFO: Weight Averaging is enabled
[NanoDet][06-21 01:53:10]INFO: Train|Epoch1/30|Iter0(1/711)| mem:10.7G| lr:1.00e-07| loss_qfl:1.0712| loss_bbox:1.5298| loss_dfl:0.5211| aux_loss_qfl:1.0790| aux_loss_bbox:0.8273| aux_loss_dfl:0.3184| 
[NanoDet][06-21 01:53:43]INFO: Train|Epoch1/30|Iter50(51/711)| mem:11.9G| lr:1.00e-04| loss_qfl:1.4547| loss_bbox:1.3708| loss_dfl:0.5035| aux_loss_qfl:0.9437| aux_loss_bbox:0.5339| aux_loss_dfl:0.2213| 
[NanoDet][06-21 01:54:16]INFO: Train|Epoch1/30|Iter100(101/711)| mem:11.9G| lr:2.00e-04| loss_qfl:1.0292| loss_bbox:0.9562| loss_dfl:0.4417| aux_loss_qfl:0.5981| aux_loss_bbox:0.3663| aux_loss_dfl:0.1914| 
[NanoDet][06-21 01:54:48]INFO: Train|Epoch1/30|Iter150(151/711)| mem:11.9G| lr:3.00e-04| loss_qfl:0.5845| loss_bbox:0.6479| loss_dfl:0.3740| aux_loss_qfl:0.5431| aux_loss_bbox:0.3385| aux_loss_dfl:0.2022| 
[NanoDet][06-21 01:55:20]INFO: Train|Epoch1/30|Iter200(201/711)| mem:11.9G| lr:4.00e-04| loss_qfl:0.5824| loss_bbox:0.6270| loss_dfl:0.3182| aux_loss_qfl:0.5358| aux_loss_bbox:0.3892| aux_loss_dfl:0.2088| 
[NanoDet][06-21 01:55:53]INFO: Train|Epoch1/30|Iter250(251/711)| mem:11.9G| lr:5.00e-04| loss_qfl:0.5229| loss_bbox:0.5754| loss_dfl:0.3037| aux_loss_qfl:0.5082| aux_loss_bbox:0.4134| aux_loss_dfl:0.2119| 
[NanoDet][06-21 01:56:25]INFO: Train|Epoch1/30|Iter300(301/711)| mem:11.9G| lr:6.00e-04| loss_qfl:0.5381| loss_bbox:0.4633| loss_dfl:0.2612| aux_loss_qfl:0.4666| aux_loss_bbox:0.3639| aux_loss_dfl:0.2154| 
[NanoDet][06-21 01:56:58]INFO: Train|Epoch1/30|Iter350(351/711)| mem:11.9G| lr:7.00e-04| loss_qfl:0.5313| loss_bbox:0.5113| loss_dfl:0.2646| aux_loss_qfl:0.4986| aux_loss_bbox:0.3889| aux_loss_dfl:0.2077| 
[NanoDet][06-21 01:57:32]INFO: Train|Epoch1/30|Iter400(401/711)| mem:11.9G| lr:8.00e-04| loss_qfl:0.5960| loss_bbox:0.4659| loss_dfl:0.2459| aux_loss_qfl:0.5491| aux_loss_bbox:0.3712| aux_loss_dfl:0.2062| 
[NanoDet][06-21 01:58:06]INFO: Train|Epoch1/30|Iter450(451/711)| mem:11.9G| lr:9.00e-04| loss_qfl:0.6085| loss_bbox:0.4479| loss_dfl:0.2367| aux_loss_qfl:0.5661| aux_loss_bbox:0.3619| aux_loss_dfl:0.2048| 
[NanoDet][06-21 01:58:39]INFO: Train|Epoch1/30|Iter500(501/711)| mem:11.9G| lr:1.00e-03| loss_qfl:0.6352| loss_bbox:0.4865| loss_dfl:0.2446| aux_loss_qfl:0.5369| aux_loss_bbox:0.4215| aux_loss_dfl:0.2086| 
[NanoDet][06-21 01:59:12]INFO: Train|Epoch1/30|Iter550(551/711)| mem:11.9G| lr:1.00e-03| loss_qfl:0.5272| loss_bbox:0.4312| loss_dfl:0.2250| aux_loss_qfl:0.4869| aux_loss_bbox:0.3621| aux_loss_dfl:0.1999| 
[NanoDet][06-21 01:59:46]INFO: Train|Epoch1/30|Iter600(601/711)| mem:11.9G| lr:1.00e-03| loss_qfl:0.5339| loss_bbox:0.4821| loss_dfl:0.2496| aux_loss_qfl:0.5135| aux_loss_bbox:0.4061| aux_loss_dfl:0.2236| 
[NanoDet][06-21 02:00:20]INFO: Train|Epoch1/30|Iter650(651/711)| mem:11.9G| lr:1.00e-03| loss_qfl:0.5226| loss_bbox:0.3973| loss_dfl:0.2200| aux_loss_qfl:0.4626| aux_loss_bbox:0.3497| aux_loss_dfl:0.1947| 
[NanoDet][06-21 02:00:53]INFO: Train|Epoch1/30|Iter700(701/711)| mem:11.9G| lr:1.00e-03| loss_qfl:0.5856| loss_bbox:0.3649| loss_dfl:0.2157| aux_loss_qfl:0.5246| aux_loss_bbox:0.3189| aux_loss_dfl:0.1949| 
[NanoDet][06-21 02:01:30]INFO: Train|Epoch2/30|Iter750(40/711)| mem:11.9G| lr:9.97e-04| loss_qfl:0.4748| loss_bbox:0.4561| loss_dfl:0.2296| aux_loss_qfl:0.4381| aux_loss_bbox:0.4131| aux_loss_dfl:0.2075| 
[NanoDet][06-21 02:02:02]INFO: Train|Epoch2/30|Iter800(90/711)| mem:11.9G| lr:9.97e-04| loss_qfl:0.4626| loss_bbox:0.4533| loss_dfl:0.2174| aux_loss_qfl:0.4110| aux_loss_bbox:0.3834| aux_loss_dfl:0.1968| 
[NanoDet][06-21 02:02:33]INFO: Train|Epoch2/30|Iter850(140/711)| mem:11.9G| lr:9.97e-04| loss_qfl:0.4582| loss_bbox:0.4833| loss_dfl:0.2226| aux_loss_qfl:0.4301| aux_loss_bbox:0.4116| aux_loss_dfl:0.2008| 
[NanoDet][06-21 02:03:03]INFO: Train|Epoch2/30|Iter900(190/711)| mem:11.9G| lr:9.97e-04| loss_qfl:0.5475| loss_bbox:0.4794| loss_dfl:0.2456| aux_loss_qfl:0.5293| aux_loss_bbox:0.4349| aux_loss_dfl:0.2304| 
[NanoDet][06-21 02:03:33]INFO: Train|Epoch2/30|Iter950(240/711)| mem:11.9G| lr:9.97e-04| loss_qfl:0.4629| loss_bbox:0.5412| loss_dfl:0.2411| aux_loss_qfl:0.4384| aux_loss_bbox:0.5042| aux_loss_dfl:0.2269| 
[NanoDet][06-21 02:04:05]INFO: Train|Epoch2/30|Iter1000(290/711)| mem:11.9G| lr:9.97e-04| loss_qfl:0.5100| loss_bbox:0.4448| loss_dfl:0.2227| aux_loss_qfl:0.4769| aux_loss_bbox:0.4042| aux_loss_dfl:0.2058| 
[NanoDet][06-21 02:04:38]INFO: Train|Epoch2/30|Iter1050(340/711)| mem:11.9G| lr:9.97e-04| loss_qfl:0.4935| loss_bbox:0.4262| loss_dfl:0.2187| aux_loss_qfl:0.4523| aux_loss_bbox:0.3654| aux_loss_dfl:0.1983| 
[NanoDet][06-21 02:05:10]INFO: Train|Epoch2/30|Iter1100(390/711)| mem:11.9G| lr:9.97e-04| loss_qfl:0.4988| loss_bbox:0.4504| loss_dfl:0.2307| aux_loss_qfl:0.4926| aux_loss_bbox:0.3976| aux_loss_dfl:0.2096| 
[NanoDet][06-21 02:05:43]INFO: Train|Epoch2/30|Iter1150(440/711)| mem:11.9G| lr:9.97e-04| loss_qfl:0.5231| loss_bbox:0.4313| loss_dfl:0.2219| aux_loss_qfl:0.4813| aux_loss_bbox:0.3891| aux_loss_dfl:0.2080| 
[NanoDet][06-21 02:06:16]INFO: Train|Epoch2/30|Iter1200(490/711)| mem:11.9G| lr:9.97e-04| loss_qfl:0.5581| loss_bbox:0.3675| loss_dfl:0.2062| aux_loss_qfl:0.5113| aux_loss_bbox:0.3344| aux_loss_dfl:0.1912| 
[NanoDet][06-21 02:06:49]INFO: Train|Epoch2/30|Iter1250(540/711)| mem:11.9G| lr:9.97e-04| loss_qfl:0.4624| loss_bbox:0.4855| loss_dfl:0.2212| aux_loss_qfl:0.4475| aux_loss_bbox:0.4417| aux_loss_dfl:0.2113| 
[NanoDet][06-21 02:07:22]INFO: Train|Epoch2/30|Iter1300(590/711)| mem:11.9G| lr:9.97e-04| loss_qfl:0.5097| loss_bbox:0.4306| loss_dfl:0.2244| aux_loss_qfl:0.4613| aux_loss_bbox:0.3679| aux_loss_dfl:0.2043| 
[NanoDet][06-21 02:07:55]INFO: Train|Epoch2/30|Iter1350(640/711)| mem:11.9G| lr:9.97e-04| loss_qfl:0.5719| loss_bbox:0.4519| loss_dfl:0.2304| aux_loss_qfl:0.5567| aux_loss_bbox:0.3778| aux_loss_dfl:0.2042| 
[NanoDet][06-21 02:08:27]INFO: Train|Epoch2/30|Iter1400(690/711)| mem:11.9G| lr:9.97e-04| loss_qfl:0.4721| loss_bbox:0.3958| loss_dfl:0.2205| aux_loss_qfl:0.4238| aux_loss_bbox:0.3395| aux_loss_dfl:0.2004| 
[NanoDet][06-21 02:09:02]INFO: Train|Epoch3/30|Iter1450(29/711)| mem:11.9G| lr:9.90e-04| loss_qfl:0.4372| loss_bbox:0.4911| loss_dfl:0.2187| aux_loss_qfl:0.4080| aux_loss_bbox:0.4417| aux_loss_dfl:0.2074| 
[NanoDet][06-21 02:09:35]INFO: Train|Epoch3/30|Iter1500(79/711)| mem:11.9G| lr:9.90e-04| loss_qfl:0.4725| loss_bbox:0.3938| loss_dfl:0.2176| aux_loss_qfl:0.4516| aux_loss_bbox:0.3570| aux_loss_dfl:0.2005| 
[NanoDet][06-21 02:10:08]INFO: Train|Epoch3/30|Iter1550(129/711)| mem:11.9G| lr:9.90e-04| loss_qfl:0.4861| loss_bbox:0.4257| loss_dfl:0.2189| aux_loss_qfl:0.4499| aux_loss_bbox:0.3722| aux_loss_dfl:0.2024| 
[NanoDet][06-21 02:10:40]INFO: Train|Epoch3/30|Iter1600(179/711)| mem:11.9G| lr:9.90e-04| loss_qfl:0.4851| loss_bbox:0.4275| loss_dfl:0.2226| aux_loss_qfl:0.4500| aux_loss_bbox:0.3797| aux_loss_dfl:0.2093| 
[NanoDet][06-21 02:11:13]INFO: Train|Epoch3/30|Iter1650(229/711)| mem:11.9G| lr:9.90e-04| loss_qfl:0.4239| loss_bbox:0.4618| loss_dfl:0.2211| aux_loss_qfl:0.3837| aux_loss_bbox:0.4218| aux_loss_dfl:0.2082| 
[NanoDet][06-21 02:11:45]INFO: Train|Epoch3/30|Iter1700(279/711)| mem:11.9G| lr:9.90e-04| loss_qfl:0.4473| loss_bbox:0.4207| loss_dfl:0.2155| aux_loss_qfl:0.4189| aux_loss_bbox:0.3805| aux_loss_dfl:0.2012| 
[NanoDet][06-21 02:12:17]INFO: Train|Epoch3/30|Iter1750(329/711)| mem:11.9G| lr:9.90e-04| loss_qfl:0.4377| loss_bbox:0.4958| loss_dfl:0.2418| aux_loss_qfl:0.4035| aux_loss_bbox:0.4457| aux_loss_dfl:0.2265| 
[NanoDet][06-21 02:12:50]INFO: Train|Epoch3/30|Iter1800(379/711)| mem:11.9G| lr:9.90e-04| loss_qfl:0.5369| loss_bbox:0.3938| loss_dfl:0.2249| aux_loss_qfl:0.5257| aux_loss_bbox:0.3438| aux_loss_dfl:0.2099| 
[NanoDet][06-21 02:13:22]INFO: Train|Epoch3/30|Iter1850(429/711)| mem:11.9G| lr:9.90e-04| loss_qfl:0.5486| loss_bbox:0.3980| loss_dfl:0.2068| aux_loss_qfl:0.5120| aux_loss_bbox:0.3483| aux_loss_dfl:0.1922| 
[NanoDet][06-21 02:13:54]INFO: Train|Epoch3/30|Iter1900(479/711)| mem:11.9G| lr:9.90e-04| loss_qfl:0.4376| loss_bbox:0.3772| loss_dfl:0.2040| aux_loss_qfl:0.4071| aux_loss_bbox:0.3582| aux_loss_dfl:0.1947| 
[NanoDet][06-21 02:14:25]INFO: Train|Epoch3/30|Iter1950(529/711)| mem:11.9G| lr:9.90e-04| loss_qfl:0.5270| loss_bbox:0.4533| loss_dfl:0.2318| aux_loss_qfl:0.4924| aux_loss_bbox:0.4030| aux_loss_dfl:0.2095| 
[NanoDet][06-21 02:14:57]INFO: Train|Epoch3/30|Iter2000(579/711)| mem:11.9G| lr:9.90e-04| loss_qfl:0.4822| loss_bbox:0.4247| loss_dfl:0.2119| aux_loss_qfl:0.4467| aux_loss_bbox:0.3663| aux_loss_dfl:0.1940| 
[NanoDet][06-21 02:15:29]INFO: Train|Epoch3/30|Iter2050(629/711)| mem:11.9G| lr:9.90e-04| loss_qfl:0.4929| loss_bbox:0.4050| loss_dfl:0.2129| aux_loss_qfl:0.4706| aux_loss_bbox:0.3801| aux_loss_dfl:0.2005| 
[NanoDet][06-21 02:16:02]INFO: Train|Epoch3/30|Iter2100(679/711)| mem:11.9G| lr:9.90e-04| loss_qfl:0.4302| loss_bbox:0.4208| loss_dfl:0.2235| aux_loss_qfl:0.4061| aux_loss_bbox:0.3783| aux_loss_dfl:0.2090| 
[NanoDet][06-21 02:16:37]INFO: Train|Epoch4/30|Iter2150(18/711)| mem:11.9G| lr:9.77e-04| loss_qfl:0.4401| loss_bbox:0.4445| loss_dfl:0.2253| aux_loss_qfl:0.4224| aux_loss_bbox:0.3811| aux_loss_dfl:0.2051| 
[NanoDet][06-21 02:17:09]INFO: Train|Epoch4/30|Iter2200(68/711)| mem:11.9G| lr:9.77e-04| loss_qfl:0.5260| loss_bbox:0.4100| loss_dfl:0.2146| aux_loss_qfl:0.4772| aux_loss_bbox:0.3704| aux_loss_dfl:0.1990| 
[NanoDet][06-21 02:17:41]INFO: Train|Epoch4/30|Iter2250(118/711)| mem:11.9G| lr:9.77e-04| loss_qfl:0.4273| loss_bbox:0.4170| loss_dfl:0.2143| aux_loss_qfl:0.4040| aux_loss_bbox:0.3691| aux_loss_dfl:0.1998| 
[NanoDet][06-21 02:18:13]INFO: Train|Epoch4/30|Iter2300(168/711)| mem:11.9G| lr:9.77e-04| loss_qfl:0.3941| loss_bbox:0.4324| loss_dfl:0.2291| aux_loss_qfl:0.3864| aux_loss_bbox:0.3964| aux_loss_dfl:0.2206| 
[NanoDet][06-21 02:18:45]INFO: Train|Epoch4/30|Iter2350(218/711)| mem:11.9G| lr:9.77e-04| loss_qfl:0.5190| loss_bbox:0.3803| loss_dfl:0.1932| aux_loss_qfl:0.4813| aux_loss_bbox:0.3473| aux_loss_dfl:0.1814| 
[NanoDet][06-21 02:19:18]INFO: Train|Epoch4/30|Iter2400(268/711)| mem:11.9G| lr:9.77e-04| loss_qfl:0.5237| loss_bbox:0.4328| loss_dfl:0.2313| aux_loss_qfl:0.5056| aux_loss_bbox:0.4091| aux_loss_dfl:0.2203| 
[NanoDet][06-21 02:19:50]INFO: Train|Epoch4/30|Iter2450(318/711)| mem:11.9G| lr:9.77e-04| loss_qfl:0.4847| loss_bbox:0.3688| loss_dfl:0.2021| aux_loss_qfl:0.4427| aux_loss_bbox:0.3236| aux_loss_dfl:0.1897| 
[NanoDet][06-21 02:20:23]INFO: Train|Epoch4/30|Iter2500(368/711)| mem:11.9G| lr:9.77e-04| loss_qfl:0.4422| loss_bbox:0.4011| loss_dfl:0.2109| aux_loss_qfl:0.4079| aux_loss_bbox:0.3692| aux_loss_dfl:0.1950| 
[NanoDet][06-21 02:20:56]INFO: Train|Epoch4/30|Iter2550(418/711)| mem:11.9G| lr:9.77e-04| loss_qfl:0.4171| loss_bbox:0.4013| loss_dfl:0.2106| aux_loss_qfl:0.3656| aux_loss_bbox:0.3592| aux_loss_dfl:0.1941| 
[NanoDet][06-21 02:21:28]INFO: Train|Epoch4/30|Iter2600(468/711)| mem:11.9G| lr:9.77e-04| loss_qfl:0.4491| loss_bbox:0.4394| loss_dfl:0.2263| aux_loss_qfl:0.4724| aux_loss_bbox:0.3940| aux_loss_dfl:0.2147| 
[NanoDet][06-21 02:22:00]INFO: Train|Epoch4/30|Iter2650(518/711)| mem:11.9G| lr:9.77e-04| loss_qfl:0.4230| loss_bbox:0.4181| loss_dfl:0.2142| aux_loss_qfl:0.3740| aux_loss_bbox:0.3687| aux_loss_dfl:0.1996| 
[NanoDet][06-21 02:22:32]INFO: Train|Epoch4/30|Iter2700(568/711)| mem:11.9G| lr:9.77e-04| loss_qfl:0.4753| loss_bbox:0.3746| loss_dfl:0.2035| aux_loss_qfl:0.4344| aux_loss_bbox:0.3271| aux_loss_dfl:0.1873| 
[NanoDet][06-21 02:23:03]INFO: Train|Epoch4/30|Iter2750(618/711)| mem:11.9G| lr:9.77e-04| loss_qfl:0.4246| loss_bbox:0.4442| loss_dfl:0.2201| aux_loss_qfl:0.3751| aux_loss_bbox:0.3905| aux_loss_dfl:0.2053| 
[NanoDet][06-21 02:23:34]INFO: Train|Epoch4/30|Iter2800(668/711)| mem:11.9G| lr:9.77e-04| loss_qfl:0.4387| loss_bbox:0.4789| loss_dfl:0.2266| aux_loss_qfl:0.4102| aux_loss_bbox:0.4133| aux_loss_dfl:0.2054| 
[NanoDet][06-21 02:24:09]INFO: Train|Epoch5/30|Iter2850(7/711)| mem:11.9G| lr:9.59e-04| loss_qfl:0.3791| loss_bbox:0.3913| loss_dfl:0.2014| aux_loss_qfl:0.3371| aux_loss_bbox:0.3301| aux_loss_dfl:0.1851| 
[NanoDet][06-21 02:24:41]INFO: Train|Epoch5/30|Iter2900(57/711)| mem:11.9G| lr:9.59e-04| loss_qfl:0.4491| loss_bbox:0.4388| loss_dfl:0.2215| aux_loss_qfl:0.4112| aux_loss_bbox:0.3944| aux_loss_dfl:0.2092| 
[NanoDet][06-21 02:25:11]INFO: Train|Epoch5/30|Iter2950(107/711)| mem:11.9G| lr:9.59e-04| loss_qfl:0.4311| loss_bbox:0.4728| loss_dfl:0.2246| aux_loss_qfl:0.3910| aux_loss_bbox:0.4392| aux_loss_dfl:0.2088| 
[NanoDet][06-21 02:25:44]INFO: Train|Epoch5/30|Iter3000(157/711)| mem:11.9G| lr:9.59e-04| loss_qfl:0.4688| loss_bbox:0.3713| loss_dfl:0.2021| aux_loss_qfl:0.4081| aux_loss_bbox:0.3378| aux_loss_dfl:0.1908| 
[NanoDet][06-21 02:26:17]INFO: Train|Epoch5/30|Iter3050(207/711)| mem:11.9G| lr:9.59e-04| loss_qfl:0.5254| loss_bbox:0.3757| loss_dfl:0.2120| aux_loss_qfl:0.4713| aux_loss_bbox:0.3581| aux_loss_dfl:0.2076| 
[NanoDet][06-21 02:26:50]INFO: Train|Epoch5/30|Iter3100(257/711)| mem:11.9G| lr:9.59e-04| loss_qfl:0.4455| loss_bbox:0.4543| loss_dfl:0.2393| aux_loss_qfl:0.4101| aux_loss_bbox:0.4166| aux_loss_dfl:0.2261| 
[NanoDet][06-21 02:27:23]INFO: Train|Epoch5/30|Iter3150(307/711)| mem:11.9G| lr:9.59e-04| loss_qfl:0.3393| loss_bbox:0.5115| loss_dfl:0.2384| aux_loss_qfl:0.3337| aux_loss_bbox:0.4200| aux_loss_dfl:0.2192| 
[NanoDet][06-21 02:27:56]INFO: Train|Epoch5/30|Iter3200(357/711)| mem:11.9G| lr:9.59e-04| loss_qfl:0.4063| loss_bbox:0.3286| loss_dfl:0.1889| aux_loss_qfl:0.3710| aux_loss_bbox:0.2981| aux_loss_dfl:0.1818| 
[NanoDet][06-21 02:28:29]INFO: Train|Epoch5/30|Iter3250(407/711)| mem:11.9G| lr:9.59e-04| loss_qfl:0.4456| loss_bbox:0.3827| loss_dfl:0.2142| aux_loss_qfl:0.4092| aux_loss_bbox:0.3508| aux_loss_dfl:0.2001| 
[NanoDet][06-21 02:29:02]INFO: Train|Epoch5/30|Iter3300(457/711)| mem:11.9G| lr:9.59e-04| loss_qfl:0.4507| loss_bbox:0.4249| loss_dfl:0.2092| aux_loss_qfl:0.4188| aux_loss_bbox:0.3834| aux_loss_dfl:0.1942| 
[NanoDet][06-21 02:29:34]INFO: Train|Epoch5/30|Iter3350(507/711)| mem:11.9G| lr:9.59e-04| loss_qfl:0.4246| loss_bbox:0.4373| loss_dfl:0.2111| aux_loss_qfl:0.4023| aux_loss_bbox:0.3927| aux_loss_dfl:0.1973| 
[NanoDet][06-21 02:30:07]INFO: Train|Epoch5/30|Iter3400(557/711)| mem:11.9G| lr:9.59e-04| loss_qfl:0.3711| loss_bbox:0.3998| loss_dfl:0.2025| aux_loss_qfl:0.3753| aux_loss_bbox:0.3711| aux_loss_dfl:0.1932| 
[NanoDet][06-21 02:30:40]INFO: Train|Epoch5/30|Iter3450(607/711)| mem:11.9G| lr:9.59e-04| loss_qfl:0.4226| loss_bbox:0.5030| loss_dfl:0.2216| aux_loss_qfl:0.3915| aux_loss_bbox:0.4525| aux_loss_dfl:0.2117| 
[NanoDet][06-21 02:31:12]INFO: Train|Epoch5/30|Iter3500(657/711)| mem:11.9G| lr:9.59e-04| loss_qfl:0.4560| loss_bbox:0.3762| loss_dfl:0.2126| aux_loss_qfl:0.4090| aux_loss_bbox:0.3312| aux_loss_dfl:0.1981| 
[NanoDet][06-21 02:31:45]INFO: Train|Epoch5/30|Iter3550(707/711)| mem:11.9G| lr:9.59e-04| loss_qfl:0.4455| loss_bbox:0.3949| loss_dfl:0.2120| aux_loss_qfl:0.4174| aux_loss_bbox:0.3542| aux_loss_dfl:0.1949| 
[NanoDet][06-21 02:32:23]INFO: Train|Epoch6/30|Iter3600(46/711)| mem:11.9G| lr:9.36e-04| loss_qfl:0.4112| loss_bbox:0.4054| loss_dfl:0.2025| aux_loss_qfl:0.3988| aux_loss_bbox:0.3524| aux_loss_dfl:0.1830| 
[NanoDet][06-21 02:32:56]INFO: Train|Epoch6/30|Iter3650(96/711)| mem:11.9G| lr:9.36e-04| loss_qfl:0.4063| loss_bbox:0.4396| loss_dfl:0.2159| aux_loss_qfl:0.3789| aux_loss_bbox:0.4009| aux_loss_dfl:0.2042| 
[NanoDet][06-21 02:33:29]INFO: Train|Epoch6/30|Iter3700(146/711)| mem:11.9G| lr:9.36e-04| loss_qfl:0.4236| loss_bbox:0.3862| loss_dfl:0.2067| aux_loss_qfl:0.3796| aux_loss_bbox:0.3324| aux_loss_dfl:0.1861| 
[NanoDet][06-21 02:34:03]INFO: Train|Epoch6/30|Iter3750(196/711)| mem:11.9G| lr:9.36e-04| loss_qfl:0.5069| loss_bbox:0.3961| loss_dfl:0.2105| aux_loss_qfl:0.4593| aux_loss_bbox:0.3557| aux_loss_dfl:0.1989| 
[NanoDet][06-21 02:34:36]INFO: Train|Epoch6/30|Iter3800(246/711)| mem:11.9G| lr:9.36e-04| loss_qfl:0.4594| loss_bbox:0.3410| loss_dfl:0.1876| aux_loss_qfl:0.4255| aux_loss_bbox:0.3040| aux_loss_dfl:0.1771| 
[NanoDet][06-21 02:35:08]INFO: Train|Epoch6/30|Iter3850(296/711)| mem:11.9G| lr:9.36e-04| loss_qfl:0.4579| loss_bbox:0.4266| loss_dfl:0.2049| aux_loss_qfl:0.4127| aux_loss_bbox:0.3743| aux_loss_dfl:0.1926| 
[NanoDet][06-21 02:35:40]INFO: Train|Epoch6/30|Iter3900(346/711)| mem:11.9G| lr:9.36e-04| loss_qfl:0.4945| loss_bbox:0.4595| loss_dfl:0.2373| aux_loss_qfl:0.4468| aux_loss_bbox:0.4107| aux_loss_dfl:0.2156| 
[NanoDet][06-21 02:36:11]INFO: Train|Epoch6/30|Iter3950(396/711)| mem:11.9G| lr:9.36e-04| loss_qfl:0.4760| loss_bbox:0.3918| loss_dfl:0.2014| aux_loss_qfl:0.4187| aux_loss_bbox:0.3431| aux_loss_dfl:0.1858| 
[NanoDet][06-21 02:36:44]INFO: Train|Epoch6/30|Iter4000(446/711)| mem:11.9G| lr:9.36e-04| loss_qfl:0.4883| loss_bbox:0.4455| loss_dfl:0.2266| aux_loss_qfl:0.4458| aux_loss_bbox:0.3947| aux_loss_dfl:0.2078| 
[NanoDet][06-21 02:37:18]INFO: Train|Epoch6/30|Iter4050(496/711)| mem:11.9G| lr:9.36e-04| loss_qfl:0.4293| loss_bbox:0.4066| loss_dfl:0.2105| aux_loss_qfl:0.4067| aux_loss_bbox:0.3760| aux_loss_dfl:0.2001| 
[NanoDet][06-21 02:37:51]INFO: Train|Epoch6/30|Iter4100(546/711)| mem:11.9G| lr:9.36e-04| loss_qfl:0.4482| loss_bbox:0.3902| loss_dfl:0.2044| aux_loss_qfl:0.4190| aux_loss_bbox:0.3471| aux_loss_dfl:0.1909| 
[NanoDet][06-21 02:38:25]INFO: Train|Epoch6/30|Iter4150(596/711)| mem:11.9G| lr:9.36e-04| loss_qfl:0.3935| loss_bbox:0.3899| loss_dfl:0.2003| aux_loss_qfl:0.3676| aux_loss_bbox:0.3682| aux_loss_dfl:0.1945| 
[NanoDet][06-21 02:38:58]INFO: Train|Epoch6/30|Iter4200(646/711)| mem:11.9G| lr:9.36e-04| loss_qfl:0.3975| loss_bbox:0.4355| loss_dfl:0.2183| aux_loss_qfl:0.3803| aux_loss_bbox:0.3912| aux_loss_dfl:0.2035| 
[NanoDet][06-21 02:39:32]INFO: Train|Epoch6/30|Iter4250(696/711)| mem:11.9G| lr:9.36e-04| loss_qfl:0.3988| loss_bbox:0.4375| loss_dfl:0.2186| aux_loss_qfl:0.3734| aux_loss_bbox:0.3851| aux_loss_dfl:0.2058| 
[NanoDet][06-21 02:40:10]INFO: Train|Epoch7/30|Iter4300(35/711)| mem:11.9G| lr:9.09e-04| loss_qfl:0.4505| loss_bbox:0.4093| loss_dfl:0.2384| aux_loss_qfl:0.4115| aux_loss_bbox:0.3759| aux_loss_dfl:0.2222| 
[NanoDet][06-21 02:40:43]INFO: Train|Epoch7/30|Iter4350(85/711)| mem:11.9G| lr:9.09e-04| loss_qfl:0.4900| loss_bbox:0.3786| loss_dfl:0.2166| aux_loss_qfl:0.4592| aux_loss_bbox:0.3288| aux_loss_dfl:0.1984| 
[NanoDet][06-21 02:41:17]INFO: Train|Epoch7/30|Iter4400(135/711)| mem:11.9G| lr:9.09e-04| loss_qfl:0.4159| loss_bbox:0.4220| loss_dfl:0.2177| aux_loss_qfl:0.3704| aux_loss_bbox:0.3741| aux_loss_dfl:0.2057| 
[NanoDet][06-21 02:41:50]INFO: Train|Epoch7/30|Iter4450(185/711)| mem:11.9G| lr:9.09e-04| loss_qfl:0.3551| loss_bbox:0.4602| loss_dfl:0.2090| aux_loss_qfl:0.3282| aux_loss_bbox:0.4098| aux_loss_dfl:0.1934| 
[NanoDet][06-21 02:42:24]INFO: Train|Epoch7/30|Iter4500(235/711)| mem:11.9G| lr:9.09e-04| loss_qfl:0.4888| loss_bbox:0.3902| loss_dfl:0.2055| aux_loss_qfl:0.4687| aux_loss_bbox:0.3487| aux_loss_dfl:0.1926| 
[NanoDet][06-21 02:42:57]INFO: Train|Epoch7/30|Iter4550(285/711)| mem:11.9G| lr:9.09e-04| loss_qfl:0.5184| loss_bbox:0.4316| loss_dfl:0.2292| aux_loss_qfl:0.4801| aux_loss_bbox:0.3882| aux_loss_dfl:0.2162| 
[NanoDet][06-21 02:43:30]INFO: Train|Epoch7/30|Iter4600(335/711)| mem:11.9G| lr:9.09e-04| loss_qfl:0.4523| loss_bbox:0.4087| loss_dfl:0.2285| aux_loss_qfl:0.4164| aux_loss_bbox:0.3636| aux_loss_dfl:0.2165| 
[NanoDet][06-21 02:44:03]INFO: Train|Epoch7/30|Iter4650(385/711)| mem:11.9G| lr:9.09e-04| loss_qfl:0.4865| loss_bbox:0.4597| loss_dfl:0.2300| aux_loss_qfl:0.4562| aux_loss_bbox:0.4345| aux_loss_dfl:0.2192| 
[NanoDet][06-21 02:44:37]INFO: Train|Epoch7/30|Iter4700(435/711)| mem:11.9G| lr:9.09e-04| loss_qfl:0.3821| loss_bbox:0.4339| loss_dfl:0.2082| aux_loss_qfl:0.3570| aux_loss_bbox:0.3944| aux_loss_dfl:0.1947| 
[NanoDet][06-21 02:45:07]INFO: Train|Epoch7/30|Iter4750(485/711)| mem:11.9G| lr:9.09e-04| loss_qfl:0.4311| loss_bbox:0.4211| loss_dfl:0.2080| aux_loss_qfl:0.3836| aux_loss_bbox:0.3851| aux_loss_dfl:0.1984| 
[NanoDet][06-21 02:45:40]INFO: Train|Epoch7/30|Iter4800(535/711)| mem:11.9G| lr:9.09e-04| loss_qfl:0.4462| loss_bbox:0.3609| loss_dfl:0.2137| aux_loss_qfl:0.4033| aux_loss_bbox:0.3271| aux_loss_dfl:0.2031| 
[NanoDet][06-21 02:46:11]INFO: Train|Epoch7/30|Iter4850(585/711)| mem:11.9G| lr:9.09e-04| loss_qfl:0.5105| loss_bbox:0.3837| loss_dfl:0.2053| aux_loss_qfl:0.4636| aux_loss_bbox:0.3488| aux_loss_dfl:0.1977| 
[NanoDet][06-21 02:46:44]INFO: Train|Epoch7/30|Iter4900(635/711)| mem:11.9G| lr:9.09e-04| loss_qfl:0.4564| loss_bbox:0.4600| loss_dfl:0.2276| aux_loss_qfl:0.4190| aux_loss_bbox:0.4091| aux_loss_dfl:0.2132| 
[NanoDet][06-21 02:47:18]INFO: Train|Epoch7/30|Iter4950(685/711)| mem:11.9G| lr:9.09e-04| loss_qfl:0.5080| loss_bbox:0.3366| loss_dfl:0.1988| aux_loss_qfl:0.4697| aux_loss_bbox:0.2900| aux_loss_dfl:0.1824| 
[NanoDet][06-21 02:47:55]INFO: Train|Epoch8/30|Iter5000(24/711)| mem:11.9G| lr:8.78e-04| loss_qfl:0.3907| loss_bbox:0.4189| loss_dfl:0.1996| aux_loss_qfl:0.3559| aux_loss_bbox:0.3728| aux_loss_dfl:0.1860| 
[NanoDet][06-21 02:48:28]INFO: Train|Epoch8/30|Iter5050(74/711)| mem:11.9G| lr:8.78e-04| loss_qfl:0.4283| loss_bbox:0.4076| loss_dfl:0.1926| aux_loss_qfl:0.3966| aux_loss_bbox:0.3695| aux_loss_dfl:0.1828| 
[NanoDet][06-21 02:49:02]INFO: Train|Epoch8/30|Iter5100(124/711)| mem:11.9G| lr:8.78e-04| loss_qfl:0.4243| loss_bbox:0.3660| loss_dfl:0.2032| aux_loss_qfl:0.3691| aux_loss_bbox:0.3212| aux_loss_dfl:0.1880| 
[NanoDet][06-21 02:49:35]INFO: Train|Epoch8/30|Iter5150(174/711)| mem:11.9G| lr:8.78e-04| loss_qfl:0.4664| loss_bbox:0.4742| loss_dfl:0.2399| aux_loss_qfl:0.4096| aux_loss_bbox:0.4320| aux_loss_dfl:0.2300| 
[NanoDet][06-21 02:50:09]INFO: Train|Epoch8/30|Iter5200(224/711)| mem:11.9G| lr:8.78e-04| loss_qfl:0.4062| loss_bbox:0.4109| loss_dfl:0.2179| aux_loss_qfl:0.3683| aux_loss_bbox:0.3682| aux_loss_dfl:0.2120| 
[NanoDet][06-21 02:50:42]INFO: Train|Epoch8/30|Iter5250(274/711)| mem:11.9G| lr:8.78e-04| loss_qfl:0.4577| loss_bbox:0.4102| loss_dfl:0.2107| aux_loss_qfl:0.4347| aux_loss_bbox:0.3546| aux_loss_dfl:0.1914| 
[NanoDet][06-21 02:51:15]INFO: Train|Epoch8/30|Iter5300(324/711)| mem:11.9G| lr:8.78e-04| loss_qfl:0.4491| loss_bbox:0.4399| loss_dfl:0.2094| aux_loss_qfl:0.4244| aux_loss_bbox:0.3942| aux_loss_dfl:0.1957| 
[NanoDet][06-21 02:51:49]INFO: Train|Epoch8/30|Iter5350(374/711)| mem:11.9G| lr:8.78e-04| loss_qfl:0.3841| loss_bbox:0.4029| loss_dfl:0.2059| aux_loss_qfl:0.3438| aux_loss_bbox:0.3717| aux_loss_dfl:0.1986| 
[NanoDet][06-21 02:52:23]INFO: Train|Epoch8/30|Iter5400(424/711)| mem:11.9G| lr:8.78e-04| loss_qfl:0.4325| loss_bbox:0.4071| loss_dfl:0.2179| aux_loss_qfl:0.4039| aux_loss_bbox:0.3662| aux_loss_dfl:0.2058| 
[NanoDet][06-21 02:52:56]INFO: Train|Epoch8/30|Iter5450(474/711)| mem:11.9G| lr:8.78e-04| loss_qfl:0.4154| loss_bbox:0.4131| loss_dfl:0.2017| aux_loss_qfl:0.4015| aux_loss_bbox:0.3532| aux_loss_dfl:0.1877| 
[NanoDet][06-21 02:53:29]INFO: Train|Epoch8/30|Iter5500(524/711)| mem:11.9G| lr:8.78e-04| loss_qfl:0.3633| loss_bbox:0.3813| loss_dfl:0.1989| aux_loss_qfl:0.3372| aux_loss_bbox:0.3427| aux_loss_dfl:0.1873| 
[NanoDet][06-21 02:54:03]INFO: Train|Epoch8/30|Iter5550(574/711)| mem:11.9G| lr:8.78e-04| loss_qfl:0.4674| loss_bbox:0.3819| loss_dfl:0.2337| aux_loss_qfl:0.4565| aux_loss_bbox:0.3371| aux_loss_dfl:0.2179| 
[NanoDet][06-21 02:54:37]INFO: Train|Epoch8/30|Iter5600(624/711)| mem:11.9G| lr:8.78e-04| loss_qfl:0.4336| loss_bbox:0.3443| loss_dfl:0.1984| aux_loss_qfl:0.3968| aux_loss_bbox:0.3167| aux_loss_dfl:0.1884| 
[NanoDet][06-21 02:55:10]INFO: Train|Epoch8/30|Iter5650(674/711)| mem:11.9G| lr:8.78e-04| loss_qfl:0.4483| loss_bbox:0.4396| loss_dfl:0.2204| aux_loss_qfl:0.4216| aux_loss_bbox:0.3951| aux_loss_dfl:0.2087| 
[NanoDet][06-21 02:55:45]INFO: Train|Epoch9/30|Iter5700(13/711)| mem:11.9G| lr:8.43e-04| loss_qfl:0.3745| loss_bbox:0.3963| loss_dfl:0.2115| aux_loss_qfl:0.3332| aux_loss_bbox:0.3448| aux_loss_dfl:0.1950| 
[NanoDet][06-21 02:56:17]INFO: Train|Epoch9/30|Iter5750(63/711)| mem:11.9G| lr:8.43e-04| loss_qfl:0.3705| loss_bbox:0.3715| loss_dfl:0.2064| aux_loss_qfl:0.3242| aux_loss_bbox:0.3489| aux_loss_dfl:0.1974| 
[NanoDet][06-21 02:56:50]INFO: Train|Epoch9/30|Iter5800(113/711)| mem:11.9G| lr:8.43e-04| loss_qfl:0.3985| loss_bbox:0.3852| loss_dfl:0.2011| aux_loss_qfl:0.3591| aux_loss_bbox:0.3630| aux_loss_dfl:0.1916| 
[NanoDet][06-21 02:57:22]INFO: Train|Epoch9/30|Iter5850(163/711)| mem:11.9G| lr:8.43e-04| loss_qfl:0.2998| loss_bbox:0.3463| loss_dfl:0.1847| aux_loss_qfl:0.2863| aux_loss_bbox:0.3164| aux_loss_dfl:0.1761| 
[NanoDet][06-21 02:57:55]INFO: Train|Epoch9/30|Iter5900(213/711)| mem:11.9G| lr:8.43e-04| loss_qfl:0.4167| loss_bbox:0.3897| loss_dfl:0.1967| aux_loss_qfl:0.3688| aux_loss_bbox:0.3378| aux_loss_dfl:0.1822| 
[NanoDet][06-21 02:58:28]INFO: Train|Epoch9/30|Iter5950(263/711)| mem:11.9G| lr:8.43e-04| loss_qfl:0.3824| loss_bbox:0.3704| loss_dfl:0.1941| aux_loss_qfl:0.3628| aux_loss_bbox:0.3255| aux_loss_dfl:0.1820| 
[NanoDet][06-21 02:59:01]INFO: Train|Epoch9/30|Iter6000(313/711)| mem:11.9G| lr:8.43e-04| loss_qfl:0.4329| loss_bbox:0.3835| loss_dfl:0.2092| aux_loss_qfl:0.4052| aux_loss_bbox:0.3370| aux_loss_dfl:0.1931| 
[NanoDet][06-21 02:59:35]INFO: Train|Epoch9/30|Iter6050(363/711)| mem:11.9G| lr:8.43e-04| loss_qfl:0.4523| loss_bbox:0.3834| loss_dfl:0.1995| aux_loss_qfl:0.4058| aux_loss_bbox:0.3474| aux_loss_dfl:0.1871| 
[NanoDet][06-21 03:00:08]INFO: Train|Epoch9/30|Iter6100(413/711)| mem:11.9G| lr:8.43e-04| loss_qfl:0.4049| loss_bbox:0.3965| loss_dfl:0.2106| aux_loss_qfl:0.3555| aux_loss_bbox:0.3602| aux_loss_dfl:0.1971| 
[NanoDet][06-21 03:00:42]INFO: Train|Epoch9/30|Iter6150(463/711)| mem:11.9G| lr:8.43e-04| loss_qfl:0.4300| loss_bbox:0.3804| loss_dfl:0.1991| aux_loss_qfl:0.3848| aux_loss_bbox:0.3497| aux_loss_dfl:0.1867| 
[NanoDet][06-21 03:01:15]INFO: Train|Epoch9/30|Iter6200(513/711)| mem:11.9G| lr:8.43e-04| loss_qfl:0.3728| loss_bbox:0.4056| loss_dfl:0.2146| aux_loss_qfl:0.3381| aux_loss_bbox:0.3646| aux_loss_dfl:0.1998| 
[NanoDet][06-21 03:01:48]INFO: Train|Epoch9/30|Iter6250(563/711)| mem:11.9G| lr:8.43e-04| loss_qfl:0.4639| loss_bbox:0.3927| loss_dfl:0.1957| aux_loss_qfl:0.4171| aux_loss_bbox:0.3585| aux_loss_dfl:0.1820| 
[NanoDet][06-21 03:02:21]INFO: Train|Epoch9/30|Iter6300(613/711)| mem:11.9G| lr:8.43e-04| loss_qfl:0.5123| loss_bbox:0.4452| loss_dfl:0.2278| aux_loss_qfl:0.4584| aux_loss_bbox:0.3987| aux_loss_dfl:0.2120| 
[NanoDet][06-21 03:02:54]INFO: Train|Epoch9/30|Iter6350(663/711)| mem:11.9G| lr:8.43e-04| loss_qfl:0.3874| loss_bbox:0.4962| loss_dfl:0.2313| aux_loss_qfl:0.3718| aux_loss_bbox:0.4530| aux_loss_dfl:0.2181| 
[NanoDet][06-21 03:03:33]INFO: Train|Epoch10/30|Iter6400(2/711)| mem:11.9G| lr:8.04e-04| loss_qfl:0.3657| loss_bbox:0.4241| loss_dfl:0.2175| aux_loss_qfl:0.3404| aux_loss_bbox:0.3866| aux_loss_dfl:0.2065| 
[NanoDet][06-21 03:04:07]INFO: Train|Epoch10/30|Iter6450(52/711)| mem:11.9G| lr:8.04e-04| loss_qfl:0.3778| loss_bbox:0.4626| loss_dfl:0.2134| aux_loss_qfl:0.3632| aux_loss_bbox:0.4283| aux_loss_dfl:0.2084| 
[NanoDet][06-21 03:04:41]INFO: Train|Epoch10/30|Iter6500(102/711)| mem:11.9G| lr:8.04e-04| loss_qfl:0.3717| loss_bbox:0.4248| loss_dfl:0.2052| aux_loss_qfl:0.3521| aux_loss_bbox:0.3931| aux_loss_dfl:0.1947| 
[NanoDet][06-21 03:05:14]INFO: Train|Epoch10/30|Iter6550(152/711)| mem:11.9G| lr:8.04e-04| loss_qfl:0.3777| loss_bbox:0.3789| loss_dfl:0.2001| aux_loss_qfl:0.3486| aux_loss_bbox:0.3576| aux_loss_dfl:0.1915| 
[NanoDet][06-21 03:05:47]INFO: Train|Epoch10/30|Iter6600(202/711)| mem:11.9G| lr:8.04e-04| loss_qfl:0.4119| loss_bbox:0.3963| loss_dfl:0.2088| aux_loss_qfl:0.3735| aux_loss_bbox:0.3775| aux_loss_dfl:0.2008| 
[NanoDet][06-21 03:06:21]INFO: Train|Epoch10/30|Iter6650(252/711)| mem:11.9G| lr:8.04e-04| loss_qfl:0.3623| loss_bbox:0.3878| loss_dfl:0.2049| aux_loss_qfl:0.3339| aux_loss_bbox:0.3306| aux_loss_dfl:0.1847| 
[NanoDet][06-21 03:06:53]INFO: Train|Epoch10/30|Iter6700(302/711)| mem:11.9G| lr:8.04e-04| loss_qfl:0.3713| loss_bbox:0.4239| loss_dfl:0.2038| aux_loss_qfl:0.3518| aux_loss_bbox:0.3926| aux_loss_dfl:0.1927| 
[NanoDet][06-21 03:07:24]INFO: Train|Epoch10/30|Iter6750(352/711)| mem:11.9G| lr:8.04e-04| loss_qfl:0.4090| loss_bbox:0.3535| loss_dfl:0.2076| aux_loss_qfl:0.3715| aux_loss_bbox:0.3218| aux_loss_dfl:0.1929| 
[NanoDet][06-21 03:07:56]INFO: Train|Epoch10/30|Iter6800(402/711)| mem:11.9G| lr:8.04e-04| loss_qfl:0.4122| loss_bbox:0.3967| loss_dfl:0.2127| aux_loss_qfl:0.3738| aux_loss_bbox:0.3612| aux_loss_dfl:0.1966| 
[NanoDet][06-21 03:08:28]INFO: Train|Epoch10/30|Iter6850(452/711)| mem:11.9G| lr:8.04e-04| loss_qfl:0.4725| loss_bbox:0.3574| loss_dfl:0.2008| aux_loss_qfl:0.4383| aux_loss_bbox:0.3207| aux_loss_dfl:0.1890| 
[NanoDet][06-21 03:09:00]INFO: Train|Epoch10/30|Iter6900(502/711)| mem:11.9G| lr:8.04e-04| loss_qfl:0.4529| loss_bbox:0.3261| loss_dfl:0.1863| aux_loss_qfl:0.4039| aux_loss_bbox:0.3014| aux_loss_dfl:0.1787| 
[NanoDet][06-21 03:09:34]INFO: Train|Epoch10/30|Iter6950(552/711)| mem:11.9G| lr:8.04e-04| loss_qfl:0.3361| loss_bbox:0.4053| loss_dfl:0.2143| aux_loss_qfl:0.3069| aux_loss_bbox:0.3450| aux_loss_dfl:0.2000| 
[NanoDet][06-21 03:10:08]INFO: Train|Epoch10/30|Iter7000(602/711)| mem:11.9G| lr:8.04e-04| loss_qfl:0.3981| loss_bbox:0.4449| loss_dfl:0.2035| aux_loss_qfl:0.3727| aux_loss_bbox:0.4116| aux_loss_dfl:0.1982| 
[NanoDet][06-21 03:10:42]INFO: Train|Epoch10/30|Iter7050(652/711)| mem:11.9G| lr:8.04e-04| loss_qfl:0.4019| loss_bbox:0.4002| loss_dfl:0.2061| aux_loss_qfl:0.3766| aux_loss_bbox:0.3831| aux_loss_dfl:0.1996| 
[NanoDet][06-21 03:11:14]INFO: Train|Epoch10/30|Iter7100(702/711)| mem:11.9G| lr:8.04e-04| loss_qfl:0.4584| loss_bbox:0.3581| loss_dfl:0.1897| aux_loss_qfl:0.3911| aux_loss_bbox:0.3362| aux_loss_dfl:0.1792| 
[NanoDet][06-21 03:11:26]INFO: Val|Epoch10/30|Iter7110(1/70)| mem:11.9G| lr:7.62e-04| loss_qfl:0.4804| loss_bbox:0.3878| loss_dfl:0.2162| aux_loss_qfl:0.4243| aux_loss_bbox:0.3505| aux_loss_dfl:0.2059| 
[NanoDet][06-21 03:11:53]INFO: Val|Epoch10/30|Iter7110(51/70)| mem:11.9G| lr:7.62e-04| loss_qfl:0.3528| loss_bbox:0.3222| loss_dfl:0.1975| aux_loss_qfl:0.3123| aux_loss_bbox:0.2894| aux_loss_dfl:0.1888| 
[NanoDet][06-21 03:12:58]INFO: 
 Average Precision  (AP) @[ IoU=0.50:0.95 | area=   all | maxDets=100 ] = 0.387
 Average Precision  (AP) @[ IoU=0.50      | area=   all | maxDets=100 ] = 0.594
 Average Precision  (AP) @[ IoU=0.75      | area=   all | maxDets=100 ] = 0.417
 Average Precision  (AP) @[ IoU=0.50:0.95 | area= small | maxDets=100 ] = 0.007
 Average Precision  (AP) @[ IoU=0.50:0.95 | area=medium | maxDets=100 ] = 0.059
 Average Precision  (AP) @[ IoU=0.50:0.95 | area= large | maxDets=100 ] = 0.454
 Average Recall     (AR) @[ IoU=0.50:0.95 | area=   all | maxDets=  1 ] = 0.391
 Average Recall     (AR) @[ IoU=0.50:0.95 | area=   all | maxDets= 10 ] = 0.525
 Average Recall     (AR) @[ IoU=0.50:0.95 | area=   all | maxDets=100 ] = 0.563
 Average Recall     (AR) @[ IoU=0.50:0.95 | area= small | maxDets=100 ] = 0.018
 Average Recall     (AR) @[ IoU=0.50:0.95 | area=medium | maxDets=100 ] = 0.209
 Average Recall     (AR) @[ IoU=0.50:0.95 | area= large | maxDets=100 ] = 0.654

[NanoDet][06-21 03:12:58]INFO: 
| class        | AP50   | mAP   | class    | AP50   | mAP   |
|:-------------|:-------|:------|:---------|:-------|:------|
| bird         | 51.0   | 29.7  | squirrel | 68.3   | 47.0  |
| cat          | 75.6   | 53.6  | person   | 31.8   | 15.0  |
| other_animal | 70.1   | 48.0  |          |        |       |
[NanoDet][06-21 03:12:59]INFO: Saving model to outputs/detect/feeder_320/model_best/nanodet_model_best.pth
[NanoDet][06-21 03:12:59]INFO: Val_metrics: {'mAP': 0.3865992579391965, 'AP_50': 0.593835430685641, 'AP_75': 0.417225879737419, 'AP_small': 0.007123999921891539, 'AP_m': 0.05871230027412578, 'AP_l': 0.45415729159884033}
[NanoDet][06-21 03:13:32]INFO: Train|Epoch11/30|Iter7150(41/711)| mem:11.9G| lr:7.62e-04| loss_qfl:0.3825| loss_bbox:0.4391| loss_dfl:0.2089| aux_loss_qfl:0.3346| aux_loss_bbox:0.3999| aux_loss_dfl:0.1914| 
[NanoDet][06-21 03:14:05]INFO: Train|Epoch11/30|Iter7200(91/711)| mem:11.9G| lr:7.62e-04| loss_qfl:0.4117| loss_bbox:0.4135| loss_dfl:0.2248| aux_loss_qfl:0.3835| aux_loss_bbox:0.3817| aux_loss_dfl:0.2127| 
[NanoDet][06-21 03:14:38]INFO: Train|Epoch11/30|Iter7250(141/711)| mem:11.9G| lr:7.62e-04| loss_qfl:0.3790| loss_bbox:0.3350| loss_dfl:0.1879| aux_loss_qfl:0.3275| aux_loss_bbox:0.2976| aux_loss_dfl:0.1782| 
[NanoDet][06-21 03:15:12]INFO: Train|Epoch11/30|Iter7300(191/711)| mem:11.9G| lr:7.62e-04| loss_qfl:0.4202| loss_bbox:0.3814| loss_dfl:0.2065| aux_loss_qfl:0.3785| aux_loss_bbox:0.3488| aux_loss_dfl:0.1958| 
[NanoDet][06-21 03:15:46]INFO: Train|Epoch11/30|Iter7350(241/711)| mem:11.9G| lr:7.62e-04| loss_qfl:0.3874| loss_bbox:0.4026| loss_dfl:0.1920| aux_loss_qfl:0.3512| aux_loss_bbox:0.3686| aux_loss_dfl:0.1816| 
[NanoDet][06-21 03:16:19]INFO: Train|Epoch11/30|Iter7400(291/711)| mem:11.9G| lr:7.62e-04| loss_qfl:0.3945| loss_bbox:0.3878| loss_dfl:0.2108| aux_loss_qfl:0.3509| aux_loss_bbox:0.3575| aux_loss_dfl:0.2012| 
[NanoDet][06-21 03:16:51]INFO: Train|Epoch11/30|Iter7450(341/711)| mem:11.9G| lr:7.62e-04| loss_qfl:0.4330| loss_bbox:0.2926| loss_dfl:0.1826| aux_loss_qfl:0.4097| aux_loss_bbox:0.2739| aux_loss_dfl:0.1796| 
[NanoDet][06-21 03:17:23]INFO: Train|Epoch11/30|Iter7500(391/711)| mem:11.9G| lr:7.62e-04| loss_qfl:0.3875| loss_bbox:0.3324| loss_dfl:0.1923| aux_loss_qfl:0.3421| aux_loss_bbox:0.3074| aux_loss_dfl:0.1870| 
[NanoDet][06-21 03:17:56]INFO: Train|Epoch11/30|Iter7550(441/711)| mem:11.9G| lr:7.62e-04| loss_qfl:0.4154| loss_bbox:0.3966| loss_dfl:0.2032| aux_loss_qfl:0.3801| aux_loss_bbox:0.3550| aux_loss_dfl:0.1935| 
[NanoDet][06-21 03:18:28]INFO: Train|Epoch11/30|Iter7600(491/711)| mem:11.9G| lr:7.62e-04| loss_qfl:0.3750| loss_bbox:0.4422| loss_dfl:0.2044| aux_loss_qfl:0.3334| aux_loss_bbox:0.3613| aux_loss_dfl:0.1851| 
[NanoDet][06-21 03:19:00]INFO: Train|Epoch11/30|Iter7650(541/711)| mem:11.9G| lr:7.62e-04| loss_qfl:0.4737| loss_bbox:0.3468| loss_dfl:0.1917| aux_loss_qfl:0.4679| aux_loss_bbox:0.3119| aux_loss_dfl:0.1813| 
[NanoDet][06-21 03:19:34]INFO: Train|Epoch11/30|Iter7700(591/711)| mem:11.9G| lr:7.62e-04| loss_qfl:0.3704| loss_bbox:0.3795| loss_dfl:0.1932| aux_loss_qfl:0.3360| aux_loss_bbox:0.3472| aux_loss_dfl:0.1827| 
[NanoDet][06-21 03:20:07]INFO: Train|Epoch11/30|Iter7750(641/711)| mem:11.9G| lr:7.62e-04| loss_qfl:0.3923| loss_bbox:0.4071| loss_dfl:0.2288| aux_loss_qfl:0.3523| aux_loss_bbox:0.3791| aux_loss_dfl:0.2214| 
[NanoDet][06-21 03:20:41]INFO: Train|Epoch11/30|Iter7800(691/711)| mem:11.9G| lr:7.62e-04| loss_qfl:0.4150| loss_bbox:0.3020| loss_dfl:0.1756| aux_loss_qfl:0.3729| aux_loss_bbox:0.2689| aux_loss_dfl:0.1640| 
[NanoDet][06-21 03:21:17]INFO: Train|Epoch12/30|Iter7850(30/711)| mem:11.9G| lr:7.18e-04| loss_qfl:0.4026| loss_bbox:0.3907| loss_dfl:0.2076| aux_loss_qfl:0.3742| aux_loss_bbox:0.3621| aux_loss_dfl:0.2023| 
[NanoDet][06-21 03:21:51]INFO: Train|Epoch12/30|Iter7900(80/711)| mem:11.9G| lr:7.18e-04| loss_qfl:0.4079| loss_bbox:0.3684| loss_dfl:0.2078| aux_loss_qfl:0.3473| aux_loss_bbox:0.3271| aux_loss_dfl:0.1948| 
[NanoDet][06-21 03:22:24]INFO: Train|Epoch12/30|Iter7950(130/711)| mem:11.9G| lr:7.18e-04| loss_qfl:0.3959| loss_bbox:0.3551| loss_dfl:0.1964| aux_loss_qfl:0.3702| aux_loss_bbox:0.3263| aux_loss_dfl:0.1916| 
[NanoDet][06-21 03:22:58]INFO: Train|Epoch12/30|Iter8000(180/711)| mem:11.9G| lr:7.18e-04| loss_qfl:0.4640| loss_bbox:0.3638| loss_dfl:0.2019| aux_loss_qfl:0.4033| aux_loss_bbox:0.3389| aux_loss_dfl:0.1907| 
[NanoDet][06-21 03:23:32]INFO: Train|Epoch12/30|Iter8050(230/711)| mem:11.9G| lr:7.18e-04| loss_qfl:0.4054| loss_bbox:0.3699| loss_dfl:0.2090| aux_loss_qfl:0.3725| aux_loss_bbox:0.3420| aux_loss_dfl:0.2007| 
[NanoDet][06-21 03:24:04]INFO: Train|Epoch12/30|Iter8100(280/711)| mem:11.9G| lr:7.18e-04| loss_qfl:0.3355| loss_bbox:0.3525| loss_dfl:0.1894| aux_loss_qfl:0.3197| aux_loss_bbox:0.3253| aux_loss_dfl:0.1778| 
[NanoDet][06-21 03:24:38]INFO: Train|Epoch12/30|Iter8150(330/711)| mem:11.9G| lr:7.18e-04| loss_qfl:0.4429| loss_bbox:0.3786| loss_dfl:0.2101| aux_loss_qfl:0.4085| aux_loss_bbox:0.3438| aux_loss_dfl:0.1993| 
[NanoDet][06-21 03:25:11]INFO: Train|Epoch12/30|Iter8200(380/711)| mem:11.9G| lr:7.18e-04| loss_qfl:0.3941| loss_bbox:0.4242| loss_dfl:0.2269| aux_loss_qfl:0.3597| aux_loss_bbox:0.3865| aux_loss_dfl:0.2105| 
[NanoDet][06-21 03:25:44]INFO: Train|Epoch12/30|Iter8250(430/711)| mem:11.9G| lr:7.18e-04| loss_qfl:0.3045| loss_bbox:0.3836| loss_dfl:0.1976| aux_loss_qfl:0.2794| aux_loss_bbox:0.3502| aux_loss_dfl:0.1865| 
[NanoDet][06-21 03:26:17]INFO: Train|Epoch12/30|Iter8300(480/711)| mem:11.9G| lr:7.18e-04| loss_qfl:0.4175| loss_bbox:0.3723| loss_dfl:0.2021| aux_loss_qfl:0.3680| aux_loss_bbox:0.3338| aux_loss_dfl:0.1888| 
[NanoDet][06-21 03:26:51]INFO: Train|Epoch12/30|Iter8350(530/711)| mem:11.9G| lr:7.18e-04| loss_qfl:0.3467| loss_bbox:0.3983| loss_dfl:0.1977| aux_loss_qfl:0.3145| aux_loss_bbox:0.3570| aux_loss_dfl:0.1877| 
[NanoDet][06-21 03:27:23]INFO: Train|Epoch12/30|Iter8400(580/711)| mem:11.9G| lr:7.18e-04| loss_qfl:0.3819| loss_bbox:0.3897| loss_dfl:0.2052| aux_loss_qfl:0.3359| aux_loss_bbox:0.3570| aux_loss_dfl:0.1923| 
[NanoDet][06-21 03:27:56]INFO: Train|Epoch12/30|Iter8450(630/711)| mem:11.9G| lr:7.18e-04| loss_qfl:0.3841| loss_bbox:0.3579| loss_dfl:0.2028| aux_loss_qfl:0.3344| aux_loss_bbox:0.3341| aux_loss_dfl:0.1921| 
[NanoDet][06-21 03:28:28]INFO: Train|Epoch12/30|Iter8500(680/711)| mem:11.9G| lr:7.18e-04| loss_qfl:0.3921| loss_bbox:0.4033| loss_dfl:0.2192| aux_loss_qfl:0.3586| aux_loss_bbox:0.3723| aux_loss_dfl:0.2074| 
[NanoDet][06-21 03:29:04]INFO: Train|Epoch13/30|Iter8550(19/711)| mem:11.9G| lr:6.72e-04| loss_qfl:0.3813| loss_bbox:0.3960| loss_dfl:0.2130| aux_loss_qfl:0.3606| aux_loss_bbox:0.3637| aux_loss_dfl:0.2039| 
[NanoDet][06-21 03:29:36]INFO: Train|Epoch13/30|Iter8600(69/711)| mem:11.9G| lr:6.72e-04| loss_qfl:0.3565| loss_bbox:0.3752| loss_dfl:0.1879| aux_loss_qfl:0.3224| aux_loss_bbox:0.3489| aux_loss_dfl:0.1818| 
[NanoDet][06-21 03:30:09]INFO: Train|Epoch13/30|Iter8650(119/711)| mem:11.9G| lr:6.72e-04| loss_qfl:0.3859| loss_bbox:0.3863| loss_dfl:0.2147| aux_loss_qfl:0.3447| aux_loss_bbox:0.3585| aux_loss_dfl:0.2056| 
[NanoDet][06-21 03:30:42]INFO: Train|Epoch13/30|Iter8700(169/711)| mem:11.9G| lr:6.72e-04| loss_qfl:0.3976| loss_bbox:0.3693| loss_dfl:0.2053| aux_loss_qfl:0.3758| aux_loss_bbox:0.3329| aux_loss_dfl:0.1907| 
[NanoDet][06-21 03:31:16]INFO: Train|Epoch13/30|Iter8750(219/711)| mem:11.9G| lr:6.72e-04| loss_qfl:0.3344| loss_bbox:0.4011| loss_dfl:0.2098| aux_loss_qfl:0.3007| aux_loss_bbox:0.3769| aux_loss_dfl:0.2031| 
[NanoDet][06-21 03:31:50]INFO: Train|Epoch13/30|Iter8800(269/711)| mem:11.9G| lr:6.72e-04| loss_qfl:0.3823| loss_bbox:0.3677| loss_dfl:0.2084| aux_loss_qfl:0.3389| aux_loss_bbox:0.3412| aux_loss_dfl:0.1974| 
[NanoDet][06-21 03:32:23]INFO: Train|Epoch13/30|Iter8850(319/711)| mem:11.9G| lr:6.72e-04| loss_qfl:0.3966| loss_bbox:0.3598| loss_dfl:0.2029| aux_loss_qfl:0.3774| aux_loss_bbox:0.3350| aux_loss_dfl:0.1929| 
[NanoDet][06-21 03:32:57]INFO: Train|Epoch13/30|Iter8900(369/711)| mem:11.9G| lr:6.72e-04| loss_qfl:0.4567| loss_bbox:0.4084| loss_dfl:0.2077| aux_loss_qfl:0.4243| aux_loss_bbox:0.3756| aux_loss_dfl:0.1950| 
[NanoDet][06-21 03:33:30]INFO: Train|Epoch13/30|Iter8950(419/711)| mem:11.9G| lr:6.72e-04| loss_qfl:0.2967| loss_bbox:0.3742| loss_dfl:0.1949| aux_loss_qfl:0.2634| aux_loss_bbox:0.3344| aux_loss_dfl:0.1843| 
[NanoDet][06-21 03:34:04]INFO: Train|Epoch13/30|Iter9000(469/711)| mem:11.9G| lr:6.72e-04| loss_qfl:0.4000| loss_bbox:0.3471| loss_dfl:0.1976| aux_loss_qfl:0.3626| aux_loss_bbox:0.3207| aux_loss_dfl:0.1897| 
[NanoDet][06-21 03:34:37]INFO: Train|Epoch13/30|Iter9050(519/711)| mem:11.9G| lr:6.72e-04| loss_qfl:0.3673| loss_bbox:0.4186| loss_dfl:0.2007| aux_loss_qfl:0.3417| aux_loss_bbox:0.3879| aux_loss_dfl:0.1918| 
[NanoDet][06-21 03:35:10]INFO: Train|Epoch13/30|Iter9100(569/711)| mem:11.9G| lr:6.72e-04| loss_qfl:0.3958| loss_bbox:0.4141| loss_dfl:0.2160| aux_loss_qfl:0.3635| aux_loss_bbox:0.3766| aux_loss_dfl:0.2017| 
[NanoDet][06-21 03:35:43]INFO: Train|Epoch13/30|Iter9150(619/711)| mem:11.9G| lr:6.72e-04| loss_qfl:0.3913| loss_bbox:0.4116| loss_dfl:0.2115| aux_loss_qfl:0.3553| aux_loss_bbox:0.3735| aux_loss_dfl:0.1989| 
[NanoDet][06-21 03:36:17]INFO: Train|Epoch13/30|Iter9200(669/711)| mem:11.9G| lr:6.72e-04| loss_qfl:0.3759| loss_bbox:0.3398| loss_dfl:0.1949| aux_loss_qfl:0.3152| aux_loss_bbox:0.3040| aux_loss_dfl:0.1836| 
[NanoDet][06-21 03:36:54]INFO: Train|Epoch14/30|Iter9250(8/711)| mem:11.9G| lr:6.24e-04| loss_qfl:0.4134| loss_bbox:0.3614| loss_dfl:0.1957| aux_loss_qfl:0.3928| aux_loss_bbox:0.3304| aux_loss_dfl:0.1844| 
[NanoDet][06-21 03:37:27]INFO: Train|Epoch14/30|Iter9300(58/711)| mem:11.9G| lr:6.24e-04| loss_qfl:0.3452| loss_bbox:0.4427| loss_dfl:0.1965| aux_loss_qfl:0.3024| aux_loss_bbox:0.3955| aux_loss_dfl:0.1846| 
[NanoDet][06-21 03:38:01]INFO: Train|Epoch14/30|Iter9350(108/711)| mem:11.9G| lr:6.24e-04| loss_qfl:0.3820| loss_bbox:0.3141| loss_dfl:0.1736| aux_loss_qfl:0.3620| aux_loss_bbox:0.2887| aux_loss_dfl:0.1671| 
[NanoDet][06-21 03:38:34]INFO: Train|Epoch14/30|Iter9400(158/711)| mem:11.9G| lr:6.24e-04| loss_qfl:0.3753| loss_bbox:0.3019| loss_dfl:0.1957| aux_loss_qfl:0.3259| aux_loss_bbox:0.2654| aux_loss_dfl:0.1838| 
[NanoDet][06-21 03:39:06]INFO: Train|Epoch14/30|Iter9450(208/711)| mem:11.9G| lr:6.24e-04| loss_qfl:0.3800| loss_bbox:0.3391| loss_dfl:0.2012| aux_loss_qfl:0.3551| aux_loss_bbox:0.3258| aux_loss_dfl:0.1940| 
[NanoDet][06-21 03:39:37]INFO: Train|Epoch14/30|Iter9500(258/711)| mem:11.9G| lr:6.24e-04| loss_qfl:0.4085| loss_bbox:0.3690| loss_dfl:0.2121| aux_loss_qfl:0.3445| aux_loss_bbox:0.3393| aux_loss_dfl:0.1977| 
[NanoDet][06-21 03:40:10]INFO: Train|Epoch14/30|Iter9550(308/711)| mem:11.9G| lr:6.24e-04| loss_qfl:0.5031| loss_bbox:0.3736| loss_dfl:0.2118| aux_loss_qfl:0.4452| aux_loss_bbox:0.3434| aux_loss_dfl:0.2007| 
[NanoDet][06-21 03:40:41]INFO: Train|Epoch14/30|Iter9600(358/711)| mem:11.9G| lr:6.24e-04| loss_qfl:0.3610| loss_bbox:0.3668| loss_dfl:0.1993| aux_loss_qfl:0.3218| aux_loss_bbox:0.3259| aux_loss_dfl:0.1868| 
[NanoDet][06-21 03:41:15]INFO: Train|Epoch14/30|Iter9650(408/711)| mem:11.9G| lr:6.24e-04| loss_qfl:0.4420| loss_bbox:0.4058| loss_dfl:0.2212| aux_loss_qfl:0.3853| aux_loss_bbox:0.3687| aux_loss_dfl:0.2110| 
[NanoDet][06-21 03:41:48]INFO: Train|Epoch14/30|Iter9700(458/711)| mem:11.9G| lr:6.24e-04| loss_qfl:0.4010| loss_bbox:0.3867| loss_dfl:0.2053| aux_loss_qfl:0.3743| aux_loss_bbox:0.3529| aux_loss_dfl:0.1925| 
[NanoDet][06-21 03:42:22]INFO: Train|Epoch14/30|Iter9750(508/711)| mem:11.9G| lr:6.24e-04| loss_qfl:0.4189| loss_bbox:0.3569| loss_dfl:0.1881| aux_loss_qfl:0.3795| aux_loss_bbox:0.3285| aux_loss_dfl:0.1801| 
[NanoDet][06-21 03:42:55]INFO: Train|Epoch14/30|Iter9800(558/711)| mem:11.9G| lr:6.24e-04| loss_qfl:0.3539| loss_bbox:0.3269| loss_dfl:0.1904| aux_loss_qfl:0.3239| aux_loss_bbox:0.3110| aux_loss_dfl:0.1832| 
[NanoDet][06-21 03:43:29]INFO: Train|Epoch14/30|Iter9850(608/711)| mem:11.9G| lr:6.24e-04| loss_qfl:0.3573| loss_bbox:0.3812| loss_dfl:0.2121| aux_loss_qfl:0.3088| aux_loss_bbox:0.3481| aux_loss_dfl:0.2002| 
[NanoDet][06-21 03:44:02]INFO: Train|Epoch14/30|Iter9900(658/711)| mem:11.9G| lr:6.24e-04| loss_qfl:0.4191| loss_bbox:0.3533| loss_dfl:0.1905| aux_loss_qfl:0.3621| aux_loss_bbox:0.3108| aux_loss_dfl:0.1798| 
[NanoDet][06-21 03:44:35]INFO: Train|Epoch14/30|Iter9950(708/711)| mem:11.9G| lr:6.24e-04| loss_qfl:0.3999| loss_bbox:0.3441| loss_dfl:0.2028| aux_loss_qfl:0.3573| aux_loss_bbox:0.3073| aux_loss_dfl:0.1921| 
[NanoDet][06-21 03:45:14]INFO: Train|Epoch15/30|Iter10000(47/711)| mem:11.9G| lr:5.75e-04| loss_qfl:0.4490| loss_bbox:0.4702| loss_dfl:0.2244| aux_loss_qfl:0.3915| aux_loss_bbox:0.4369| aux_loss_dfl:0.2143| 
[NanoDet][06-21 03:45:47]INFO: Train|Epoch15/30|Iter10050(97/711)| mem:11.9G| lr:5.75e-04| loss_qfl:0.4202| loss_bbox:0.3935| loss_dfl:0.2177| aux_loss_qfl:0.3775| aux_loss_bbox:0.3514| aux_loss_dfl:0.2019| 
[NanoDet][06-21 03:46:20]INFO: Train|Epoch15/30|Iter10100(147/711)| mem:11.9G| lr:5.75e-04| loss_qfl:0.3961| loss_bbox:0.3561| loss_dfl:0.2128| aux_loss_qfl:0.3765| aux_loss_bbox:0.3144| aux_loss_dfl:0.1960| 
[NanoDet][06-21 03:46:54]INFO: Train|Epoch15/30|Iter10150(197/711)| mem:11.9G| lr:5.75e-04| loss_qfl:0.3538| loss_bbox:0.3957| loss_dfl:0.2071| aux_loss_qfl:0.3277| aux_loss_bbox:0.3556| aux_loss_dfl:0.1984| 
[NanoDet][06-21 03:47:27]INFO: Train|Epoch15/30|Iter10200(247/711)| mem:11.9G| lr:5.75e-04| loss_qfl:0.4028| loss_bbox:0.4336| loss_dfl:0.2224| aux_loss_qfl:0.3667| aux_loss_bbox:0.3885| aux_loss_dfl:0.2065| 
[NanoDet][06-21 03:48:00]INFO: Train|Epoch15/30|Iter10250(297/711)| mem:11.9G| lr:5.75e-04| loss_qfl:0.3795| loss_bbox:0.4431| loss_dfl:0.2139| aux_loss_qfl:0.3462| aux_loss_bbox:0.4100| aux_loss_dfl:0.1996| 
[NanoDet][06-21 03:48:34]INFO: Train|Epoch15/30|Iter10300(347/711)| mem:11.9G| lr:5.75e-04| loss_qfl:0.4701| loss_bbox:0.3949| loss_dfl:0.2212| aux_loss_qfl:0.4496| aux_loss_bbox:0.3494| aux_loss_dfl:0.2046| 
[NanoDet][06-21 03:49:08]INFO: Train|Epoch15/30|Iter10350(397/711)| mem:11.9G| lr:5.75e-04| loss_qfl:0.3706| loss_bbox:0.3577| loss_dfl:0.1973| aux_loss_qfl:0.3153| aux_loss_bbox:0.3323| aux_loss_dfl:0.1844| 
[NanoDet][06-21 03:49:41]INFO: Train|Epoch15/30|Iter10400(447/711)| mem:11.9G| lr:5.75e-04| loss_qfl:0.3912| loss_bbox:0.3245| loss_dfl:0.1885| aux_loss_qfl:0.3450| aux_loss_bbox:0.3125| aux_loss_dfl:0.1831| 
[NanoDet][06-21 03:50:12]INFO: Train|Epoch15/30|Iter10450(497/711)| mem:11.9G| lr:5.75e-04| loss_qfl:0.3640| loss_bbox:0.3014| loss_dfl:0.1766| aux_loss_qfl:0.2985| aux_loss_bbox:0.2783| aux_loss_dfl:0.1679| 
[NanoDet][06-21 03:50:45]INFO: Train|Epoch15/30|Iter10500(547/711)| mem:11.9G| lr:5.75e-04| loss_qfl:0.3932| loss_bbox:0.4473| loss_dfl:0.2123| aux_loss_qfl:0.3423| aux_loss_bbox:0.4031| aux_loss_dfl:0.1992| 
[NanoDet][06-21 03:51:17]INFO: Train|Epoch15/30|Iter10550(597/711)| mem:11.9G| lr:5.75e-04| loss_qfl:0.3613| loss_bbox:0.3560| loss_dfl:0.2075| aux_loss_qfl:0.3207| aux_loss_bbox:0.3200| aux_loss_dfl:0.1936| 
[NanoDet][06-21 03:51:50]INFO: Train|Epoch15/30|Iter10600(647/711)| mem:11.9G| lr:5.75e-04| loss_qfl:0.4694| loss_bbox:0.3559| loss_dfl:0.2102| aux_loss_qfl:0.4181| aux_loss_bbox:0.3305| aux_loss_dfl:0.1994| 
[NanoDet][06-21 03:52:23]INFO: Train|Epoch15/30|Iter10650(697/711)| mem:11.9G| lr:5.75e-04| loss_qfl:0.4149| loss_bbox:0.3459| loss_dfl:0.2110| aux_loss_qfl:0.3722| aux_loss_bbox:0.3413| aux_loss_dfl:0.2031| 
[NanoDet][06-21 03:53:00]INFO: Train|Epoch16/30|Iter10700(36/711)| mem:11.9G| lr:5.25e-04| loss_qfl:0.4351| loss_bbox:0.3971| loss_dfl:0.2130| aux_loss_qfl:0.4079| aux_loss_bbox:0.3710| aux_loss_dfl:0.2010| 
[NanoDet][06-21 03:53:33]INFO: Train|Epoch16/30|Iter10750(86/711)| mem:11.9G| lr:5.25e-04| loss_qfl:0.3464| loss_bbox:0.3113| loss_dfl:0.1755| aux_loss_qfl:0.3115| aux_loss_bbox:0.2873| aux_loss_dfl:0.1686| 
[NanoDet][06-21 03:54:06]INFO: Train|Epoch16/30|Iter10800(136/711)| mem:11.9G| lr:5.25e-04| loss_qfl:0.3392| loss_bbox:0.4005| loss_dfl:0.2082| aux_loss_qfl:0.3101| aux_loss_bbox:0.3534| aux_loss_dfl:0.1910| 
[NanoDet][06-21 03:54:39]INFO: Train|Epoch16/30|Iter10850(186/711)| mem:11.9G| lr:5.25e-04| loss_qfl:0.3607| loss_bbox:0.4127| loss_dfl:0.2090| aux_loss_qfl:0.3384| aux_loss_bbox:0.3903| aux_loss_dfl:0.1981| 
[NanoDet][06-21 03:55:13]INFO: Train|Epoch16/30|Iter10900(236/711)| mem:11.9G| lr:5.25e-04| loss_qfl:0.3858| loss_bbox:0.3572| loss_dfl:0.1893| aux_loss_qfl:0.3745| aux_loss_bbox:0.3327| aux_loss_dfl:0.1810| 
[NanoDet][06-21 03:55:46]INFO: Train|Epoch16/30|Iter10950(286/711)| mem:11.9G| lr:5.25e-04| loss_qfl:0.3468| loss_bbox:0.3031| loss_dfl:0.1649| aux_loss_qfl:0.3047| aux_loss_bbox:0.2827| aux_loss_dfl:0.1588| 
[NanoDet][06-21 03:56:19]INFO: Train|Epoch16/30|Iter11000(336/711)| mem:11.9G| lr:5.25e-04| loss_qfl:0.3709| loss_bbox:0.3539| loss_dfl:0.1979| aux_loss_qfl:0.3340| aux_loss_bbox:0.3312| aux_loss_dfl:0.1878| 
[NanoDet][06-21 03:56:53]INFO: Train|Epoch16/30|Iter11050(386/711)| mem:11.9G| lr:5.25e-04| loss_qfl:0.3209| loss_bbox:0.3575| loss_dfl:0.1924| aux_loss_qfl:0.2875| aux_loss_bbox:0.3199| aux_loss_dfl:0.1824| 
[NanoDet][06-21 03:57:26]INFO: Train|Epoch16/30|Iter11100(436/711)| mem:11.9G| lr:5.25e-04| loss_qfl:0.3816| loss_bbox:0.3673| loss_dfl:0.1962| aux_loss_qfl:0.3248| aux_loss_bbox:0.3465| aux_loss_dfl:0.1901| 
[NanoDet][06-21 03:57:59]INFO: Train|Epoch16/30|Iter11150(486/711)| mem:11.9G| lr:5.25e-04| loss_qfl:0.4024| loss_bbox:0.3180| loss_dfl:0.1833| aux_loss_qfl:0.3662| aux_loss_bbox:0.2955| aux_loss_dfl:0.1769| 
[NanoDet][06-21 03:58:32]INFO: Train|Epoch16/30|Iter11200(536/711)| mem:11.9G| lr:5.25e-04| loss_qfl:0.3692| loss_bbox:0.3420| loss_dfl:0.1836| aux_loss_qfl:0.3390| aux_loss_bbox:0.3183| aux_loss_dfl:0.1774| 
[NanoDet][06-21 03:59:05]INFO: Train|Epoch16/30|Iter11250(586/711)| mem:11.9G| lr:5.25e-04| loss_qfl:0.4301| loss_bbox:0.3794| loss_dfl:0.2026| aux_loss_qfl:0.3759| aux_loss_bbox:0.3581| aux_loss_dfl:0.1915| 
[NanoDet][06-21 03:59:38]INFO: Train|Epoch16/30|Iter11300(636/711)| mem:11.9G| lr:5.25e-04| loss_qfl:0.3877| loss_bbox:0.3619| loss_dfl:0.2034| aux_loss_qfl:0.3436| aux_loss_bbox:0.3364| aux_loss_dfl:0.1979| 
[NanoDet][06-21 04:00:09]INFO: Train|Epoch16/30|Iter11350(686/711)| mem:11.9G| lr:5.25e-04| loss_qfl:0.4505| loss_bbox:0.3671| loss_dfl:0.1979| aux_loss_qfl:0.4092| aux_loss_bbox:0.3360| aux_loss_dfl:0.1880| 
[NanoDet][06-21 04:00:45]INFO: Train|Epoch17/30|Iter11400(25/711)| mem:11.9G| lr:4.75e-04| loss_qfl:0.3743| loss_bbox:0.3674| loss_dfl:0.2085| aux_loss_qfl:0.3367| aux_loss_bbox:0.3367| aux_loss_dfl:0.1954| 
[NanoDet][06-21 04:01:16]INFO: Train|Epoch17/30|Iter11450(75/711)| mem:11.9G| lr:4.75e-04| loss_qfl:0.3679| loss_bbox:0.3659| loss_dfl:0.1928| aux_loss_qfl:0.3404| aux_loss_bbox:0.3402| aux_loss_dfl:0.1860| 
[NanoDet][06-21 04:01:48]INFO: Train|Epoch17/30|Iter11500(125/711)| mem:11.9G| lr:4.75e-04| loss_qfl:0.2983| loss_bbox:0.3664| loss_dfl:0.1974| aux_loss_qfl:0.2839| aux_loss_bbox:0.3399| aux_loss_dfl:0.1907| 
[NanoDet][06-21 04:02:21]INFO: Train|Epoch17/30|Iter11550(175/711)| mem:11.9G| lr:4.75e-04| loss_qfl:0.3384| loss_bbox:0.3128| loss_dfl:0.1771| aux_loss_qfl:0.2979| aux_loss_bbox:0.2806| aux_loss_dfl:0.1681| 
[NanoDet][06-21 04:02:54]INFO: Train|Epoch17/30|Iter11600(225/711)| mem:11.9G| lr:4.75e-04| loss_qfl:0.4126| loss_bbox:0.4369| loss_dfl:0.2117| aux_loss_qfl:0.3691| aux_loss_bbox:0.4049| aux_loss_dfl:0.2005| 
[NanoDet][06-21 04:03:28]INFO: Train|Epoch17/30|Iter11650(275/711)| mem:11.9G| lr:4.75e-04| loss_qfl:0.3264| loss_bbox:0.3952| loss_dfl:0.1983| aux_loss_qfl:0.3019| aux_loss_bbox:0.3617| aux_loss_dfl:0.1868| 
[NanoDet][06-21 04:04:01]INFO: Train|Epoch17/30|Iter11700(325/711)| mem:11.9G| lr:4.75e-04| loss_qfl:0.3627| loss_bbox:0.3476| loss_dfl:0.1857| aux_loss_qfl:0.3331| aux_loss_bbox:0.3271| aux_loss_dfl:0.1813| 
[NanoDet][06-21 04:04:34]INFO: Train|Epoch17/30|Iter11750(375/711)| mem:11.9G| lr:4.75e-04| loss_qfl:0.3716| loss_bbox:0.3548| loss_dfl:0.1861| aux_loss_qfl:0.3419| aux_loss_bbox:0.3320| aux_loss_dfl:0.1778| 
[NanoDet][06-21 04:05:07]INFO: Train|Epoch17/30|Iter11800(425/711)| mem:11.9G| lr:4.75e-04| loss_qfl:0.3591| loss_bbox:0.3495| loss_dfl:0.1905| aux_loss_qfl:0.3278| aux_loss_bbox:0.3274| aux_loss_dfl:0.1841| 
[NanoDet][06-21 04:05:40]INFO: Train|Epoch17/30|Iter11850(475/711)| mem:11.9G| lr:4.75e-04| loss_qfl:0.3700| loss_bbox:0.3173| loss_dfl:0.1943| aux_loss_qfl:0.3347| aux_loss_bbox:0.2930| aux_loss_dfl:0.1840| 
[NanoDet][06-21 04:06:14]INFO: Train|Epoch17/30|Iter11900(525/711)| mem:11.9G| lr:4.75e-04| loss_qfl:0.3892| loss_bbox:0.4042| loss_dfl:0.1990| aux_loss_qfl:0.3587| aux_loss_bbox:0.3610| aux_loss_dfl:0.1852| 
[NanoDet][06-21 04:06:47]INFO: Train|Epoch17/30|Iter11950(575/711)| mem:11.9G| lr:4.75e-04| loss_qfl:0.3683| loss_bbox:0.3653| loss_dfl:0.2016| aux_loss_qfl:0.3386| aux_loss_bbox:0.3443| aux_loss_dfl:0.1884| 
[NanoDet][06-21 04:07:21]INFO: Train|Epoch17/30|Iter12000(625/711)| mem:11.9G| lr:4.75e-04| loss_qfl:0.3713| loss_bbox:0.3071| loss_dfl:0.1817| aux_loss_qfl:0.3211| aux_loss_bbox:0.2729| aux_loss_dfl:0.1704| 
[NanoDet][06-21 04:07:54]INFO: Train|Epoch17/30|Iter12050(675/711)| mem:11.9G| lr:4.75e-04| loss_qfl:0.3806| loss_bbox:0.3921| loss_dfl:0.2026| aux_loss_qfl:0.3382| aux_loss_bbox:0.3545| aux_loss_dfl:0.1890| 
[NanoDet][06-21 04:08:31]INFO: Train|Epoch18/30|Iter12100(14/711)| mem:11.9G| lr:4.26e-04| loss_qfl:0.3931| loss_bbox:0.3127| loss_dfl:0.1905| aux_loss_qfl:0.3622| aux_loss_bbox:0.2859| aux_loss_dfl:0.1780| 
[NanoDet][06-21 04:09:04]INFO: Train|Epoch18/30|Iter12150(64/711)| mem:11.9G| lr:4.26e-04| loss_qfl:0.3499| loss_bbox:0.3182| loss_dfl:0.1967| aux_loss_qfl:0.3111| aux_loss_bbox:0.3000| aux_loss_dfl:0.1884| 
[NanoDet][06-21 04:09:37]INFO: Train|Epoch18/30|Iter12200(114/711)| mem:11.9G| lr:4.26e-04| loss_qfl:0.3713| loss_bbox:0.3514| loss_dfl:0.1965| aux_loss_qfl:0.3428| aux_loss_bbox:0.3259| aux_loss_dfl:0.1899| 
[NanoDet][06-21 04:10:11]INFO: Train|Epoch18/30|Iter12250(164/711)| mem:11.9G| lr:4.26e-04| loss_qfl:0.4040| loss_bbox:0.3569| loss_dfl:0.2023| aux_loss_qfl:0.3425| aux_loss_bbox:0.3297| aux_loss_dfl:0.1932| 
[NanoDet][06-21 04:10:43]INFO: Train|Epoch18/30|Iter12300(214/711)| mem:11.9G| lr:4.26e-04| loss_qfl:0.3483| loss_bbox:0.3365| loss_dfl:0.1882| aux_loss_qfl:0.3243| aux_loss_bbox:0.3081| aux_loss_dfl:0.1779| 
[NanoDet][06-21 04:11:15]INFO: Train|Epoch18/30|Iter12350(264/711)| mem:11.9G| lr:4.26e-04| loss_qfl:0.3323| loss_bbox:0.3245| loss_dfl:0.2021| aux_loss_qfl:0.3020| aux_loss_bbox:0.3066| aux_loss_dfl:0.1954| 
[NanoDet][06-21 04:11:46]INFO: Train|Epoch18/30|Iter12400(314/711)| mem:11.9G| lr:4.26e-04| loss_qfl:0.3748| loss_bbox:0.3609| loss_dfl:0.2029| aux_loss_qfl:0.3611| aux_loss_bbox:0.3386| aux_loss_dfl:0.1962| 
[NanoDet][06-21 04:12:18]INFO: Train|Epoch18/30|Iter12450(364/711)| mem:11.9G| lr:4.26e-04| loss_qfl:0.3798| loss_bbox:0.3293| loss_dfl:0.1855| aux_loss_qfl:0.3317| aux_loss_bbox:0.2940| aux_loss_dfl:0.1732| 
[NanoDet][06-21 04:12:51]INFO: Train|Epoch18/30|Iter12500(414/711)| mem:11.9G| lr:4.26e-04| loss_qfl:0.3147| loss_bbox:0.3545| loss_dfl:0.1977| aux_loss_qfl:0.2760| aux_loss_bbox:0.3362| aux_loss_dfl:0.1924| 
[NanoDet][06-21 04:13:22]INFO: Train|Epoch18/30|Iter12550(464/711)| mem:11.9G| lr:4.26e-04| loss_qfl:0.3853| loss_bbox:0.4015| loss_dfl:0.1935| aux_loss_qfl:0.3169| aux_loss_bbox:0.3738| aux_loss_dfl:0.1869| 
[NanoDet][06-21 04:13:55]INFO: Train|Epoch18/30|Iter12600(514/711)| mem:11.9G| lr:4.26e-04| loss_qfl:0.3803| loss_bbox:0.4475| loss_dfl:0.2082| aux_loss_qfl:0.3515| aux_loss_bbox:0.4091| aux_loss_dfl:0.1960| 
[NanoDet][06-21 04:14:29]INFO: Train|Epoch18/30|Iter12650(564/711)| mem:11.9G| lr:4.26e-04| loss_qfl:0.3610| loss_bbox:0.3135| loss_dfl:0.1890| aux_loss_qfl:0.3198| aux_loss_bbox:0.2932| aux_loss_dfl:0.1827| 
[NanoDet][06-21 04:15:02]INFO: Train|Epoch18/30|Iter12700(614/711)| mem:11.9G| lr:4.26e-04| loss_qfl:0.4020| loss_bbox:0.4042| loss_dfl:0.2231| aux_loss_qfl:0.3397| aux_loss_bbox:0.3602| aux_loss_dfl:0.2070| 
[NanoDet][06-21 04:15:35]INFO: Train|Epoch18/30|Iter12750(664/711)| mem:11.9G| lr:4.26e-04| loss_qfl:0.4197| loss_bbox:0.3314| loss_dfl:0.1838| aux_loss_qfl:0.3829| aux_loss_bbox:0.3073| aux_loss_dfl:0.1739| 
[NanoDet][06-21 04:16:11]INFO: Train|Epoch19/30|Iter12800(3/711)| mem:11.9G| lr:3.78e-04| loss_qfl:0.3723| loss_bbox:0.3727| loss_dfl:0.2011| aux_loss_qfl:0.3378| aux_loss_bbox:0.3407| aux_loss_dfl:0.1900| 
[NanoDet][06-21 04:16:44]INFO: Train|Epoch19/30|Iter12850(53/711)| mem:11.9G| lr:3.78e-04| loss_qfl:0.3484| loss_bbox:0.3931| loss_dfl:0.2137| aux_loss_qfl:0.3038| aux_loss_bbox:0.3532| aux_loss_dfl:0.2010| 
[NanoDet][06-21 04:17:17]INFO: Train|Epoch19/30|Iter12900(103/711)| mem:11.9G| lr:3.78e-04| loss_qfl:0.4162| loss_bbox:0.3119| loss_dfl:0.1872| aux_loss_qfl:0.3841| aux_loss_bbox:0.2810| aux_loss_dfl:0.1781| 
[NanoDet][06-21 04:17:50]INFO: Train|Epoch19/30|Iter12950(153/711)| mem:11.9G| lr:3.78e-04| loss_qfl:0.4104| loss_bbox:0.3629| loss_dfl:0.2070| aux_loss_qfl:0.3614| aux_loss_bbox:0.3390| aux_loss_dfl:0.1965| 
[NanoDet][06-21 04:18:23]INFO: Train|Epoch19/30|Iter13000(203/711)| mem:11.9G| lr:3.78e-04| loss_qfl:0.4071| loss_bbox:0.3557| loss_dfl:0.1993| aux_loss_qfl:0.3722| aux_loss_bbox:0.3296| aux_loss_dfl:0.1888| 
[NanoDet][06-21 04:18:56]INFO: Train|Epoch19/30|Iter13050(253/711)| mem:11.9G| lr:3.78e-04| loss_qfl:0.2856| loss_bbox:0.4183| loss_dfl:0.2066| aux_loss_qfl:0.2567| aux_loss_bbox:0.3802| aux_loss_dfl:0.1970| 
[NanoDet][06-21 04:19:29]INFO: Train|Epoch19/30|Iter13100(303/711)| mem:11.9G| lr:3.78e-04| loss_qfl:0.3199| loss_bbox:0.3222| loss_dfl:0.1787| aux_loss_qfl:0.2749| aux_loss_bbox:0.2937| aux_loss_dfl:0.1689| 
[NanoDet][06-21 04:20:02]INFO: Train|Epoch19/30|Iter13150(353/711)| mem:11.9G| lr:3.78e-04| loss_qfl:0.3467| loss_bbox:0.3602| loss_dfl:0.1992| aux_loss_qfl:0.3282| aux_loss_bbox:0.3382| aux_loss_dfl:0.1921| 
[NanoDet][06-21 04:20:35]INFO: Train|Epoch19/30|Iter13200(403/711)| mem:11.9G| lr:3.78e-04| loss_qfl:0.4296| loss_bbox:0.3084| loss_dfl:0.1873| aux_loss_qfl:0.3939| aux_loss_bbox:0.2894| aux_loss_dfl:0.1811| 
[NanoDet][06-21 04:21:07]INFO: Train|Epoch19/30|Iter13250(453/711)| mem:11.9G| lr:3.78e-04| loss_qfl:0.3612| loss_bbox:0.4118| loss_dfl:0.2056| aux_loss_qfl:0.3388| aux_loss_bbox:0.3866| aux_loss_dfl:0.1990| 
[NanoDet][06-21 04:21:40]INFO: Train|Epoch19/30|Iter13300(503/711)| mem:11.9G| lr:3.78e-04| loss_qfl:0.3430| loss_bbox:0.3335| loss_dfl:0.1917| aux_loss_qfl:0.3117| aux_loss_bbox:0.3006| aux_loss_dfl:0.1805| 
[NanoDet][06-21 04:22:13]INFO: Train|Epoch19/30|Iter13350(553/711)| mem:11.9G| lr:3.78e-04| loss_qfl:0.3184| loss_bbox:0.3688| loss_dfl:0.1939| aux_loss_qfl:0.2830| aux_loss_bbox:0.3482| aux_loss_dfl:0.1893| 
[NanoDet][06-21 04:22:44]INFO: Train|Epoch19/30|Iter13400(603/711)| mem:11.9G| lr:3.78e-04| loss_qfl:0.3420| loss_bbox:0.2964| loss_dfl:0.1806| aux_loss_qfl:0.3077| aux_loss_bbox:0.2611| aux_loss_dfl:0.1700| 
[NanoDet][06-21 04:23:15]INFO: Train|Epoch19/30|Iter13450(653/711)| mem:11.9G| lr:3.78e-04| loss_qfl:0.4191| loss_bbox:0.3731| loss_dfl:0.2137| aux_loss_qfl:0.3670| aux_loss_bbox:0.3460| aux_loss_dfl:0.2039| 
[NanoDet][06-21 04:23:44]INFO: Train|Epoch19/30|Iter13500(703/711)| mem:11.9G| lr:3.78e-04| loss_qfl:0.3071| loss_bbox:0.3917| loss_dfl:0.1890| aux_loss_qfl:0.2703| aux_loss_bbox:0.3528| aux_loss_dfl:0.1773| 
[NanoDet][06-21 04:24:18]INFO: Train|Epoch20/30|Iter13550(42/711)| mem:11.9G| lr:3.32e-04| loss_qfl:0.3446| loss_bbox:0.3077| loss_dfl:0.1906| aux_loss_qfl:0.3139| aux_loss_bbox:0.2991| aux_loss_dfl:0.1893| 
[NanoDet][06-21 04:24:49]INFO: Train|Epoch20/30|Iter13600(92/711)| mem:11.9G| lr:3.32e-04| loss_qfl:0.3521| loss_bbox:0.3307| loss_dfl:0.1805| aux_loss_qfl:0.3198| aux_loss_bbox:0.3152| aux_loss_dfl:0.1751| 
[NanoDet][06-21 04:25:21]INFO: Train|Epoch20/30|Iter13650(142/711)| mem:11.9G| lr:3.32e-04| loss_qfl:0.3543| loss_bbox:0.3148| loss_dfl:0.1821| aux_loss_qfl:0.3209| aux_loss_bbox:0.2824| aux_loss_dfl:0.1691| 
[NanoDet][06-21 04:25:54]INFO: Train|Epoch20/30|Iter13700(192/711)| mem:11.9G| lr:3.32e-04| loss_qfl:0.3233| loss_bbox:0.4236| loss_dfl:0.2099| aux_loss_qfl:0.2977| aux_loss_bbox:0.3988| aux_loss_dfl:0.2002| 
[NanoDet][06-21 04:26:27]INFO: Train|Epoch20/30|Iter13750(242/711)| mem:11.9G| lr:3.32e-04| loss_qfl:0.3575| loss_bbox:0.3853| loss_dfl:0.1986| aux_loss_qfl:0.3228| aux_loss_bbox:0.3632| aux_loss_dfl:0.1944| 
[NanoDet][06-21 04:27:00]INFO: Train|Epoch20/30|Iter13800(292/711)| mem:11.9G| lr:3.32e-04| loss_qfl:0.2967| loss_bbox:0.3356| loss_dfl:0.1958| aux_loss_qfl:0.2546| aux_loss_bbox:0.3117| aux_loss_dfl:0.1860| 
[NanoDet][06-21 04:27:34]INFO: Train|Epoch20/30|Iter13850(342/711)| mem:11.9G| lr:3.32e-04| loss_qfl:0.3164| loss_bbox:0.3621| loss_dfl:0.1916| aux_loss_qfl:0.2819| aux_loss_bbox:0.3263| aux_loss_dfl:0.1823| 
[NanoDet][06-21 04:28:06]INFO: Train|Epoch20/30|Iter13900(392/711)| mem:11.9G| lr:3.32e-04| loss_qfl:0.3230| loss_bbox:0.3494| loss_dfl:0.1969| aux_loss_qfl:0.2828| aux_loss_bbox:0.3246| aux_loss_dfl:0.1909| 
[NanoDet][06-21 04:28:39]INFO: Train|Epoch20/30|Iter13950(442/711)| mem:11.9G| lr:3.32e-04| loss_qfl:0.3767| loss_bbox:0.3633| loss_dfl:0.1847| aux_loss_qfl:0.3466| aux_loss_bbox:0.3375| aux_loss_dfl:0.1727| 
[NanoDet][06-21 04:29:12]INFO: Train|Epoch20/30|Iter14000(492/711)| mem:11.9G| lr:3.32e-04| loss_qfl:0.3601| loss_bbox:0.2926| loss_dfl:0.1722| aux_loss_qfl:0.3200| aux_loss_bbox:0.2802| aux_loss_dfl:0.1667| 
[NanoDet][06-21 04:29:45]INFO: Train|Epoch20/30|Iter14050(542/711)| mem:11.9G| lr:3.32e-04| loss_qfl:0.3643| loss_bbox:0.3009| loss_dfl:0.1769| aux_loss_qfl:0.3380| aux_loss_bbox:0.2745| aux_loss_dfl:0.1680| 
[NanoDet][06-21 04:30:18]INFO: Train|Epoch20/30|Iter14100(592/711)| mem:11.9G| lr:3.32e-04| loss_qfl:0.3234| loss_bbox:0.4352| loss_dfl:0.1948| aux_loss_qfl:0.2835| aux_loss_bbox:0.3921| aux_loss_dfl:0.1855| 
[NanoDet][06-21 04:30:51]INFO: Train|Epoch20/30|Iter14150(642/711)| mem:11.9G| lr:3.32e-04| loss_qfl:0.3398| loss_bbox:0.2858| loss_dfl:0.1793| aux_loss_qfl:0.3040| aux_loss_bbox:0.2587| aux_loss_dfl:0.1685| 
[NanoDet][06-21 04:31:24]INFO: Train|Epoch20/30|Iter14200(692/711)| mem:11.9G| lr:3.32e-04| loss_qfl:0.3872| loss_bbox:0.3864| loss_dfl:0.2004| aux_loss_qfl:0.3688| aux_loss_bbox:0.3511| aux_loss_dfl:0.1907| 
[NanoDet][06-21 04:31:41]INFO: Val|Epoch20/30|Iter14220(1/70)| mem:11.9G| lr:2.88e-04| loss_qfl:0.3598| loss_bbox:0.3722| loss_dfl:0.2114| aux_loss_qfl:0.3114| aux_loss_bbox:0.3358| aux_loss_dfl:0.1998| 
[NanoDet][06-21 04:32:09]INFO: Val|Epoch20/30|Iter14220(51/70)| mem:11.9G| lr:2.88e-04| loss_qfl:0.3141| loss_bbox:0.2957| loss_dfl:0.1915| aux_loss_qfl:0.2830| aux_loss_bbox:0.2702| aux_loss_dfl:0.1824| 
[NanoDet][06-21 04:33:06]INFO: 
 Average Precision  (AP) @[ IoU=0.50:0.95 | area=   all | maxDets=100 ] = 0.447
 Average Precision  (AP) @[ IoU=0.50      | area=   all | maxDets=100 ] = 0.664
 Average Precision  (AP) @[ IoU=0.75      | area=   all | maxDets=100 ] = 0.480
 Average Precision  (AP) @[ IoU=0.50:0.95 | area= small | maxDets=100 ] = 0.009
 Average Precision  (AP) @[ IoU=0.50:0.95 | area=medium | maxDets=100 ] = 0.076
 Average Precision  (AP) @[ IoU=0.50:0.95 | area= large | maxDets=100 ] = 0.521
 Average Recall     (AR) @[ IoU=0.50:0.95 | area=   all | maxDets=  1 ] = 0.421
 Average Recall     (AR) @[ IoU=0.50:0.95 | area=   all | maxDets= 10 ] = 0.555
 Average Recall     (AR) @[ IoU=0.50:0.95 | area=   all | maxDets=100 ] = 0.592
 Average Recall     (AR) @[ IoU=0.50:0.95 | area= small | maxDets=100 ] = 0.020
 Average Recall     (AR) @[ IoU=0.50:0.95 | area=medium | maxDets=100 ] = 0.250
 Average Recall     (AR) @[ IoU=0.50:0.95 | area= large | maxDets=100 ] = 0.686

[NanoDet][06-21 04:33:06]INFO: 
| class        | AP50   | mAP   | class    | AP50   | mAP   |
|:-------------|:-------|:------|:---------|:-------|:------|
| bird         | 56.3   | 33.4  | squirrel | 78.6   | 56.1  |
| cat          | 83.0   | 60.9  | person   | 36.5   | 18.0  |
| other_animal | 77.4   | 54.8  |          |        |       |
[NanoDet][06-21 04:33:06]INFO: Saving model to outputs/detect/feeder_320/model_best/nanodet_model_best.pth
[NanoDet][06-21 04:33:07]INFO: Val_metrics: {'mAP': 0.4465019896746235, 'AP_50': 0.6635190502402809, 'AP_75': 0.48042869884712436, 'AP_small': 0.008956902017595362, 'AP_m': 0.07603054671707304, 'AP_l': 0.5214608841476137}
[NanoDet][06-21 04:33:32]INFO: Train|Epoch21/30|Iter14250(31/711)| mem:11.9G| lr:2.88e-04| loss_qfl:0.3485| loss_bbox:0.2934| loss_dfl:0.1784| aux_loss_qfl:0.2961| aux_loss_bbox:0.2674| aux_loss_dfl:0.1712| 
[NanoDet][06-21 04:34:03]INFO: Train|Epoch21/30|Iter14300(81/711)| mem:11.9G| lr:2.88e-04| loss_qfl:0.3101| loss_bbox:0.3963| loss_dfl:0.1961| aux_loss_qfl:0.2743| aux_loss_bbox:0.3597| aux_loss_dfl:0.1857| 
[NanoDet][06-21 04:34:34]INFO: Train|Epoch21/30|Iter14350(131/711)| mem:11.9G| lr:2.88e-04| loss_qfl:0.3440| loss_bbox:0.3299| loss_dfl:0.1821| aux_loss_qfl:0.3075| aux_loss_bbox:0.3023| aux_loss_dfl:0.1747| 
[NanoDet][06-21 04:35:06]INFO: Train|Epoch21/30|Iter14400(181/711)| mem:11.9G| lr:2.88e-04| loss_qfl:0.3434| loss_bbox:0.4123| loss_dfl:0.2044| aux_loss_qfl:0.3268| aux_loss_bbox:0.3649| aux_loss_dfl:0.1900| 
[NanoDet][06-21 04:35:36]INFO: Train|Epoch21/30|Iter14450(231/711)| mem:11.9G| lr:2.88e-04| loss_qfl:0.3625| loss_bbox:0.3143| loss_dfl:0.1989| aux_loss_qfl:0.3206| aux_loss_bbox:0.2983| aux_loss_dfl:0.1910| 
[NanoDet][06-21 04:36:08]INFO: Train|Epoch21/30|Iter14500(281/711)| mem:11.9G| lr:2.88e-04| loss_qfl:0.3059| loss_bbox:0.3048| loss_dfl:0.1741| aux_loss_qfl:0.2673| aux_loss_bbox:0.2786| aux_loss_dfl:0.1658| 
[NanoDet][06-21 04:36:41]INFO: Train|Epoch21/30|Iter14550(331/711)| mem:11.9G| lr:2.88e-04| loss_qfl:0.3675| loss_bbox:0.3469| loss_dfl:0.1928| aux_loss_qfl:0.3317| aux_loss_bbox:0.3259| aux_loss_dfl:0.1854| 
[NanoDet][06-21 04:37:14]INFO: Train|Epoch21/30|Iter14600(381/711)| mem:11.9G| lr:2.88e-04| loss_qfl:0.3752| loss_bbox:0.3515| loss_dfl:0.1942| aux_loss_qfl:0.3395| aux_loss_bbox:0.3314| aux_loss_dfl:0.1860| 
[NanoDet][06-21 04:37:48]INFO: Train|Epoch21/30|Iter14650(431/711)| mem:11.9G| lr:2.88e-04| loss_qfl:0.2811| loss_bbox:0.3766| loss_dfl:0.1925| aux_loss_qfl:0.2352| aux_loss_bbox:0.3467| aux_loss_dfl:0.1840| 
[NanoDet][06-21 04:38:21]INFO: Train|Epoch21/30|Iter14700(481/711)| mem:11.9G| lr:2.88e-04| loss_qfl:0.3572| loss_bbox:0.4083| loss_dfl:0.2086| aux_loss_qfl:0.3112| aux_loss_bbox:0.3737| aux_loss_dfl:0.1985| 
[NanoDet][06-21 04:38:53]INFO: Train|Epoch21/30|Iter14750(531/711)| mem:11.9G| lr:2.88e-04| loss_qfl:0.3188| loss_bbox:0.3260| loss_dfl:0.1828| aux_loss_qfl:0.2876| aux_loss_bbox:0.3050| aux_loss_dfl:0.1747| 
[NanoDet][06-21 04:39:27]INFO: Train|Epoch21/30|Iter14800(581/711)| mem:11.9G| lr:2.88e-04| loss_qfl:0.2952| loss_bbox:0.3522| loss_dfl:0.1958| aux_loss_qfl:0.2577| aux_loss_bbox:0.3270| aux_loss_dfl:0.1877| 
[NanoDet][06-21 04:39:59]INFO: Train|Epoch21/30|Iter14850(631/711)| mem:11.9G| lr:2.88e-04| loss_qfl:0.3649| loss_bbox:0.3255| loss_dfl:0.1868| aux_loss_qfl:0.3237| aux_loss_bbox:0.3143| aux_loss_dfl:0.1774| 
[NanoDet][06-21 04:40:32]INFO: Train|Epoch21/30|Iter14900(681/711)| mem:11.9G| lr:2.88e-04| loss_qfl:0.3170| loss_bbox:0.3999| loss_dfl:0.1892| aux_loss_qfl:0.2789| aux_loss_bbox:0.3517| aux_loss_dfl:0.1742| 
[NanoDet][06-21 04:41:09]INFO: Train|Epoch22/30|Iter14950(20/711)| mem:11.9G| lr:2.46e-04| loss_qfl:0.3003| loss_bbox:0.3673| loss_dfl:0.1794| aux_loss_qfl:0.2735| aux_loss_bbox:0.3245| aux_loss_dfl:0.1702| 
[NanoDet][06-21 04:41:42]INFO: Train|Epoch22/30|Iter15000(70/711)| mem:11.9G| lr:2.46e-04| loss_qfl:0.3333| loss_bbox:0.3375| loss_dfl:0.1904| aux_loss_qfl:0.2775| aux_loss_bbox:0.2998| aux_loss_dfl:0.1771| 
[NanoDet][06-21 04:42:15]INFO: Train|Epoch22/30|Iter15050(120/711)| mem:11.9G| lr:2.46e-04| loss_qfl:0.3078| loss_bbox:0.3243| loss_dfl:0.1892| aux_loss_qfl:0.2702| aux_loss_bbox:0.3073| aux_loss_dfl:0.1815| 
[NanoDet][06-21 04:42:48]INFO: Train|Epoch22/30|Iter15100(170/711)| mem:11.9G| lr:2.46e-04| loss_qfl:0.3558| loss_bbox:0.3733| loss_dfl:0.1957| aux_loss_qfl:0.3314| aux_loss_bbox:0.3463| aux_loss_dfl:0.1858| 
[NanoDet][06-21 04:43:21]INFO: Train|Epoch22/30|Iter15150(220/711)| mem:11.9G| lr:2.46e-04| loss_qfl:0.3209| loss_bbox:0.3525| loss_dfl:0.1983| aux_loss_qfl:0.2882| aux_loss_bbox:0.3321| aux_loss_dfl:0.1881| 
[NanoDet][06-21 04:43:54]INFO: Train|Epoch22/30|Iter15200(270/711)| mem:11.9G| lr:2.46e-04| loss_qfl:0.3747| loss_bbox:0.3008| loss_dfl:0.1853| aux_loss_qfl:0.3018| aux_loss_bbox:0.2853| aux_loss_dfl:0.1794| 
[NanoDet][06-21 04:44:26]INFO: Train|Epoch22/30|Iter15250(320/711)| mem:11.9G| lr:2.46e-04| loss_qfl:0.3484| loss_bbox:0.3462| loss_dfl:0.1947| aux_loss_qfl:0.3037| aux_loss_bbox:0.3266| aux_loss_dfl:0.1852| 
[NanoDet][06-21 04:44:57]INFO: Train|Epoch22/30|Iter15300(370/711)| mem:11.9G| lr:2.46e-04| loss_qfl:0.3067| loss_bbox:0.4289| loss_dfl:0.1966| aux_loss_qfl:0.2723| aux_loss_bbox:0.3907| aux_loss_dfl:0.1890| 
[NanoDet][06-21 04:45:28]INFO: Train|Epoch22/30|Iter15350(420/711)| mem:11.9G| lr:2.46e-04| loss_qfl:0.3221| loss_bbox:0.3448| loss_dfl:0.1922| aux_loss_qfl:0.2748| aux_loss_bbox:0.3318| aux_loss_dfl:0.1878| 
[NanoDet][06-21 04:46:00]INFO: Train|Epoch22/30|Iter15400(470/711)| mem:11.9G| lr:2.46e-04| loss_qfl:0.3518| loss_bbox:0.2853| loss_dfl:0.1774| aux_loss_qfl:0.3142| aux_loss_bbox:0.2716| aux_loss_dfl:0.1735| 
[NanoDet][06-21 04:46:32]INFO: Train|Epoch22/30|Iter15450(520/711)| mem:11.9G| lr:2.46e-04| loss_qfl:0.2988| loss_bbox:0.4037| loss_dfl:0.1991| aux_loss_qfl:0.2572| aux_loss_bbox:0.3680| aux_loss_dfl:0.1881| 
[NanoDet][06-21 04:47:04]INFO: Train|Epoch22/30|Iter15500(570/711)| mem:11.9G| lr:2.46e-04| loss_qfl:0.3622| loss_bbox:0.3049| loss_dfl:0.1770| aux_loss_qfl:0.3139| aux_loss_bbox:0.2767| aux_loss_dfl:0.1689| 
[NanoDet][06-21 04:47:37]INFO: Train|Epoch22/30|Iter15550(620/711)| mem:11.9G| lr:2.46e-04| loss_qfl:0.3249| loss_bbox:0.3836| loss_dfl:0.2149| aux_loss_qfl:0.2932| aux_loss_bbox:0.3416| aux_loss_dfl:0.2028| 
[NanoDet][06-21 04:48:10]INFO: Train|Epoch22/30|Iter15600(670/711)| mem:11.9G| lr:2.46e-04| loss_qfl:0.2804| loss_bbox:0.2818| loss_dfl:0.1658| aux_loss_qfl:0.2537| aux_loss_bbox:0.2705| aux_loss_dfl:0.1642| 
[NanoDet][06-21 04:48:47]INFO: Train|Epoch23/30|Iter15650(9/711)| mem:11.9G| lr:2.07e-04| loss_qfl:0.3098| loss_bbox:0.3633| loss_dfl:0.1900| aux_loss_qfl:0.2785| aux_loss_bbox:0.3370| aux_loss_dfl:0.1829| 
[NanoDet][06-21 04:49:20]INFO: Train|Epoch23/30|Iter15700(59/711)| mem:11.9G| lr:2.07e-04| loss_qfl:0.2979| loss_bbox:0.3488| loss_dfl:0.1999| aux_loss_qfl:0.2772| aux_loss_bbox:0.3180| aux_loss_dfl:0.1919| 
[NanoDet][06-21 04:49:53]INFO: Train|Epoch23/30|Iter15750(109/711)| mem:11.9G| lr:2.07e-04| loss_qfl:0.2959| loss_bbox:0.3110| loss_dfl:0.1842| aux_loss_qfl:0.2598| aux_loss_bbox:0.2852| aux_loss_dfl:0.1721| 
[NanoDet][06-21 04:50:25]INFO: Train|Epoch23/30|Iter15800(159/711)| mem:11.9G| lr:2.07e-04| loss_qfl:0.3260| loss_bbox:0.3766| loss_dfl:0.1964| aux_loss_qfl:0.2996| aux_loss_bbox:0.3390| aux_loss_dfl:0.1847| 
[NanoDet][06-21 04:50:58]INFO: Train|Epoch23/30|Iter15850(209/711)| mem:11.9G| lr:2.07e-04| loss_qfl:0.3207| loss_bbox:0.3128| loss_dfl:0.1799| aux_loss_qfl:0.2900| aux_loss_bbox:0.2877| aux_loss_dfl:0.1715| 
[NanoDet][06-21 04:51:31]INFO: Train|Epoch23/30|Iter15900(259/711)| mem:11.9G| lr:2.07e-04| loss_qfl:0.3387| loss_bbox:0.2921| loss_dfl:0.1673| aux_loss_qfl:0.2931| aux_loss_bbox:0.2664| aux_loss_dfl:0.1573| 
[NanoDet][06-21 04:52:04]INFO: Train|Epoch23/30|Iter15950(309/711)| mem:11.9G| lr:2.07e-04| loss_qfl:0.3494| loss_bbox:0.2964| loss_dfl:0.1853| aux_loss_qfl:0.2973| aux_loss_bbox:0.2900| aux_loss_dfl:0.1814| 
[NanoDet][06-21 04:52:37]INFO: Train|Epoch23/30|Iter16000(359/711)| mem:11.9G| lr:2.07e-04| loss_qfl:0.3185| loss_bbox:0.4127| loss_dfl:0.2101| aux_loss_qfl:0.3113| aux_loss_bbox:0.3825| aux_loss_dfl:0.2025| 
[NanoDet][06-21 04:53:10]INFO: Train|Epoch23/30|Iter16050(409/711)| mem:11.9G| lr:2.07e-04| loss_qfl:0.3313| loss_bbox:0.3780| loss_dfl:0.1883| aux_loss_qfl:0.2978| aux_loss_bbox:0.3394| aux_loss_dfl:0.1770| 
[NanoDet][06-21 04:53:43]INFO: Train|Epoch23/30|Iter16100(459/711)| mem:11.9G| lr:2.07e-04| loss_qfl:0.2740| loss_bbox:0.3083| loss_dfl:0.1776| aux_loss_qfl:0.2525| aux_loss_bbox:0.2789| aux_loss_dfl:0.1677| 
[NanoDet][06-21 04:54:15]INFO: Train|Epoch23/30|Iter16150(509/711)| mem:11.9G| lr:2.07e-04| loss_qfl:0.3566| loss_bbox:0.3235| loss_dfl:0.1814| aux_loss_qfl:0.3087| aux_loss_bbox:0.2948| aux_loss_dfl:0.1701| 
[NanoDet][06-21 04:54:46]INFO: Train|Epoch23/30|Iter16200(559/711)| mem:11.9G| lr:2.07e-04| loss_qfl:0.3286| loss_bbox:0.4445| loss_dfl:0.2225| aux_loss_qfl:0.2923| aux_loss_bbox:0.4062| aux_loss_dfl:0.2097| 
[NanoDet][06-21 04:55:18]INFO: Train|Epoch23/30|Iter16250(609/711)| mem:11.9G| lr:2.07e-04| loss_qfl:0.3394| loss_bbox:0.3367| loss_dfl:0.1837| aux_loss_qfl:0.3049| aux_loss_bbox:0.3179| aux_loss_dfl:0.1764| 
[NanoDet][06-21 04:55:48]INFO: Train|Epoch23/30|Iter16300(659/711)| mem:11.9G| lr:2.07e-04| loss_qfl:0.3211| loss_bbox:0.3273| loss_dfl:0.1916| aux_loss_qfl:0.2862| aux_loss_bbox:0.2919| aux_loss_dfl:0.1801| 
[NanoDet][06-21 04:56:17]INFO: Train|Epoch23/30|Iter16350(709/711)| mem:11.9G| lr:2.07e-04| loss_qfl:0.2981| loss_bbox:0.2716| loss_dfl:0.1765| aux_loss_qfl:0.2587| aux_loss_bbox:0.2530| aux_loss_dfl:0.1681| 
[NanoDet][06-21 04:56:53]INFO: Train|Epoch24/30|Iter16400(48/711)| mem:11.9G| lr:1.72e-04| loss_qfl:0.3287| loss_bbox:0.3401| loss_dfl:0.1874| aux_loss_qfl:0.3104| aux_loss_bbox:0.3129| aux_loss_dfl:0.1805| 
[NanoDet][06-21 04:57:26]INFO: Train|Epoch24/30|Iter16450(98/711)| mem:11.9G| lr:1.72e-04| loss_qfl:0.3013| loss_bbox:0.2989| loss_dfl:0.1812| aux_loss_qfl:0.2690| aux_loss_bbox:0.2698| aux_loss_dfl:0.1742| 
[NanoDet][06-21 04:57:58]INFO: Train|Epoch24/30|Iter16500(148/711)| mem:11.9G| lr:1.72e-04| loss_qfl:0.3233| loss_bbox:0.3727| loss_dfl:0.1926| aux_loss_qfl:0.3007| aux_loss_bbox:0.3447| aux_loss_dfl:0.1839| 
[NanoDet][06-21 04:58:31]INFO: Train|Epoch24/30|Iter16550(198/711)| mem:11.9G| lr:1.72e-04| loss_qfl:0.3029| loss_bbox:0.3324| loss_dfl:0.1799| aux_loss_qfl:0.2718| aux_loss_bbox:0.3124| aux_loss_dfl:0.1710| 
[NanoDet][06-21 04:59:03]INFO: Train|Epoch24/30|Iter16600(248/711)| mem:11.9G| lr:1.72e-04| loss_qfl:0.2948| loss_bbox:0.3734| loss_dfl:0.1902| aux_loss_qfl:0.2686| aux_loss_bbox:0.3357| aux_loss_dfl:0.1818| 
[NanoDet][06-21 04:59:36]INFO: Train|Epoch24/30|Iter16650(298/711)| mem:11.9G| lr:1.72e-04| loss_qfl:0.3327| loss_bbox:0.3444| loss_dfl:0.1937| aux_loss_qfl:0.3146| aux_loss_bbox:0.3265| aux_loss_dfl:0.1888| 
[NanoDet][06-21 05:00:08]INFO: Train|Epoch24/30|Iter16700(348/711)| mem:11.9G| lr:1.72e-04| loss_qfl:0.3433| loss_bbox:0.3679| loss_dfl:0.1907| aux_loss_qfl:0.3065| aux_loss_bbox:0.3323| aux_loss_dfl:0.1790| 
[NanoDet][06-21 05:00:41]INFO: Train|Epoch24/30|Iter16750(398/711)| mem:11.9G| lr:1.72e-04| loss_qfl:0.2847| loss_bbox:0.3669| loss_dfl:0.1984| aux_loss_qfl:0.2449| aux_loss_bbox:0.3352| aux_loss_dfl:0.1870| 
[NanoDet][06-21 05:01:14]INFO: Train|Epoch24/30|Iter16800(448/711)| mem:11.9G| lr:1.72e-04| loss_qfl:0.3889| loss_bbox:0.3330| loss_dfl:0.1913| aux_loss_qfl:0.3457| aux_loss_bbox:0.3047| aux_loss_dfl:0.1805| 
[NanoDet][06-21 05:01:46]INFO: Train|Epoch24/30|Iter16850(498/711)| mem:11.9G| lr:1.72e-04| loss_qfl:0.3431| loss_bbox:0.2674| loss_dfl:0.1683| aux_loss_qfl:0.2997| aux_loss_bbox:0.2553| aux_loss_dfl:0.1667| 
[NanoDet][06-21 05:02:19]INFO: Train|Epoch24/30|Iter16900(548/711)| mem:11.9G| lr:1.72e-04| loss_qfl:0.3826| loss_bbox:0.3309| loss_dfl:0.1759| aux_loss_qfl:0.3335| aux_loss_bbox:0.2874| aux_loss_dfl:0.1657| 
[NanoDet][06-21 05:02:52]INFO: Train|Epoch24/30|Iter16950(598/711)| mem:11.9G| lr:1.72e-04| loss_qfl:0.3398| loss_bbox:0.3330| loss_dfl:0.2032| aux_loss_qfl:0.2928| aux_loss_bbox:0.2957| aux_loss_dfl:0.1906| 
[NanoDet][06-21 05:03:25]INFO: Train|Epoch24/30|Iter17000(648/711)| mem:11.9G| lr:1.72e-04| loss_qfl:0.3242| loss_bbox:0.3458| loss_dfl:0.1937| aux_loss_qfl:0.2840| aux_loss_bbox:0.3167| aux_loss_dfl:0.1854| 
[NanoDet][06-21 05:03:57]INFO: Train|Epoch24/30|Iter17050(698/711)| mem:11.9G| lr:1.72e-04| loss_qfl:0.3021| loss_bbox:0.3046| loss_dfl:0.1808| aux_loss_qfl:0.2713| aux_loss_bbox:0.2807| aux_loss_dfl:0.1731| 
[NanoDet][06-21 05:04:34]INFO: Train|Epoch25/30|Iter17100(37/711)| mem:11.9G| lr:1.41e-04| loss_qfl:0.2944| loss_bbox:0.3372| loss_dfl:0.1943| aux_loss_qfl:0.2594| aux_loss_bbox:0.2952| aux_loss_dfl:0.1814| 
[NanoDet][06-21 05:05:07]INFO: Train|Epoch25/30|Iter17150(87/711)| mem:11.9G| lr:1.41e-04| loss_qfl:0.3033| loss_bbox:0.3525| loss_dfl:0.1860| aux_loss_qfl:0.2685| aux_loss_bbox:0.3399| aux_loss_dfl:0.1820| 
[NanoDet][06-21 05:05:40]INFO: Train|Epoch25/30|Iter17200(137/711)| mem:11.9G| lr:1.41e-04| loss_qfl:0.2876| loss_bbox:0.3231| loss_dfl:0.1798| aux_loss_qfl:0.2524| aux_loss_bbox:0.3163| aux_loss_dfl:0.1774| 
[NanoDet][06-21 05:06:12]INFO: Train|Epoch25/30|Iter17250(187/711)| mem:11.9G| lr:1.41e-04| loss_qfl:0.2998| loss_bbox:0.3410| loss_dfl:0.1798| aux_loss_qfl:0.2705| aux_loss_bbox:0.3125| aux_loss_dfl:0.1717| 
[NanoDet][06-21 05:06:44]INFO: Train|Epoch25/30|Iter17300(237/711)| mem:11.9G| lr:1.41e-04| loss_qfl:0.2888| loss_bbox:0.3858| loss_dfl:0.1878| aux_loss_qfl:0.2532| aux_loss_bbox:0.3452| aux_loss_dfl:0.1789| 
[NanoDet][06-21 05:07:16]INFO: Train|Epoch25/30|Iter17350(287/711)| mem:11.9G| lr:1.41e-04| loss_qfl:0.3237| loss_bbox:0.3218| loss_dfl:0.1784| aux_loss_qfl:0.2922| aux_loss_bbox:0.2979| aux_loss_dfl:0.1691| 
[NanoDet][06-21 05:07:46]INFO: Train|Epoch25/30|Iter17400(337/711)| mem:11.9G| lr:1.41e-04| loss_qfl:0.3160| loss_bbox:0.3645| loss_dfl:0.1960| aux_loss_qfl:0.2827| aux_loss_bbox:0.3393| aux_loss_dfl:0.1870| 
[NanoDet][06-21 05:08:16]INFO: Train|Epoch25/30|Iter17450(387/711)| mem:11.9G| lr:1.41e-04| loss_qfl:0.2761| loss_bbox:0.3434| loss_dfl:0.1868| aux_loss_qfl:0.2408| aux_loss_bbox:0.3135| aux_loss_dfl:0.1787| 
[NanoDet][06-21 05:08:50]INFO: Train|Epoch25/30|Iter17500(437/711)| mem:11.9G| lr:1.41e-04| loss_qfl:0.2945| loss_bbox:0.3824| loss_dfl:0.1976| aux_loss_qfl:0.2667| aux_loss_bbox:0.3519| aux_loss_dfl:0.1939| 
[NanoDet][06-21 05:09:23]INFO: Train|Epoch25/30|Iter17550(487/711)| mem:11.9G| lr:1.41e-04| loss_qfl:0.2770| loss_bbox:0.2798| loss_dfl:0.1646| aux_loss_qfl:0.2395| aux_loss_bbox:0.2579| aux_loss_dfl:0.1581| 
[NanoDet][06-21 05:09:56]INFO: Train|Epoch25/30|Iter17600(537/711)| mem:11.9G| lr:1.41e-04| loss_qfl:0.2928| loss_bbox:0.3452| loss_dfl:0.1793| aux_loss_qfl:0.2492| aux_loss_bbox:0.3028| aux_loss_dfl:0.1698| 
[NanoDet][06-21 05:10:30]INFO: Train|Epoch25/30|Iter17650(587/711)| mem:11.9G| lr:1.41e-04| loss_qfl:0.3519| loss_bbox:0.3164| loss_dfl:0.1878| aux_loss_qfl:0.3123| aux_loss_bbox:0.2876| aux_loss_dfl:0.1791| 
[NanoDet][06-21 05:11:03]INFO: Train|Epoch25/30|Iter17700(637/711)| mem:11.9G| lr:1.41e-04| loss_qfl:0.3261| loss_bbox:0.2855| loss_dfl:0.1785| aux_loss_qfl:0.3005| aux_loss_bbox:0.2717| aux_loss_dfl:0.1757| 
[NanoDet][06-21 05:11:36]INFO: Train|Epoch25/30|Iter17750(687/711)| mem:11.9G| lr:1.41e-04| loss_qfl:0.3003| loss_bbox:0.3350| loss_dfl:0.1916| aux_loss_qfl:0.2591| aux_loss_bbox:0.3063| aux_loss_dfl:0.1837| 
[NanoDet][06-21 05:12:13]INFO: Train|Epoch26/30|Iter17800(26/711)| mem:11.9G| lr:1.14e-04| loss_qfl:0.2648| loss_bbox:0.3455| loss_dfl:0.1829| aux_loss_qfl:0.2357| aux_loss_bbox:0.3205| aux_loss_dfl:0.1761| 
[NanoDet][06-21 05:12:46]INFO: Train|Epoch26/30|Iter17850(76/711)| mem:11.9G| lr:1.14e-04| loss_qfl:0.3463| loss_bbox:0.3502| loss_dfl:0.2053| aux_loss_qfl:0.3147| aux_loss_bbox:0.3157| aux_loss_dfl:0.1939| 
[NanoDet][06-21 05:13:19]INFO: Train|Epoch26/30|Iter17900(126/711)| mem:11.9G| lr:1.14e-04| loss_qfl:0.3189| loss_bbox:0.3494| loss_dfl:0.1942| aux_loss_qfl:0.2810| aux_loss_bbox:0.3072| aux_loss_dfl:0.1848| 
[NanoDet][06-21 05:13:52]INFO: Train|Epoch26/30|Iter17950(176/711)| mem:11.9G| lr:1.14e-04| loss_qfl:0.3060| loss_bbox:0.3135| loss_dfl:0.1823| aux_loss_qfl:0.2665| aux_loss_bbox:0.2875| aux_loss_dfl:0.1743| 
[NanoDet][06-21 05:14:26]INFO: Train|Epoch26/30|Iter18000(226/711)| mem:11.9G| lr:1.14e-04| loss_qfl:0.3230| loss_bbox:0.2858| loss_dfl:0.1653| aux_loss_qfl:0.2865| aux_loss_bbox:0.2563| aux_loss_dfl:0.1546| 
[NanoDet][06-21 05:14:59]INFO: Train|Epoch26/30|Iter18050(276/711)| mem:11.9G| lr:1.14e-04| loss_qfl:0.2736| loss_bbox:0.2613| loss_dfl:0.1769| aux_loss_qfl:0.2498| aux_loss_bbox:0.2398| aux_loss_dfl:0.1695| 
[NanoDet][06-21 05:15:32]INFO: Train|Epoch26/30|Iter18100(326/711)| mem:11.9G| lr:1.14e-04| loss_qfl:0.3506| loss_bbox:0.4039| loss_dfl:0.2105| aux_loss_qfl:0.3311| aux_loss_bbox:0.3810| aux_loss_dfl:0.1991| 
[NanoDet][06-21 05:16:05]INFO: Train|Epoch26/30|Iter18150(376/711)| mem:11.9G| lr:1.14e-04| loss_qfl:0.3125| loss_bbox:0.3779| loss_dfl:0.1904| aux_loss_qfl:0.2663| aux_loss_bbox:0.3571| aux_loss_dfl:0.1839| 
[NanoDet][06-21 05:16:38]INFO: Train|Epoch26/30|Iter18200(426/711)| mem:11.9G| lr:1.14e-04| loss_qfl:0.2771| loss_bbox:0.2844| loss_dfl:0.1619| aux_loss_qfl:0.2409| aux_loss_bbox:0.2650| aux_loss_dfl:0.1575| 
[NanoDet][06-21 05:17:09]INFO: Train|Epoch26/30|Iter18250(476/711)| mem:11.9G| lr:1.14e-04| loss_qfl:0.3134| loss_bbox:0.2375| loss_dfl:0.1624| aux_loss_qfl:0.2920| aux_loss_bbox:0.2232| aux_loss_dfl:0.1578| 
[NanoDet][06-21 05:17:41]INFO: Train|Epoch26/30|Iter18300(526/711)| mem:11.9G| lr:1.14e-04| loss_qfl:0.2852| loss_bbox:0.3180| loss_dfl:0.1750| aux_loss_qfl:0.2624| aux_loss_bbox:0.2872| aux_loss_dfl:0.1640| 
[NanoDet][06-21 05:18:10]INFO: Train|Epoch26/30|Iter18350(576/711)| mem:11.9G| lr:1.14e-04| loss_qfl:0.3024| loss_bbox:0.3947| loss_dfl:0.2195| aux_loss_qfl:0.2722| aux_loss_bbox:0.3539| aux_loss_dfl:0.2089| 
[NanoDet][06-21 05:18:40]INFO: Train|Epoch26/30|Iter18400(626/711)| mem:11.9G| lr:1.14e-04| loss_qfl:0.3024| loss_bbox:0.3531| loss_dfl:0.1895| aux_loss_qfl:0.2649| aux_loss_bbox:0.3131| aux_loss_dfl:0.1819| 
[NanoDet][06-21 05:19:12]INFO: Train|Epoch26/30|Iter18450(676/711)| mem:11.9G| lr:1.14e-04| loss_qfl:0.3092| loss_bbox:0.3522| loss_dfl:0.1785| aux_loss_qfl:0.2708| aux_loss_bbox:0.3185| aux_loss_dfl:0.1675| 
[NanoDet][06-21 05:19:50]INFO: Train|Epoch27/30|Iter18500(15/711)| mem:11.9G| lr:9.11e-05| loss_qfl:0.2715| loss_bbox:0.3085| loss_dfl:0.1778| aux_loss_qfl:0.2299| aux_loss_bbox:0.2799| aux_loss_dfl:0.1664| 
[NanoDet][06-21 05:20:23]INFO: Train|Epoch27/30|Iter18550(65/711)| mem:11.9G| lr:9.11e-05| loss_qfl:0.2942| loss_bbox:0.3246| loss_dfl:0.1848| aux_loss_qfl:0.2585| aux_loss_bbox:0.3037| aux_loss_dfl:0.1745| 
[NanoDet][06-21 05:20:56]INFO: Train|Epoch27/30|Iter18600(115/711)| mem:11.9G| lr:9.11e-05| loss_qfl:0.2894| loss_bbox:0.3858| loss_dfl:0.2031| aux_loss_qfl:0.2544| aux_loss_bbox:0.3535| aux_loss_dfl:0.1918| 
[NanoDet][06-21 05:21:29]INFO: Train|Epoch27/30|Iter18650(165/711)| mem:11.9G| lr:9.11e-05| loss_qfl:0.3240| loss_bbox:0.2770| loss_dfl:0.1737| aux_loss_qfl:0.2792| aux_loss_bbox:0.2670| aux_loss_dfl:0.1701| 
[NanoDet][06-21 05:22:03]INFO: Train|Epoch27/30|Iter18700(215/711)| mem:11.9G| lr:9.11e-05| loss_qfl:0.2536| loss_bbox:0.3130| loss_dfl:0.1836| aux_loss_qfl:0.2238| aux_loss_bbox:0.2800| aux_loss_dfl:0.1749| 
[NanoDet][06-21 05:22:36]INFO: Train|Epoch27/30|Iter18750(265/711)| mem:11.9G| lr:9.11e-05| loss_qfl:0.3037| loss_bbox:0.3262| loss_dfl:0.1784| aux_loss_qfl:0.2710| aux_loss_bbox:0.3030| aux_loss_dfl:0.1704| 
[NanoDet][06-21 05:23:09]INFO: Train|Epoch27/30|Iter18800(315/711)| mem:11.9G| lr:9.11e-05| loss_qfl:0.2747| loss_bbox:0.3754| loss_dfl:0.1817| aux_loss_qfl:0.2527| aux_loss_bbox:0.3500| aux_loss_dfl:0.1764| 
[NanoDet][06-21 05:23:42]INFO: Train|Epoch27/30|Iter18850(365/711)| mem:11.9G| lr:9.11e-05| loss_qfl:0.3055| loss_bbox:0.3642| loss_dfl:0.1920| aux_loss_qfl:0.2790| aux_loss_bbox:0.3157| aux_loss_dfl:0.1781| 
[NanoDet][06-21 05:24:14]INFO: Train|Epoch27/30|Iter18900(415/711)| mem:11.9G| lr:9.11e-05| loss_qfl:0.3338| loss_bbox:0.3600| loss_dfl:0.1905| aux_loss_qfl:0.3161| aux_loss_bbox:0.3334| aux_loss_dfl:0.1831| 
[NanoDet][06-21 05:24:48]INFO: Train|Epoch27/30|Iter18950(465/711)| mem:11.9G| lr:9.11e-05| loss_qfl:0.3391| loss_bbox:0.3188| loss_dfl:0.1828| aux_loss_qfl:0.2954| aux_loss_bbox:0.2934| aux_loss_dfl:0.1752| 
[NanoDet][06-21 05:25:21]INFO: Train|Epoch27/30|Iter19000(515/711)| mem:11.9G| lr:9.11e-05| loss_qfl:0.3236| loss_bbox:0.3440| loss_dfl:0.1786| aux_loss_qfl:0.3039| aux_loss_bbox:0.3077| aux_loss_dfl:0.1684| 
[NanoDet][06-21 05:25:54]INFO: Train|Epoch27/30|Iter19050(565/711)| mem:11.9G| lr:9.11e-05| loss_qfl:0.3159| loss_bbox:0.3696| loss_dfl:0.1910| aux_loss_qfl:0.2789| aux_loss_bbox:0.3243| aux_loss_dfl:0.1763| 
[NanoDet][06-21 05:26:27]INFO: Train|Epoch27/30|Iter19100(615/711)| mem:11.9G| lr:9.11e-05| loss_qfl:0.2517| loss_bbox:0.3113| loss_dfl:0.1701| aux_loss_qfl:0.2222| aux_loss_bbox:0.2750| aux_loss_dfl:0.1595| 
[NanoDet][06-21 05:27:00]INFO: Train|Epoch27/30|Iter19150(665/711)| mem:11.9G| lr:9.11e-05| loss_qfl:0.3012| loss_bbox:0.2631| loss_dfl:0.1597| aux_loss_qfl:0.2656| aux_loss_bbox:0.2443| aux_loss_dfl:0.1546| 
[NanoDet][06-21 05:27:38]INFO: Train|Epoch28/30|Iter19200(4/711)| mem:11.9G| lr:7.32e-05| loss_qfl:0.2675| loss_bbox:0.3689| loss_dfl:0.1892| aux_loss_qfl:0.2333| aux_loss_bbox:0.3451| aux_loss_dfl:0.1819| 
[NanoDet][06-21 05:28:09]INFO: Train|Epoch28/30|Iter19250(54/711)| mem:11.9G| lr:7.32e-05| loss_qfl:0.3735| loss_bbox:0.3156| loss_dfl:0.1879| aux_loss_qfl:0.3499| aux_loss_bbox:0.2845| aux_loss_dfl:0.1789| 
[NanoDet][06-21 05:28:40]INFO: Train|Epoch28/30|Iter19300(104/711)| mem:11.9G| lr:7.32e-05| loss_qfl:0.2705| loss_bbox:0.2509| loss_dfl:0.1629| aux_loss_qfl:0.2406| aux_loss_bbox:0.2368| aux_loss_dfl:0.1576| 
[NanoDet][06-21 05:29:09]INFO: Train|Epoch28/30|Iter19350(154/711)| mem:11.9G| lr:7.32e-05| loss_qfl:0.2836| loss_bbox:0.3637| loss_dfl:0.1956| aux_loss_qfl:0.2690| aux_loss_bbox:0.3289| aux_loss_dfl:0.1836| 
[NanoDet][06-21 05:29:40]INFO: Train|Epoch28/30|Iter19400(204/711)| mem:11.9G| lr:7.32e-05| loss_qfl:0.3388| loss_bbox:0.3916| loss_dfl:0.1984| aux_loss_qfl:0.3181| aux_loss_bbox:0.3555| aux_loss_dfl:0.1885| 
[NanoDet][06-21 05:30:12]INFO: Train|Epoch28/30|Iter19450(254/711)| mem:11.9G| lr:7.32e-05| loss_qfl:0.2842| loss_bbox:0.3366| loss_dfl:0.1969| aux_loss_qfl:0.2434| aux_loss_bbox:0.3160| aux_loss_dfl:0.1900| 
[NanoDet][06-21 05:30:46]INFO: Train|Epoch28/30|Iter19500(304/711)| mem:11.9G| lr:7.32e-05| loss_qfl:0.3439| loss_bbox:0.3626| loss_dfl:0.1894| aux_loss_qfl:0.3296| aux_loss_bbox:0.3244| aux_loss_dfl:0.1782| 
[NanoDet][06-21 05:31:19]INFO: Train|Epoch28/30|Iter19550(354/711)| mem:11.9G| lr:7.32e-05| loss_qfl:0.2601| loss_bbox:0.2940| loss_dfl:0.1742| aux_loss_qfl:0.2242| aux_loss_bbox:0.2736| aux_loss_dfl:0.1688| 
[NanoDet][06-21 05:31:52]INFO: Train|Epoch28/30|Iter19600(404/711)| mem:11.9G| lr:7.32e-05| loss_qfl:0.2702| loss_bbox:0.3232| loss_dfl:0.1790| aux_loss_qfl:0.2275| aux_loss_bbox:0.3005| aux_loss_dfl:0.1706| 
[NanoDet][06-21 05:32:26]INFO: Train|Epoch28/30|Iter19650(454/711)| mem:11.9G| lr:7.32e-05| loss_qfl:0.2658| loss_bbox:0.3186| loss_dfl:0.1758| aux_loss_qfl:0.2256| aux_loss_bbox:0.2921| aux_loss_dfl:0.1691| 
[NanoDet][06-21 05:32:59]INFO: Train|Epoch28/30|Iter19700(504/711)| mem:11.9G| lr:7.32e-05| loss_qfl:0.3109| loss_bbox:0.3850| loss_dfl:0.1920| aux_loss_qfl:0.2722| aux_loss_bbox:0.3585| aux_loss_dfl:0.1831| 
[NanoDet][06-21 05:33:31]INFO: Train|Epoch28/30|Iter19750(554/711)| mem:11.9G| lr:7.32e-05| loss_qfl:0.2579| loss_bbox:0.4194| loss_dfl:0.1921| aux_loss_qfl:0.2229| aux_loss_bbox:0.3945| aux_loss_dfl:0.1855| 
[NanoDet][06-21 05:34:04]INFO: Train|Epoch28/30|Iter19800(604/711)| mem:11.9G| lr:7.32e-05| loss_qfl:0.2730| loss_bbox:0.3176| loss_dfl:0.1879| aux_loss_qfl:0.2397| aux_loss_bbox:0.2833| aux_loss_dfl:0.1737| 
[NanoDet][06-21 05:34:38]INFO: Train|Epoch28/30|Iter19850(654/711)| mem:11.9G| lr:7.32e-05| loss_qfl:0.2399| loss_bbox:0.3736| loss_dfl:0.2000| aux_loss_qfl:0.2184| aux_loss_bbox:0.3451| aux_loss_dfl:0.1986| 
[NanoDet][06-21 05:35:09]INFO: Train|Epoch28/30|Iter19900(704/711)| mem:11.9G| lr:7.32e-05| loss_qfl:0.2976| loss_bbox:0.3412| loss_dfl:0.1827| aux_loss_qfl:0.2534| aux_loss_bbox:0.3158| aux_loss_dfl:0.1750| 
[NanoDet][06-21 05:35:47]INFO: Train|Epoch29/30|Iter19950(43/711)| mem:11.9G| lr:6.04e-05| loss_qfl:0.3602| loss_bbox:0.3399| loss_dfl:0.1918| aux_loss_qfl:0.3219| aux_loss_bbox:0.3100| aux_loss_dfl:0.1824| 
[NanoDet][06-21 05:36:21]INFO: Train|Epoch29/30|Iter20000(93/711)| mem:11.9G| lr:6.04e-05| loss_qfl:0.3076| loss_bbox:0.3430| loss_dfl:0.1864| aux_loss_qfl:0.2736| aux_loss_bbox:0.2975| aux_loss_dfl:0.1741| 
[NanoDet][06-21 05:36:53]INFO: Train|Epoch29/30|Iter20050(143/711)| mem:11.9G| lr:6.04e-05| loss_qfl:0.3012| loss_bbox:0.3251| loss_dfl:0.1864| aux_loss_qfl:0.2625| aux_loss_bbox:0.3018| aux_loss_dfl:0.1780| 
[NanoDet][06-21 05:37:27]INFO: Train|Epoch29/30|Iter20100(193/711)| mem:11.9G| lr:6.04e-05| loss_qfl:0.2926| loss_bbox:0.3115| loss_dfl:0.1616| aux_loss_qfl:0.2457| aux_loss_bbox:0.2777| aux_loss_dfl:0.1549| 
[NanoDet][06-21 05:38:00]INFO: Train|Epoch29/30|Iter20150(243/711)| mem:11.9G| lr:6.04e-05| loss_qfl:0.3649| loss_bbox:0.3995| loss_dfl:0.2089| aux_loss_qfl:0.3465| aux_loss_bbox:0.3606| aux_loss_dfl:0.1971| 
[NanoDet][06-21 05:38:33]INFO: Train|Epoch29/30|Iter20200(293/711)| mem:11.9G| lr:6.04e-05| loss_qfl:0.2721| loss_bbox:0.3723| loss_dfl:0.1908| aux_loss_qfl:0.2535| aux_loss_bbox:0.3441| aux_loss_dfl:0.1822| 
[NanoDet][06-21 05:39:04]INFO: Train|Epoch29/30|Iter20250(343/711)| mem:11.9G| lr:6.04e-05| loss_qfl:0.2625| loss_bbox:0.3479| loss_dfl:0.1831| aux_loss_qfl:0.2389| aux_loss_bbox:0.3090| aux_loss_dfl:0.1730| 
[NanoDet][06-21 05:39:37]INFO: Train|Epoch29/30|Iter20300(393/711)| mem:11.9G| lr:6.04e-05| loss_qfl:0.3177| loss_bbox:0.3497| loss_dfl:0.1848| aux_loss_qfl:0.2901| aux_loss_bbox:0.3222| aux_loss_dfl:0.1774| 
[NanoDet][06-21 05:40:08]INFO: Train|Epoch29/30|Iter20350(443/711)| mem:11.9G| lr:6.04e-05| loss_qfl:0.3088| loss_bbox:0.2756| loss_dfl:0.1733| aux_loss_qfl:0.2666| aux_loss_bbox:0.2466| aux_loss_dfl:0.1627| 
[NanoDet][06-21 05:40:39]INFO: Train|Epoch29/30|Iter20400(493/711)| mem:11.9G| lr:6.04e-05| loss_qfl:0.2840| loss_bbox:0.2848| loss_dfl:0.1710| aux_loss_qfl:0.2513| aux_loss_bbox:0.2619| aux_loss_dfl:0.1659| 
[NanoDet][06-21 05:41:10]INFO: Train|Epoch29/30|Iter20450(543/711)| mem:11.9G| lr:6.04e-05| loss_qfl:0.2697| loss_bbox:0.3634| loss_dfl:0.1720| aux_loss_qfl:0.2302| aux_loss_bbox:0.3211| aux_loss_dfl:0.1605| 
[NanoDet][06-21 05:41:43]INFO: Train|Epoch29/30|Iter20500(593/711)| mem:11.9G| lr:6.04e-05| loss_qfl:0.3224| loss_bbox:0.3372| loss_dfl:0.1882| aux_loss_qfl:0.2987| aux_loss_bbox:0.3117| aux_loss_dfl:0.1816| 
[NanoDet][06-21 05:42:16]INFO: Train|Epoch29/30|Iter20550(643/711)| mem:11.9G| lr:6.04e-05| loss_qfl:0.2947| loss_bbox:0.3905| loss_dfl:0.2051| aux_loss_qfl:0.2719| aux_loss_bbox:0.3564| aux_loss_dfl:0.1911| 
[NanoDet][06-21 05:42:49]INFO: Train|Epoch29/30|Iter20600(693/711)| mem:11.9G| lr:6.04e-05| loss_qfl:0.2701| loss_bbox:0.3069| loss_dfl:0.1798| aux_loss_qfl:0.2288| aux_loss_bbox:0.2883| aux_loss_dfl:0.1728| 
[NanoDet][06-21 05:43:26]INFO: Train|Epoch30/30|Iter20650(32/711)| mem:11.9G| lr:5.26e-05| loss_qfl:0.3156| loss_bbox:0.3558| loss_dfl:0.1985| aux_loss_qfl:0.2737| aux_loss_bbox:0.3305| aux_loss_dfl:0.1878| 
[NanoDet][06-21 05:43:59]INFO: Train|Epoch30/30|Iter20700(82/711)| mem:11.9G| lr:5.26e-05| loss_qfl:0.2976| loss_bbox:0.3340| loss_dfl:0.1794| aux_loss_qfl:0.2643| aux_loss_bbox:0.3019| aux_loss_dfl:0.1697| 
[NanoDet][06-21 05:44:33]INFO: Train|Epoch30/30|Iter20750(132/711)| mem:11.9G| lr:5.26e-05| loss_qfl:0.3066| loss_bbox:0.2841| loss_dfl:0.1770| aux_loss_qfl:0.2699| aux_loss_bbox:0.2547| aux_loss_dfl:0.1697| 
[NanoDet][06-21 05:45:06]INFO: Train|Epoch30/30|Iter20800(182/711)| mem:11.9G| lr:5.26e-05| loss_qfl:0.3199| loss_bbox:0.3267| loss_dfl:0.1851| aux_loss_qfl:0.2752| aux_loss_bbox:0.2990| aux_loss_dfl:0.1733| 
[NanoDet][06-21 05:45:40]INFO: Train|Epoch30/30|Iter20850(232/711)| mem:11.9G| lr:5.26e-05| loss_qfl:0.3106| loss_bbox:0.3184| loss_dfl:0.1794| aux_loss_qfl:0.2786| aux_loss_bbox:0.2843| aux_loss_dfl:0.1705| 
[NanoDet][06-21 05:46:13]INFO: Train|Epoch30/30|Iter20900(282/711)| mem:11.9G| lr:5.26e-05| loss_qfl:0.2854| loss_bbox:0.3406| loss_dfl:0.1881| aux_loss_qfl:0.2580| aux_loss_bbox:0.3015| aux_loss_dfl:0.1732| 
[NanoDet][06-21 05:46:45]INFO: Train|Epoch30/30|Iter20950(332/711)| mem:11.9G| lr:5.26e-05| loss_qfl:0.3038| loss_bbox:0.3684| loss_dfl:0.1914| aux_loss_qfl:0.2645| aux_loss_bbox:0.3467| aux_loss_dfl:0.1836| 
[NanoDet][06-21 05:47:18]INFO: Train|Epoch30/30|Iter21000(382/711)| mem:11.9G| lr:5.26e-05| loss_qfl:0.3380| loss_bbox:0.3542| loss_dfl:0.1834| aux_loss_qfl:0.3090| aux_loss_bbox:0.3192| aux_loss_dfl:0.1764| 
[NanoDet][06-21 05:47:51]INFO: Train|Epoch30/30|Iter21050(432/711)| mem:11.9G| lr:5.26e-05| loss_qfl:0.3055| loss_bbox:0.2896| loss_dfl:0.1692| aux_loss_qfl:0.2686| aux_loss_bbox:0.2655| aux_loss_dfl:0.1622| 
[NanoDet][06-21 05:48:24]INFO: Train|Epoch30/30|Iter21100(482/711)| mem:11.9G| lr:5.26e-05| loss_qfl:0.2697| loss_bbox:0.3347| loss_dfl:0.1887| aux_loss_qfl:0.2383| aux_loss_bbox:0.3068| aux_loss_dfl:0.1778| 
[NanoDet][06-21 05:48:58]INFO: Train|Epoch30/30|Iter21150(532/711)| mem:11.9G| lr:5.26e-05| loss_qfl:0.2564| loss_bbox:0.3545| loss_dfl:0.1889| aux_loss_qfl:0.2328| aux_loss_bbox:0.3137| aux_loss_dfl:0.1782| 
[NanoDet][06-21 05:49:31]INFO: Train|Epoch30/30|Iter21200(582/711)| mem:11.9G| lr:5.26e-05| loss_qfl:0.3200| loss_bbox:0.3716| loss_dfl:0.1935| aux_loss_qfl:0.2860| aux_loss_bbox:0.3468| aux_loss_dfl:0.1874| 
[NanoDet][06-21 05:50:04]INFO: Train|Epoch30/30|Iter21250(632/711)| mem:11.9G| lr:5.26e-05| loss_qfl:0.2384| loss_bbox:0.3391| loss_dfl:0.1887| aux_loss_qfl:0.2121| aux_loss_bbox:0.3076| aux_loss_dfl:0.1783| 
[NanoDet][06-21 05:50:35]INFO: Train|Epoch30/30|Iter21300(682/711)| mem:11.9G| lr:5.26e-05| loss_qfl:0.2661| loss_bbox:0.3782| loss_dfl:0.2023| aux_loss_qfl:0.2495| aux_loss_bbox:0.3290| aux_loss_dfl:0.1892| 
[NanoDet][06-21 05:50:56]INFO: Val|Epoch30/30|Iter21330(1/70)| mem:11.9G| lr:5.00e-05| loss_qfl:0.3082| loss_bbox:0.3673| loss_dfl:0.2129| aux_loss_qfl:0.2641| aux_loss_bbox:0.3356| aux_loss_dfl:0.2000| 
[NanoDet][06-21 05:51:19]INFO: Val|Epoch30/30|Iter21330(51/70)| mem:11.9G| lr:5.00e-05| loss_qfl:0.3219| loss_bbox:0.2971| loss_dfl:0.1919| aux_loss_qfl:0.2871| aux_loss_bbox:0.2691| aux_loss_dfl:0.1836| 
[NanoDet][06-21 05:52:03]INFO: 
 Average Precision  (AP) @[ IoU=0.50:0.95 | area=   all | maxDets=100 ] = 0.459
 Average Precision  (AP) @[ IoU=0.50      | area=   all | maxDets=100 ] = 0.679
 Average Precision  (AP) @[ IoU=0.75      | area=   all | maxDets=100 ] = 0.496
 Average Precision  (AP) @[ IoU=0.50:0.95 | area= small | maxDets=100 ] = 0.009
 Average Precision  (AP) @[ IoU=0.50:0.95 | area=medium | maxDets=100 ] = 0.080
 Average Precision  (AP) @[ IoU=0.50:0.95 | area= large | maxDets=100 ] = 0.535
 Average Recall     (AR) @[ IoU=0.50:0.95 | area=   all | maxDets=  1 ] = 0.427
 Average Recall     (AR) @[ IoU=0.50:0.95 | area=   all | maxDets= 10 ] = 0.559
 Average Recall     (AR) @[ IoU=0.50:0.95 | area=   all | maxDets=100 ] = 0.595
 Average Recall     (AR) @[ IoU=0.50:0.95 | area= small | maxDets=100 ] = 0.021
 Average Recall     (AR) @[ IoU=0.50:0.95 | area=medium | maxDets=100 ] = 0.284
 Average Recall     (AR) @[ IoU=0.50:0.95 | area= large | maxDets=100 ] = 0.687

[NanoDet][06-21 05:52:03]INFO: 
| class        | AP50   | mAP   | class    | AP50   | mAP   |
|:-------------|:-------|:------|:---------|:-------|:------|
| bird         | 57.2   | 34.1  | squirrel | 80.6   | 58.0  |
| cat          | 84.7   | 62.3  | person   | 37.9   | 18.7  |
| other_animal | 78.9   | 56.4  |          |        |       |
[NanoDet][06-21 05:52:04]INFO: Saving model to outputs/detect/feeder_320/model_best/nanodet_model_best.pth
[NanoDet][06-21 05:52:05]INFO: Val_metrics: {'mAP': 0.45913284299496954, 'AP_50': 0.6785968317092633, 'AP_75': 0.4955441794827297, 'AP_small': 0.009121711324152144, 'AP_m': 0.08022078089506786, 'AP_l': 0.5352580110722717}
